Start testing: Dec 12 06:04 CET
----------------------------------------------------------
1/5 Testing: UnitaryTest.MeshTest
1/5 Test: UnitaryTest.MeshTest
Command: "/Users/zhaoyutainazir/Prog Objet Oriente/build/test_exe" "--gtest_filter=UnitaryTest.MeshTest" "--gtest_also_run_disabled_tests"
Directory: /Users/zhaoyutainazir/Prog Objet Oriente/build
"UnitaryTest.MeshTest" start time: Dec 12 06:04 CET
Output:
----------------------------------------------------------
Running main() from /Users/zhaoyutainazir/googletest/googletest/src/gtest_main.cc
Note: Google Test filter = UnitaryTest.MeshTest
[==========] Running 1 test from 1 test suite.
[----------] Global test environment set-up.
[----------] 1 test from UnitaryTest
[ RUN      ] UnitaryTest.MeshTest
[       OK ] UnitaryTest.MeshTest (0 ms)
[----------] 1 test from UnitaryTest (0 ms total)

[----------] Global test environment tear-down
[==========] 1 test from 1 test suite ran. (0 ms total)
[  PASSED  ] 1 test.
<end of output>
Test time =   0.01 sec
----------------------------------------------------------
Test Passed.
"UnitaryTest.MeshTest" end time: Dec 12 06:04 CET
"UnitaryTest.MeshTest" time elapsed: 00:00:00
----------------------------------------------------------

2/5 Testing: UnitaryTest.ProblemTest
2/5 Test: UnitaryTest.ProblemTest
Command: "/Users/zhaoyutainazir/Prog Objet Oriente/build/test_exe" "--gtest_filter=UnitaryTest.ProblemTest" "--gtest_also_run_disabled_tests"
Directory: /Users/zhaoyutainazir/Prog Objet Oriente/build
"UnitaryTest.ProblemTest" start time: Dec 12 06:04 CET
Output:
----------------------------------------------------------
Running main() from /Users/zhaoyutainazir/googletest/googletest/src/gtest_main.cc
Note: Google Test filter = UnitaryTest.ProblemTest
[==========] Running 1 test from 1 test suite.
[----------] Global test environment set-up.
[----------] 1 test from UnitaryTest
[ RUN      ] UnitaryTest.ProblemTest
--- Solve problem ---
--- compute equation at time : 0 ---
ordre_1
1.48672e-06
2.43896e-06
3.9613e-06
6.36983e-06
1.01409e-05
1.59837e-05
2.49425e-05
3.85352e-05
5.89431e-05
8.92617e-05
0.00013383
0.000198655
0.000291947
0.000424781
0.000611902
0.000872683
0.00123222
0.00172257
0.00238409
0.00326682
0.00443185
0.00595254
0.00791545
0.0104209
0.013583
0.0175283
0.0223945
0.028327
0.0354746
0.0439836
0.053991
0.0656158
0.0789502
0.0940491
0.110921
0.129518
0.149727
0.171369
0.194186
0.217852
0.241971
0.266085
0.289692
0.312254
0.333225
0.352065
0.36827
0.381388
0.391043
0.396953
0.398942
0.396953
0.391043
0.381388
0.36827
0.352065
0.333225
0.312254
0.289692
0.266085
0.241971
0.217852
0.194186
0.171369
0.149727
0.129518
0.110921
0.094049
0.0789501
0.0656158
0.053991
0.0439836
0.0354746
0.028327
0.0223945
0.0175283
0.013583
0.0104209
0.00791545
0.00595253
0.00443185
0.00326682
0.00238409
0.00172257
0.00123222
0.000872683
0.000611901
0.000424781
0.000291947
0.000198655
0.00013383
8.92615e-05
5.89431e-05
3.85352e-05
2.49424e-05
1.59837e-05
1.01408e-05
6.36983e-06
3.9613e-06
2.43895e-06
1.48672e-06
ordre_2
1.48672e-06
2.43896e-06
3.9613e-06
6.36983e-06
1.01409e-05
1.59837e-05
2.49425e-05
3.85352e-05
5.89431e-05
8.92617e-05
0.00013383
0.000198655
0.000291947
0.000424781
0.000611902
0.000872683
0.00123222
0.00172257
0.00238409
0.00326682
0.00443185
0.00595254
0.00791545
0.0104209
0.013583
0.0175283
0.0223945
0.028327
0.0354746
0.0439836
0.053991
0.0656158
0.0789502
0.0940491
0.110921
0.129518
0.149727
0.171369
0.194186
0.217852
0.241971
0.266085
0.289692
0.312254
0.333225
0.352065
0.36827
0.381388
0.391043
0.396953
0.398942
0.396953
0.391043
0.381388
0.36827
0.352065
0.333225
0.312254
0.289692
0.266085
0.241971
0.217852
0.194186
0.171369
0.149727
0.129518
0.110921
0.094049
0.0789501
0.0656158
0.053991
0.0439836
0.0354746
0.028327
0.0223945
0.0175283
0.013583
0.0104209
0.00791545
0.00595253
0.00443185
0.00326682
0.00238409
0.00172257
0.00123222
0.000872683
0.000611901
0.000424781
0.000291947
0.000198655
0.00013383
8.92615e-05
5.89431e-05
3.85352e-05
2.49424e-05
1.59837e-05
1.01408e-05
6.36983e-06
3.9613e-06
2.43895e-06
1.48672e-06
--- compute equation at time : 0.1 ---
ordre_1
7.4336e-07
1.96284e-06
3.20013e-06
5.16556e-06
8.25534e-06
1.30623e-05
2.04631e-05
3.17388e-05
4.87391e-05
7.41024e-05
0.000111546
0.000166243
0.000245301
0.000358364
0.000518341
0.000742292
0.00105245
0.00147739
0.00205333
0.00282545
0.00384933
0.00519219
0.00693399
0.00916819
0.012002
0.0155556
0.0199614
0.0253608
0.0319008
0.0397291
0.0489873
0.0598034
0.072283
0.0864996
0.102485
0.120219
0.139623
0.160548
0.182777
0.206019
0.229911
0.254028
0.277888
0.300973
0.322739
0.342645
0.360168
0.374829
0.386215
0.393998
0.397947
0.397947
0.393998
0.386215
0.374829
0.360168
0.342645
0.322739
0.300973
0.277888
0.254028
0.229911
0.206019
0.182777
0.160548
0.139623
0.120219
0.102485
0.0864996
0.072283
0.0598034
0.0489873
0.0397291
0.0319008
0.0253608
0.0199614
0.0155556
0.012002
0.00916819
0.00693399
0.00519219
0.00384933
0.00282545
0.00205333
0.00147739
0.00105245
0.000742292
0.000518341
0.000358364
0.000245301
0.000166243
0.000111546
7.41023e-05
4.87391e-05
3.17388e-05
2.04631e-05
1.30623e-05
8.25533e-06
5.16556e-06
3.20012e-06
1.96284e-06
ordre_2
8.1017e-07
1.89158e-06
3.08935e-06
4.99525e-06
7.99636e-06
1.26728e-05
1.98839e-05
3.08869e-05
4.75003e-05
7.23212e-05
0.000109014
0.000162685
0.000240358
0.000351578
0.000509134
0.000729948
0.0010361
0.001456
0.00202568
0.00279017
0.00380488
0.00513691
0.00686617
0.00908612
0.011904
0.0154405
0.0198281
0.0252089
0.0317306
0.0395418
0.0487851
0.0595897
0.0720624
0.086278
0.102269
0.120018
0.139444
0.160401
0.182671
0.205963
0.229912
0.254092
0.278019
0.301172
0.323006
0.342974
0.360554
0.375262
0.386683
0.394488
0.398445
0.398437
0.394466
0.386648
0.375215
0.360497
0.342911
0.322938
0.301103
0.277952
0.254028
0.229855
0.205913
0.18263
0.160369
0.139421
0.120004
0.102263
0.086279
0.0720693
0.0596012
0.0488
0.0395589
0.0317489
0.0252275
0.0198463
0.0154577
0.0119199
0.00910037
0.00687871
0.00514773
0.00381404
0.0027978
0.00203193
0.00146104
0.00104011
0.000733084
0.000511555
0.000353421
0.000241743
0.000163711
0.000109765
7.28635e-05
4.78872e-05
3.11595e-05
2.00736e-05
1.28033e-05
8.08502e-06
5.05479e-06
3.12886e-06
2.02965e-06
--- compute equation at time : 0.2 ---
ordre_1
3.7168e-07
1.3531e-06
2.58148e-06
4.18285e-06
6.71045e-06
1.06588e-05
1.67627e-05
2.6101e-05
4.0239e-05
6.14208e-05
9.28242e-05
0.000138894
0.000205772
0.000301833
0.000438353
0.000630317
0.000897372
0.00126492
0.00176536
0.00243939
0.00333739
0.00452076
0.00606309
0.00805109
0.0105851
0.0137788
0.0177585
0.0226611
0.0286308
0.035815
0.0443582
0.0543953
0.0660432
0.0793913
0.0944923
0.111352
0.129921
0.150085
0.171663
0.194398
0.217965
0.24197
0.265958
0.289431
0.311856
0.332692
0.351406
0.367498
0.380522
0.390106
0.395973
0.397947
0.395973
0.390106
0.380522
0.367498
0.351406
0.332692
0.311856
0.289431
0.265958
0.24197
0.217965
0.194398
0.171663
0.150085
0.129921
0.111352
0.0944923
0.0793913
0.0660432
0.0543953
0.0443582
0.0358149
0.0286308
0.0226611
0.0177585
0.0137788
0.0105851
0.00805109
0.00606309
0.00452076
0.00333739
0.00243939
0.00176536
0.00126492
0.000897371
0.000630316
0.000438352
0.000301832
0.000205772
0.000138894
9.28241e-05
6.14207e-05
4.0239e-05
2.61009e-05
1.67627e-05
1.06588e-05
6.71045e-06
4.18284e-06
2.58148e-06
ordre_2
3.7118e-07
1.33633e-06
2.40195e-06
3.9054e-06
6.28639e-06
1.00178e-05
1.58043e-05
2.46841e-05
3.81677e-05
5.84268e-05
8.85453e-05
0.000132849
0.000197328
0.000290176
0.000422449
0.000608874
0.000868805
0.00122733
0.00171649
0.00237665
0.00325786
0.00442124
0.00594021
0.0079014
0.0104053
0.0135659
0.0175102
0.0223759
0.0283086
0.0354572
0.0439683
0.0539789
0.0656082
0.0789483
0.0940541
0.110934
0.129539
0.149758
0.171409
0.194235
0.217909
0.242033
0.266152
0.28976
0.312322
0.333289
0.352123
0.368319
0.381425
0.391066
0.396962
0.398937
0.396932
0.391009
0.381342
0.368215
0.352003
0.333157
0.312185
0.289624
0.266021
0.241913
0.217802
0.194144
0.171336
0.149704
0.129503
0.110914
0.0940493
0.0789564
0.0656269
0.0540056
0.0440006
0.0354928
0.0283457
0.0224128
0.0175457
0.013599
0.0104354
0.0079282
0.00596356
0.00444121
0.00327463
0.0023905
0.00172774
0.00123633
0.000875908
0.000614395
0.000426681
0.000293376
0.000199716
0.000134607
8.98234e-05
5.93443e-05
3.88182e-05
2.51396e-05
1.61194e-05
1.02332e-05
6.43187e-06
3.98849e-06
2.69556e-06
--- compute equation at time : 0.3 ---
ordre_1
1.8584e-07
8.6239e-07
1.96729e-06
3.38216e-06
5.44665e-06
8.68464e-06
1.37108e-05
2.14318e-05
3.317e-05
5.08299e-05
7.71225e-05
0.000115859
0.000172333
0.000253802
0.000370093
0.000534335
0.000763844
0.00108115
0.00151514
0.00210238
0.00288839
0.00392908
0.00529193
0.00705709
0.00931808
0.0121819
0.0157687
0.0202098
0.025646
0.0322229
0.0400866
0.0493768
0.0602193
0.0727172
0.0869418
0.102922
0.120636
0.140003
0.160874
0.18303
0.206182
0.229968
0.253964
0.277694
0.300643
0.322274
0.342049
0.359452
0.37401
0.385314
0.393039
0.39696
0.39696
0.393039
0.385314
0.37401
0.359452
0.342049
0.322274
0.300643
0.277694
0.253964
0.229968
0.206182
0.18303
0.160874
0.140003
0.120636
0.102922
0.0869418
0.0727172
0.0602193
0.0493768
0.0400866
0.0322229
0.0256459
0.0202098
0.0157687
0.0121819
0.00931808
0.00705709
0.00529192
0.00392908
0.00288839
0.00210238
0.00151514
0.00108115
0.000763844
0.000534334
0.000370092
0.000253802
0.000172333
0.000115859
7.71224e-05
5.08298e-05
3.31699e-05
2.14318e-05
1.37107e-05
8.68463e-06
5.44665e-06
3.38216e-06
ordre_2
1.11344e-07
8.41195e-07
1.81441e-06
3.04398e-06
4.9271e-06
7.89518e-06
1.25244e-05
1.96687e-05
3.0579e-05
4.70648e-05
7.17129e-05
0.000108175
0.000161543
0.000238824
0.000349543
0.000506473
0.000726516
0.00103174
0.00145053
0.00201893
0.00278198
0.0037951
0.00512545
0.00685297
0.00907124
0.0118876
0.0154229
0.0198097
0.0251903
0.0317126
0.0395253
0.0487712
0.0595797
0.0720575
0.0862794
0.102278
0.120035
0.13947
0.160436
0.182716
0.206015
0.229972
0.254156
0.278087
0.30124
0.323072
0.343036
0.360607
0.375305
0.386714
0.394504
0.398447
0.398424
0.394439
0.386608
0.375164
0.360438
0.342846
0.32287
0.301035
0.277886
0.253967
0.2298
0.205867
0.182593
0.160341
0.139402
0.119993
0.10226
0.0862825
0.0720781
0.0596142
0.0488159
0.0395766
0.0317675
0.025246
0.0198642
0.0154745
0.0119351
0.00911398
0.0068906
0.00515791
0.00382261
0.00280489
0.0020377
0.00146566
0.00104376
0.000735927
0.000513737
0.000355073
0.000242977
0.000164621
0.000110427
7.33398e-05
4.82253e-05
3.13966e-05
2.02378e-05
1.29157e-05
8.16277e-06
5.06637e-06
3.51735e-06
--- compute equation at time : 0.4 ---
ordre_1
9.292e-08
5.24115e-07
1.41484e-06
2.67473e-06
4.41441e-06
7.06564e-06
1.11977e-05
1.75713e-05
2.73009e-05
4.19999e-05
6.39762e-05
9.64909e-05
0.000144096
0.000213068
0.000311947
0.000452214
0.000649089
0.000922496
0.00129814
0.00180876
0.00249539
0.00340874
0.0046105
0.00617451
0.00818759
0.01075
0.0139753
0.0179892
0.0229279
0.0289344
0.0361547
0.0447317
0.054798
0.0664683
0.0798295
0.094932
0.111779
0.13032
0.150439
0.171952
0.194606
0.218075
0.241966
0.265829
0.289169
0.311459
0.332162
0.350751
0.366731
0.379662
0.389177
0.395
0.39696
0.395
0.389177
0.379662
0.366731
0.350751
0.332162
0.311459
0.289169
0.265829
0.241966
0.218075
0.194606
0.171952
0.150439
0.13032
0.111779
0.094932
0.0798295
0.0664682
0.054798
0.0447317
0.0361547
0.0289344
0.0229279
0.0179892
0.0139753
0.01075
0.00818758
0.00617451
0.0046105
0.00340873
0.00249538
0.00180876
0.00129814
0.000922495
0.000649089
0.000452213
0.000311947
0.000213068
0.000144096
9.64908e-05
6.39761e-05
4.19999e-05
2.73009e-05
1.75713e-05
1.11977e-05
7.06564e-06
4.4144e-06
ordre_2
-2.16413e-08
4.45849e-07
1.29576e-06
2.3475e-06
3.84992e-06
6.2035e-06
9.8954e-06
1.56258e-05
2.44269e-05
3.78016e-05
5.79121e-05
8.78308e-05
0.00013187
0.000196004
0.000288407
0.000420119
0.000605847
0.000864928
0.00122243
0.0017104
0.0023692
0.00324889
0.00441063
0.00592787
0.00788734
0.0103896
0.0135488
0.017492
0.0223572
0.0282901
0.0354398
0.043953
0.0539668
0.0656006
0.0789464
0.0940591
0.110947
0.129561
0.149789
0.171448
0.194283
0.217965
0.242096
0.266219
0.289829
0.31239
0.333353
0.35218
0.368367
0.381462
0.39109
0.396971
0.398931
0.396912
0.390975
0.381296
0.368159
0.35194
0.33309
0.312117
0.289557
0.265958
0.241855
0.217751
0.194102
0.171303
0.14968
0.129488
0.110907
0.0940497
0.0789628
0.065638
0.0540202
0.0440175
0.0355111
0.0283643
0.0224311
0.017563
0.013615
0.0104498
0.00794095
0.00597458
0.00445056
0.00328243
0.0023969
0.00173292
0.00124045
0.000879137
0.000616891
0.000428584
0.000294807
0.000200779
0.000135386
9.03868e-05
5.97468e-05
3.91022e-05
2.53376e-05
1.62556e-05
1.03322e-05
6.42115e-06
4.5379e-06
--- compute equation at time : 0.5 ---
ordre_1
4.646e-08
3.08517e-07
9.69478e-07
2.04478e-06
3.54457e-06
5.74003e-06
9.13167e-06
1.43845e-05
2.24361e-05
3.46504e-05
5.2988e-05
8.02335e-05
0.000120294
0.000178582
0.000262508
0.00038208
0.000550652
0.000785793
0.00111032
0.00155345
0.00215207
0.00295206
0.00400962
0.00539251
0.00718105
0.0094688
0.0123627
0.0159823
0.0204586
0.0259311
0.0325446
0.0404432
0.0497648
0.0606331
0.0731489
0.0873808
0.103356
0.12105
0.140379
0.161195
0.183279
0.20634
0.23002
0.253897
0.277499
0.300314
0.32181
0.341456
0.358741
0.373197
0.38442
0.392088
0.39598
0.39598
0.392088
0.38442
0.373197
0.358741
0.341456
0.32181
0.300314
0.277499
0.253897
0.23002
0.20634
0.183279
0.161195
0.140379
0.12105
0.103356
0.0873807
0.0731489
0.0606331
0.0497648
0.0404432
0.0325446
0.0259311
0.0204586
0.0159823
0.0123627
0.00946879
0.00718104
0.0053925
0.00400962
0.00295206
0.00215207
0.00155345
0.00111032
0.000785792
0.000550651
0.00038208
0.000262507
0.000178582
0.000120293
8.02335e-05
5.2988e-05
3.46504e-05
2.24361e-05
1.43845e-05
9.13166e-06
5.74002e-06
ordre_2
-7.1962e-08
1.64301e-07
8.45573e-07
1.7653e-06
2.99232e-06
4.85942e-06
7.79463e-06
1.23768e-05
1.94547e-05
3.02723e-05
4.66308e-05
7.11064e-05
0.000107338
0.000160403
0.000237292
0.000347511
0.000503814
0.000723085
0.00102737
0.00144506
0.00201219
0.00277379
0.00378532
0.00511397
0.00683976
0.00905633
0.0118712
0.0154052
0.0197912
0.0251716
0.0316945
0.0395088
0.0487574
0.0595697
0.0720526
0.0862809
0.102287
0.120052
0.139496
0.160472
0.18276
0.206068
0.230031
0.254221
0.278155
0.301309
0.323138
0.343097
0.36066
0.375348
0.386744
0.394521
0.398448
0.398411
0.394411
0.386568
0.375113
0.360378
0.342781
0.322802
0.300967
0.27782
0.253906
0.229746
0.20582
0.182555
0.160312
0.139382
0.119982
0.102257
0.0862859
0.072087
0.0596272
0.0488318
0.0395943
0.031786
0.0252646
0.019882
0.0154912
0.0119504
0.00912758
0.00690247
0.00516809
0.00383117
0.00281197
0.00204347
0.00147029
0.00104741
0.000738772
0.000515921
0.000356727
0.000244213
0.000165533
0.000111091
7.38174e-05
4.85645e-05
3.16346e-05
2.04018e-05
1.30423e-05
8.12318e-06
5.81136e-06
--- compute equation at time : 0.6 ---
ordre_1
2.323e-08
1.77489e-07
6.38998e-07
1.50713e-06
2.79468e-06
4.6423e-06
7.43585e-06
1.17581e-05
1.84103e-05
2.85433e-05
4.38192e-05
6.66108e-05
0.000100264
0.000149438
0.000220545
0.000322294
0.000466366
0.000668222
0.000948056
0.00133189
0.00185276
0.00255207
0.00348084
0.00470106
0.00628678
0.00832492
0.0109157
0.0141725
0.0182204
0.0231949
0.0292379
0.0364939
0.045104
0.055199
0.066891
0.0802648
0.0953682
0.112203
0.130714
0.150787
0.172237
0.19481
0.21818
0.241959
0.265698
0.288906
0.311062
0.331633
0.350099
0.365969
0.378808
0.388254
0.394034
0.39598
0.394034
0.388254
0.378808
0.365969
0.350099
0.331633
0.311062
0.288906
0.265698
0.241959
0.21818
0.19481
0.172237
0.150787
0.130714
0.112203
0.0953682
0.0802648
0.066891
0.055199
0.045104
0.0364939
0.0292379
0.0231948
0.0182204
0.0141725
0.0109157
0.00832492
0.00628677
0.00470106
0.00348084
0.00255206
0.00185276
0.00133188
0.000948056
0.000668222
0.000466366
0.000322294
0.000220545
0.000149438
0.000100263
6.66107e-05
4.38192e-05
2.85432e-05
1.84103e-05
1.17581e-05
7.43584e-06
ordre_2
-7.45092e-08
-9.45637e-09
4.75131e-07
1.26702e-06
2.2988e-06
3.79235e-06
6.12116e-06
9.77375e-06
1.54483e-05
2.41708e-05
3.74369e-05
5.73991e-05
8.71182e-05
0.000130892
0.000194681
0.000286641
0.000417792
0.000602823
0.000861053
0.00121754
0.00170432
0.00236175
0.00323991
0.0044
0.00591551
0.00787326
0.0103739
0.0135317
0.0174739
0.0223386
0.0282716
0.0354224
0.0439376
0.0539547
0.065593
0.0789445
0.0940641
0.11096
0.129583
0.14982
0.171488
0.194332
0.218021
0.242158
0.266286
0.289898
0.312457
0.333417
0.352238
0.368415
0.381498
0.391114
0.39698
0.398925
0.396892
0.390941
0.38125
0.368103
0.351877
0.333023
0.312048
0.289489
0.265894
0.241797
0.217701
0.19406
0.17127
0.149656
0.129473
0.1109
0.09405
0.0789691
0.065649
0.0540348
0.0440344
0.0355293
0.0283829
0.0224493
0.0175804
0.013631
0.0104643
0.00795369
0.0059856
0.00445992
0.00329024
0.00240331
0.00173809
0.00124457
0.000882368
0.000619389
0.000430489
0.000296241
0.000201843
0.000136166
9.09518e-05
6.01506e-05
3.93874e-05
2.5534e-05
1.6417e-05
1.02568e-05
7.40471e-06
--- compute equation at time : 0.7 ---
ordre_1
1.1615e-08
1.00359e-07
4.08243e-07
1.07306e-06
2.1509e-06
3.71849e-06
6.03907e-06
9.59697e-06
1.50842e-05
2.34768e-05
3.61812e-05
5.5215e-05
8.34372e-05
0.000124851
0.000184991
0.000271419
0.00039433
0.000567294
0.000808139
0.00113997
0.00159232
0.00220241
0.00301645
0.00409095
0.00549392
0.00730585
0.00962033
0.0125441
0.0161964
0.0207076
0.0262164
0.0328659
0.040799
0.0501515
0.061045
0.0735779
0.0878165
0.103785
0.121458
0.140751
0.161512
0.183524
0.206495
0.23007
0.253829
0.277302
0.299984
0.321348
0.340866
0.358034
0.372389
0.383531
0.391144
0.395007
0.395007
0.391144
0.383531
0.372389
0.358034
0.340866
0.321348
0.299984
0.277302
0.253828
0.23007
0.206495
0.183523
0.161512
0.140751
0.121458
0.103785
0.0878165
0.0735779
0.061045
0.0501515
0.0407989
0.0328659
0.0262164
0.0207076
0.0161964
0.0125441
0.00962032
0.00730585
0.00549392
0.00409095
0.00301645
0.00220241
0.00159232
0.00113997
0.000808139
0.000567294
0.00039433
0.000271419
0.000184991
0.000124851
8.34371e-05
5.5215e-05
3.61812e-05
2.34768e-05
1.50842e-05
9.59696e-06
ordre_2
-5.46999e-08
-9.44246e-08
1.94424e-07
8.41092e-07
1.72519e-06
2.94117e-06
4.79128e-06
7.69471e-06
1.223e-05
1.92416e-05
2.99668e-05
4.61984e-05
7.05018e-05
0.000106504
0.000159265
0.000235762
0.000345481
0.000501157
0.000719656
0.00102301
0.0014396
0.00200544
0.00276559
0.00377553
0.00510248
0.00682653
0.00904141
0.0118547
0.0153875
0.0197727
0.0251529
0.0316764
0.0394923
0.0487435
0.0595597
0.0720477
0.0862823
0.102296
0.120069
0.139522
0.160507
0.182805
0.206121
0.230091
0.254286
0.278223
0.301377
0.323204
0.343158
0.360713
0.37539
0.386775
0.394537
0.39845
0.398398
0.394384
0.386528
0.375062
0.360319
0.342715
0.322734
0.300898
0.277754
0.253845
0.229692
0.205774
0.182518
0.160284
0.139363
0.119971
0.102254
0.0862894
0.0720958
0.0596402
0.0488477
0.039612
0.0318045
0.0252831
0.0198999
0.0155079
0.0119656
0.00914117
0.00691434
0.00517826
0.00383973
0.00281906
0.00204924
0.00147492
0.00105107
0.000741619
0.000518108
0.000358384
0.000245452
0.000166447
0.000111757
7.42964e-05
4.89053e-05
3.18687e-05
2.06059e-05
1.29234e-05
9.39985e-06
--- compute equation at time : 0.8 ---
ordre_1
5.8075e-09
5.59872e-08
2.54301e-07
7.40654e-07
1.61198e-06
2.93469e-06
4.87878e-06
7.81802e-06
1.23406e-05
1.92805e-05
2.9829e-05
4.56981e-05
6.93261e-05
0.000104144
0.000154921
0.000228205
0.000332875
0.000480812
0.000687717
0.000974055
0.00136615
0.00189737
0.00260943
0.0035537
0.00479244
0.00639989
0.00846309
0.0110822
0.0143703
0.018452
0.023462
0.0295411
0.0368324
0.0454752
0.0555983
0.0673115
0.0806972
0.095801
0.112622
0.131105
0.151132
0.172518
0.195009
0.218282
0.241949
0.265565
0.288643
0.310666
0.331107
0.34945
0.365211
0.37796
0.387338
0.393075
0.395007
0.393075
0.387338
0.37796
0.365211
0.34945
0.331107
0.310666
0.288643
0.265565
0.241949
0.218282
0.195009
0.172518
0.151132
0.131105
0.112622
0.095801
0.0806972
0.0673115
0.0555982
0.0454752
0.0368324
0.0295411
0.023462
0.018452
0.0143703
0.0110822
0.00846308
0.00639988
0.00479243
0.0035537
0.00260943
0.00189737
0.00136615
0.000974054
0.000687716
0.000480812
0.000332874
0.000228205
0.000154921
0.000104144
6.9326e-05
4.56981e-05
2.9829e-05
1.92805e-05
1.23406e-05
ordre_2
-2.92218e-08
-1.15634e-07
5.27228e-09
4.8808e-07
1.24165e-06
2.25391e-06
3.73456e-06
6.03902e-06
9.65281e-06
1.52716e-05
2.39159e-05
3.70736e-05
5.68878e-05
8.64077e-05
0.000129918
0.000193361
0.000284877
0.000415466
0.000599799
0.000857179
0.00121265
0.00169823
0.00235429
0.00323093
0.00438936
0.00590315
0.00785917
0.0103581
0.0135145
0.0174557
0.0223199
0.0282531
0.0354049
0.0439223
0.0539426
0.0655854
0.0789426
0.0940692
0.110973
0.129604
0.149851
0.171529
0.194381
0.218078
0.242221
0.266353
0.289966
0.312525
0.333481
0.352295
0.368463
0.381535
0.391137
0.396989
0.398919
0.396871
0.390907
0.381204
0.368048
0.351814
0.332956
0.311979
0.289422
0.26583
0.241739
0.21765
0.194018
0.171237
0.149632
0.129458
0.110894
0.0940503
0.0789754
0.0656601
0.0540493
0.0440513
0.0355475
0.0284015
0.0224676
0.0175977
0.013647
0.0104787
0.00796641
0.0059966
0.00446926
0.00329804
0.00240971
0.00174327
0.00124869
0.0008856
0.00062189
0.000432397
0.000297677
0.00020291
0.000136949
9.15182e-05
6.05565e-05
3.96652e-05
2.57897e-05
1.62448e-05
1.18962e-05
--- compute equation at time : 0.9 ---
ordre_1
2.90375e-09
3.08973e-08
1.55144e-07
4.97477e-07
1.17632e-06
2.27334e-06
3.90674e-06
6.3484e-06
1.00793e-05
1.58105e-05
2.45547e-05
3.77636e-05
5.75121e-05
8.6735e-05
0.000129532
0.000191563
0.00028054
0.000406843
0.000584264
0.000830886
0.0011701
0.00163176
0.0022534
0.00308157
0.00417307
0.00559616
0.00743149
0.00977265
0.0127262
0.0164112
0.020957
0.0265016
0.0331868
0.0411538
0.0505367
0.0614549
0.0740043
0.0882491
0.104211
0.121863
0.141118
0.161825
0.183764
0.206646
0.230116
0.253757
0.277104
0.299655
0.320886
0.340278
0.357331
0.371585
0.382649
0.390207
0.394041
0.394041
0.390206
0.382649
0.371585
0.357331
0.340278
0.320886
0.299655
0.277104
0.253757
0.230116
0.206646
0.183764
0.161825
0.141118
0.121863
0.104211
0.0882491
0.0740043
0.0614548
0.0505367
0.0411538
0.0331868
0.0265015
0.020957
0.0164111
0.0127262
0.00977265
0.00743148
0.00559616
0.00417307
0.00308157
0.0022534
0.00163176
0.0011701
0.000830885
0.000584264
0.000406843
0.00028054
0.000191563
0.000129532
8.67349e-05
5.75121e-05
3.77635e-05
2.45547e-05
1.58105e-05
ordre_2
-7.46213e-09
-9.83426e-08
-1.00418e-07
2.1283e-07
8.32532e-07
1.68923e-06
2.89126e-06
4.72312e-06
7.59529e-06
1.2084e-05
1.90296e-05
2.96627e-05
4.57675e-05
6.9899e-05
0.000105671
0.00015813
0.000234235
0.000343454
0.000498502
0.000716228
0.00101865
0.00143413
0.00199869
0.00275739
0.00376573
0.00509098
0.00681329
0.00902647
0.0118382
0.0153697
0.0197541
0.0251342
0.0316583
0.0394757
0.0487297
0.0595497
0.0720428
0.0862838
0.102305
0.120087
0.139549
0.160543
0.182849
0.206173
0.230151
0.254352
0.278291
0.301446
0.323271
0.343219
0.360766
0.375433
0.386805
0.394553
0.398451
0.398385
0.394356
0.386487
0.375011
0.360259
0.34265
0.322665
0.30083
0.277689
0.253784
0.229638
0.205728
0.18248
0.160256
0.139344
0.119961
0.102251
0.0862929
0.0721047
0.0596531
0.0488636
0.0396297
0.031823
0.0253015
0.0199177
0.0155246
0.0119809
0.00915475
0.0069262
0.00518842
0.00384829
0.00282614
0.00205501
0.00147954
0.00105472
0.000744468
0.000520297
0.000360043
0.000246693
0.000167363
0.000112425
7.47786e-05
4.92339e-05
3.21862e-05
2.03677e-05
1.50139e-05
--- compute equation at time : 1 ---
ordre_1
1.45187e-09
1.69005e-08
9.30208e-08
3.26311e-07
8.36898e-07
1.72483e-06
3.09004e-06
5.12757e-06
8.21385e-06
1.29449e-05
2.01826e-05
3.11592e-05
4.76378e-05
7.21235e-05
0.000108134
0.000160548
0.000236052
0.000343692
0.000495554
0.000707575
0.00100049
0.00140093
0.00194258
0.00266748
0.00362732
0.00488462
0.00651382
0.00860207
0.0112494
0.0145687
0.0186841
0.0237293
0.0298442
0.0371703
0.0458453
0.0559958
0.0677296
0.0811267
0.0962303
0.113037
0.131491
0.151471
0.172794
0.195205
0.218381
0.241936
0.265431
0.288379
0.31027
0.330582
0.348804
0.364458
0.377117
0.386428
0.392124
0.394041
0.392124
0.386428
0.377117
0.364458
0.348804
0.330582
0.31027
0.288379
0.265431
0.241936
0.218381
0.195205
0.172794
0.151471
0.131491
0.113037
0.0962303
0.0811267
0.0677296
0.0559958
0.0458453
0.0371703
0.0298442
0.0237293
0.0186841
0.0145687
0.0112494
0.00860206
0.00651382
0.00488461
0.00362732
0.00266748
0.00194258
0.00140093
0.00100049
0.000707575
0.000495553
0.000343691
0.000236051
0.000160548
0.000108134
7.21235e-05
4.76378e-05
3.11591e-05
2.01826e-05
ordre_2
6.69623e-09
-6.4003e-08
-1.38796e-07
1.78992e-08
4.93056e-07
1.21772e-06
2.21152e-06
3.67715e-06
5.95713e-06
9.53254e-06
1.50959e-05
2.36622e-05
3.67118e-05
5.63782e-05
8.5699e-05
0.000128945
0.000192043
0.000283116
0.000413143
0.000596778
0.000853306
0.00120775
0.00169214
0.00234683
0.00322195
0.00437872
0.00589078
0.00784506
0.0103424
0.0134974
0.0174375
0.0223012
0.0282346
0.0353875
0.0439069
0.0539305
0.0655778
0.0789408
0.0940743
0.110986
0.129626
0.149882
0.171569
0.19443
0.218134
0.242284
0.26642
0.290035
0.312593
0.333545
0.352353
0.368512
0.381572
0.39116
0.396998
0.398913
0.396851
0.390873
0.381158
0.367992
0.351752
0.332889
0.311911
0.289355
0.265767
0.241681
0.2176
0.193976
0.171204
0.149609
0.129443
0.110887
0.0940507
0.0789817
0.0656711
0.0540639
0.0440682
0.0355657
0.0284201
0.0224858
0.017615
0.013663
0.0104931
0.00797913
0.0060076
0.00447861
0.00330584
0.00241611
0.00174844
0.00125281
0.000888835
0.000624393
0.000434307
0.000299115
0.000203979
0.000137732
9.2089e-05
6.09441e-05
4.00564e-05
2.54689e-05
1.88983e-05
--- compute equation at time : 1.1 ---
ordre_1
7.25937e-10
9.17621e-09
5.49607e-08
2.09666e-07
5.81604e-07
1.28086e-06
2.40743e-06
4.1088e-06
6.67071e-06
1.05794e-05
1.65638e-05
2.56709e-05
3.93985e-05
5.98807e-05
9.01286e-05
0.000134341
0.0001983
0.000289872
0.000419623
0.000601564
0.000854034
0.00120071
0.00167175
0.00230503
0.0031474
0.00425597
0.00569922
0.00755795
0.00992576
0.0129091
0.0166264
0.0212067
0.0267867
0.0335072
0.0415078
0.0509205
0.0618627
0.0744282
0.0886785
0.104634
0.122264
0.141481
0.162133
0.183999
0.206793
0.230159
0.253684
0.276905
0.299325
0.320426
0.339693
0.356631
0.370788
0.381772
0.389276
0.393083
0.393083
0.389276
0.381772
0.370788
0.356631
0.339693
0.320426
0.299325
0.276905
0.253684
0.230159
0.206793
0.183999
0.162133
0.141481
0.122264
0.104634
0.0886785
0.0744281
0.0618627
0.0509205
0.0415078
0.0335072
0.0267867
0.0212067
0.0166264
0.0129091
0.00992575
0.00755794
0.00569922
0.00425596
0.0031474
0.00230503
0.00167175
0.00120071
0.000854034
0.000601564
0.000419622
0.000289871
0.0001983
0.000134341
9.01286e-05
5.98806e-05
3.93985e-05
2.56709e-05
ordre_2
1.30225e-08
-2.81416e-08
-1.30336e-07
-1.00256e-07
2.2429e-07
8.21744e-07
1.65564e-06
2.84254e-06
4.65521e-06
7.49635e-06
1.19388e-05
1.88186e-05
2.93599e-05
4.53382e-05
6.9298e-05
0.00010484
0.000156997
0.00023271
0.000341429
0.000495849
0.000712802
0.00101429
0.00142866
0.00199193
0.00274918
0.00375592
0.00507947
0.00680003
0.00901152
0.0118217
0.015352
0.0197356
0.0251154
0.0316402
0.0394592
0.0487158
0.0595397
0.072038
0.0862853
0.102314
0.120104
0.139575
0.160578
0.182894
0.206226
0.230211
0.254417
0.278359
0.301515
0.323337
0.34328
0.36082
0.375476
0.386835
0.394569
0.398453
0.398371
0.394329
0.386447
0.37496
0.3602
0.342585
0.322597
0.300762
0.277623
0.253724
0.229583
0.205682
0.182443
0.160228
0.139325
0.11995
0.102248
0.0862964
0.0721135
0.0596661
0.0488794
0.0396474
0.0318415
0.02532
0.0199355
0.0155412
0.0119961
0.00916831
0.00693805
0.00519858
0.00385684
0.00283322
0.00206077
0.00148417
0.00105838
0.000747319
0.000522488
0.000361704
0.000247936
0.00016828
0.000113098
7.52344e-05
4.97127e-05
3.17605e-05
2.37246e-05
--- compute equation at time : 1.2 ---
ordre_1
3.62969e-10
4.95107e-09
3.20684e-08
1.32313e-07
3.95635e-07
9.31234e-07
1.84415e-06
3.25812e-06
5.38976e-06
8.62505e-06
1.35716e-05
2.11173e-05
3.25347e-05
4.96396e-05
7.50047e-05
0.000112235
0.00016632
0.000244086
0.000354747
0.000510594
0.000727799
0.00102737
0.00143623
0.00198839
0.00272622
0.00370168
0.00497759
0.00662858
0.00874185
0.0114174
0.0147677
0.0189165
0.0239967
0.030147
0.0375075
0.0462142
0.0563916
0.0681454
0.0815533
0.0966562
0.113449
0.131873
0.151807
0.173066
0.195396
0.218476
0.241921
0.265294
0.288115
0.309876
0.33006
0.348162
0.363709
0.37628
0.385524
0.391179
0.393083
0.391179
0.385524
0.37628
0.363709
0.348162
0.33006
0.309876
0.288115
0.265294
0.241921
0.218476
0.195396
0.173066
0.151807
0.131873
0.113449
0.0966561
0.0815533
0.0681454
0.0563916
0.0462142
0.0375075
0.030147
0.0239967
0.0189165
0.0147677
0.0114174
0.00874185
0.00662858
0.00497759
0.00370168
0.00272622
0.00198839
0.00143623
0.00102737
0.000727799
0.000510593
0.000354747
0.000244085
0.00016632
0.000112235
7.50046e-05
4.96396e-05
3.25347e-05
ordre_2
1.32846e-08
6.9182e-11
-9.57728e-08
-1.52104e-07
2.79032e-08
4.93462e-07
1.19456e-06
2.17087e-06
3.62032e-06
5.87561e-06
9.41292e-06
1.49211e-05
2.34096e-05
3.63513e-05
5.58702e-05
8.49924e-05
0.000127974
0.000190728
0.000281357
0.000410822
0.000593759
0.000849434
0.00120286
0.00168605
0.00233937
0.00321295
0.00436807
0.00587839
0.00783093
0.0103266
0.0134802
0.0174193
0.0222824
0.0282161
0.03537
0.0438916
0.0539185
0.0655702
0.078939
0.0940794
0.110999
0.129648
0.149913
0.171609
0.194479
0.218191
0.242347
0.266486
0.290104
0.312661
0.333609
0.35241
0.36856
0.381608
0.391184
0.397007
0.398907
0.39683
0.390839
0.381112
0.367936
0.351689
0.332822
0.311842
0.289287
0.265703
0.241624
0.21755
0.193934
0.171171
0.149585
0.129428
0.11088
0.094051
0.078988
0.0656822
0.0540784
0.0440851
0.0355838
0.0284386
0.022504
0.0176322
0.013679
0.0105075
0.00799183
0.0060186
0.00448794
0.00331363
0.00242252
0.00175362
0.00125694
0.000892072
0.000626898
0.000436219
0.000300556
0.000205049
0.000138525
9.26236e-05
6.15274e-05
3.94971e-05
2.97036e-05
--- compute equation at time : 1.3 ---
ordre_1
1.81484e-10
2.65702e-09
1.85098e-08
8.21908e-08
2.63974e-07
6.63435e-07
1.38769e-06
2.55113e-06
4.32394e-06
7.0074e-06
1.10983e-05
1.73445e-05
2.6826e-05
4.10871e-05
6.23221e-05
9.36197e-05
0.000139277
0.000205203
0.000299416
0.00043267
0.000619197
0.000877586
0.0012318
0.00171231
0.00235731
0.00321395
0.00433964
0.00580309
0.00768522
0.0100796
0.0130926
0.0168421
0.0214566
0.0270718
0.0338272
0.0418608
0.0513029
0.0622685
0.0748494
0.0891047
0.105053
0.122661
0.14184
0.162437
0.184231
0.206936
0.230198
0.253608
0.276705
0.298995
0.319968
0.339111
0.355936
0.369995
0.380902
0.388352
0.392131
0.392131
0.388352
0.380902
0.369995
0.355936
0.339111
0.319968
0.298995
0.276705
0.253608
0.230198
0.206936
0.184231
0.162436
0.14184
0.122661
0.105053
0.0891047
0.0748494
0.0622685
0.0513029
0.0418608
0.0338272
0.0270718
0.0214566
0.0168421
0.0130926
0.0100796
0.00768521
0.00580308
0.00433964
0.00321395
0.0023573
0.00171231
0.0012318
0.000877586
0.000619196
0.00043267
0.000299416
0.000205203
0.000139277
9.36196e-05
6.23221e-05
4.10871e-05
ordre_2
9.95481e-09
1.70052e-08
-5.27906e-08
-1.53481e-07
-9.77944e-08
2.3124e-07
8.09613e-07
1.62357e-06
2.79486e-06
4.58771e-06
7.39791e-06
1.17944e-05
1.86087e-05
2.90583e-05
4.49104e-05
6.86988e-05
0.000104012
0.000155867
0.000231188
0.000339406
0.000493199
0.000709377
0.00100993
0.00142319
0.00198518
0.00274097
0.00374611
0.00506795
0.00678677
0.00899655
0.0118052
0.0153342
0.019717
0.0250967
0.0316221
0.0394426
0.0487019
0.0595297
0.0720331
0.0862868
0.102323
0.120121
0.139601
0.160614
0.182938
0.206279
0.230271
0.254482
0.278428
0.301583
0.323403
0.343341
0.360873
0.375518
0.386865
0.394586
0.398454
0.398358
0.394301
0.386407
0.374908
0.36014
0.342519
0.322529
0.300694
0.277557
0.253663
0.229529
0.205635
0.182406
0.1602
0.139306
0.119939
0.102245
0.0862999
0.0721223
0.059679
0.0488953
0.039665
0.0318599
0.0253384
0.0199533
0.0155579
0.0120113
0.00918186
0.00694989
0.00520873
0.00386539
0.0028403
0.00206654
0.0014888
0.00106204
0.000750173
0.000524682
0.000363368
0.00024918
0.000169209
0.000113723
7.59422e-05
4.89826e-05
3.70891e-05
--- compute equation at time : 1.4 ---
ordre_1
9.07422e-11
1.41925e-09
1.05834e-08
5.03503e-08
1.73083e-07
4.63704e-07
1.02556e-06
1.96941e-06
3.43754e-06
5.66567e-06
9.05286e-06
1.42214e-05
2.20852e-05
3.39566e-05
5.17046e-05
7.79709e-05
0.000116449
0.00017224
0.00025231
0.000366043
0.000525933
0.000748391
0.00105469
0.00147206
0.00203481
0.00278563
0.00377679
0.00507136
0.00674415
0.00888242
0.0115861
0.0149674
0.0191494
0.0242642
0.0304495
0.037844
0.0465819
0.0567857
0.0685589
0.0819771
0.0970786
0.113857
0.13225
0.152138
0.173334
0.195583
0.218567
0.241903
0.265156
0.28785
0.309482
0.329539
0.347523
0.362965
0.375448
0.384627
0.390241
0.392131
0.390241
0.384627
0.375448
0.362965
0.347523
0.329539
0.309482
0.28785
0.265156
0.241903
0.218567
0.195583
0.173334
0.152138
0.13225
0.113857
0.0970786
0.081977
0.0685589
0.0567857
0.0465819
0.037844
0.0304495
0.0242642
0.0191494
0.0149673
0.0115861
0.00888242
0.00674415
0.00507136
0.00377679
0.00278563
0.00203481
0.00147206
0.00105469
0.000748391
0.000525933
0.000366043
0.000252309
0.00017224
0.000116448
7.79708e-05
5.17046e-05
ordre_2
5.34046e-09
2.30858e-08
-1.40309e-08
-1.22683e-07
-1.59806e-07
3.55552e-08
4.90978e-07
1.17193e-06
2.13152e-06
3.56412e-06
5.79452e-06
9.29395e-06
1.47471e-05
2.31582e-05
3.59923e-05
5.5364e-05
8.42876e-05
0.000127006
0.000189415
0.0002796
0.000408504
0.000590742
0.000845563
0.00119797
0.00167996
0.0023319
0.00320395
0.00435741
0.00586599
0.00781679
0.0103108
0.013463
0.017401
0.0222636
0.0281975
0.0353525
0.0438762
0.0539064
0.0655626
0.0789372
0.0940846
0.111012
0.12967
0.149944
0.171649
0.194528
0.218248
0.24241
0.266554
0.290172
0.312728
0.333673
0.352468
0.368608
0.381645
0.391207
0.397016
0.398901
0.396809
0.390805
0.381066
0.367881
0.351626
0.332755
0.311774
0.28922
0.26564
0.241566
0.217499
0.193893
0.171139
0.149562
0.129413
0.110873
0.0940514
0.0789943
0.0656932
0.0540929
0.044102
0.035602
0.0284571
0.0225221
0.0176495
0.0136949
0.0105219
0.00800452
0.00602958
0.00449728
0.00332142
0.00242892
0.0017588
0.00126106
0.00089531
0.000629405
0.000438134
0.000301997
0.000206133
0.000139253
9.34802e-05
6.05792e-05
4.61853e-05
--- compute equation at time : 1.5 ---
ordre_1
4.53711e-11
7.54998e-10
6.00132e-09
3.04668e-08
1.11716e-07
3.18393e-07
7.44634e-07
1.49749e-06
2.70347e-06
4.5516e-06
7.35926e-06
1.16371e-05
1.81533e-05
2.80209e-05
4.28306e-05
6.48378e-05
9.72097e-05
0.000144344
0.000212275
0.000309177
0.000445988
0.000637162
0.000901543
0.00126338
0.00175343
0.00241022
0.00328121
0.00442408
0.00590776
0.00781329
0.0102343
0.0132767
0.0170584
0.0217068
0.0273569
0.0341468
0.0422129
0.0516838
0.0626723
0.075268
0.0895278
0.105468
0.123053
0.142194
0.162736
0.184459
0.207075
0.230235
0.25353
0.276503
0.298666
0.31951
0.338531
0.355244
0.369207
0.380038
0.387434
0.391186
0.391186
0.387434
0.380038
0.369207
0.355244
0.338531
0.31951
0.298666
0.276503
0.25353
0.230235
0.207075
0.184459
0.162736
0.142194
0.123053
0.105468
0.0895278
0.075268
0.0626723
0.0516838
0.0422129
0.0341468
0.0273569
0.0217068
0.0170584
0.0132767
0.0102343
0.00781328
0.00590775
0.00442408
0.00328121
0.00241022
0.00175343
0.00126338
0.000901542
0.000637162
0.000445988
0.000309176
0.000212275
0.000144344
9.72097e-05
6.48377e-05
ordre_2
1.11962e-09
2.10709e-08
1.34693e-08
-7.72979e-08
-1.70305e-07
-9.46332e-08
2.35076e-07
7.96621e-07
1.5926e-06
2.7481e-06
4.52069e-06
7.30002e-06
1.16508e-05
1.83998e-05
2.87581e-05
4.44842e-05
6.81015e-05
0.000103186
0.000154739
0.000229668
0.000337385
0.00049055
0.000705954
0.00100557
0.00141772
0.00197842
0.00273275
0.00373629
0.00505642
0.00677348
0.00898156
0.0117887
0.0153164
0.0196984
0.0250779
0.0316039
0.039426
0.048688
0.0595197
0.0720283
0.0862884
0.102332
0.120139
0.139628
0.16065
0.182983
0.206332
0.230331
0.254547
0.278496
0.301652
0.323469
0.343402
0.360926
0.375561
0.386895
0.394602
0.398456
0.398344
0.394274
0.386366
0.374857
0.36008
0.342454
0.322461
0.300625
0.277492
0.253602
0.229475
0.205589
0.182369
0.160172
0.139287
0.119929
0.102242
0.0863034
0.0721312
0.0596919
0.0489111
0.0396826
0.0318783
0.0253568
0.0199711
0.0155745
0.0120264
0.0091954
0.00696172
0.00521887
0.00387393
0.00284737
0.00207231
0.00149343
0.0010657
0.000753028
0.000526878
0.000365031
0.000250442
0.000170055
0.000114758
7.47163e-05
5.73562e-05
--- compute equation at time : 1.6 ---
ordre_1
2.26855e-11
4.00184e-10
3.37816e-09
1.82341e-08
7.10916e-08
2.15055e-07
5.31514e-07
1.12106e-06
2.10048e-06
3.62754e-06
5.95543e-06
9.49819e-06
1.48952e-05
2.30871e-05
3.54258e-05
5.38342e-05
8.10238e-05
0.000120777
0.00017831
0.000260726
0.000377583
0.000541575
0.000769353
0.00108246
0.00150841
0.00208183
0.00284572
0.00385265
0.00516592
0.00686052
0.00902378
0.0117555
0.0151675
0.0193826
0.0245318
0.0307518
0.0381799
0.0469484
0.0571781
0.0689702
0.0823979
0.0974977
0.114261
0.132624
0.152465
0.173597
0.195767
0.218655
0.241882
0.265016
0.287584
0.309088
0.329021
0.346888
0.362226
0.374622
0.383736
0.38931
0.391186
0.38931
0.383736
0.374622
0.362226
0.346888
0.329021
0.309088
0.287584
0.265016
0.241882
0.218655
0.195767
0.173597
0.152465
0.132624
0.114261
0.0974977
0.0823979
0.0689702
0.057178
0.0469484
0.0381799
0.0307518
0.0245318
0.0193826
0.0151675
0.0117555
0.00902377
0.00686052
0.00516592
0.00385264
0.00284571
0.00208182
0.0015084
0.00108246
0.000769352
0.000541575
0.000377582
0.000260726
0.00017831
0.000120777
8.10237e-05
ordre_2
-1.79415e-09
1.45394e-08
2.76658e-08
-3.16343e-08
-1.44886e-07
-1.64224e-07
4.1242e-08
4.86545e-07
1.14967e-06
2.09321e-06
3.50855e-06
5.71392e-06
9.17564e-06
1.45741e-05
2.2908e-05
3.56347e-05
5.48595e-05
8.35849e-05
0.00012604
0.000188105
0.000277845
0.000406188
0.000587726
0.000841693
0.00119307
0.00167386
0.00232444
0.00319495
0.00434674
0.00585358
0.00780264
0.010295
0.0134458
0.0173827
0.0222449
0.0281789
0.035335
0.0438608
0.0538943
0.0655551
0.0789354
0.0940897
0.111025
0.129692
0.149975
0.17169
0.194577
0.218304
0.242472
0.266621
0.290241
0.312796
0.333737
0.352525
0.368656
0.381681
0.39123
0.397024
0.398895
0.396789
0.39077
0.38102
0.367825
0.351563
0.332688
0.311705
0.289153
0.265577
0.241509
0.217449
0.193851
0.171106
0.149538
0.129399
0.110867
0.0940518
0.0790007
0.0657042
0.0541075
0.0441188
0.0356201
0.0284756
0.0225403
0.0176667
0.0137109
0.0105363
0.00801721
0.00604056
0.0045066
0.00332921
0.00243532
0.00176398
0.00126519
0.000898551
0.000631915
0.000440047
0.000303461
0.000207112
0.000140499
9.19018e-05
7.10357e-05
--- compute equation at time : 1.7 ---
ordre_1
1.13428e-11
2.11435e-10
1.88917e-09
1.08061e-08
4.46629e-08
1.43073e-07
3.73284e-07
8.26287e-07
1.61077e-06
2.86401e-06
4.79149e-06
7.72681e-06
1.21967e-05
1.89912e-05
2.92564e-05
4.463e-05
6.7429e-05
0.0001009
0.000149543
0.000219518
0.000319154
0.000459579
0.000655464
0.000925906
0.00129543
0.00179512
0.00246377
0.00334918
0.00450928
0.00601322
0.00794215
0.0103896
0.0134615
0.0172751
0.0219572
0.0276418
0.0344658
0.0425641
0.0520632
0.0630741
0.075684
0.0899478
0.105879
0.123442
0.142544
0.163031
0.184682
0.207211
0.230269
0.253449
0.2763
0.298336
0.319055
0.337954
0.354557
0.368424
0.379179
0.386523
0.390248
0.390248
0.386523
0.379179
0.368424
0.354557
0.337954
0.319054
0.298336
0.2763
0.253449
0.230269
0.207211
0.184682
0.163031
0.142544
0.123442
0.105879
0.0899478
0.075684
0.0630741
0.0520632
0.0425641
0.0344658
0.0276418
0.0219572
0.0172751
0.0134615
0.0103896
0.00794215
0.00601322
0.00450928
0.00334918
0.00246377
0.00179511
0.00129543
0.000925906
0.000655464
0.000459579
0.000319154
0.000219518
0.000149543
0.0001009
ordre_2
-3.16303e-09
6.77348e-09
3.01559e-08
4.75974e-09
-9.99997e-08
-1.82656e-07
-9.14705e-08
2.36665e-07
7.83056e-07
1.56246e-06
2.70213e-06
4.45419e-06
7.20268e-06
1.1508e-05
1.81919e-05
2.84591e-05
4.40595e-05
6.7506e-05
0.000102361
0.000153613
0.00022815
0.000335367
0.000487903
0.000702533
0.00100121
0.00141225
0.00197166
0.00272453
0.00372646
0.00504488
0.00676019
0.00896655
0.0117721
0.0152986
0.0196798
0.0250591
0.0315857
0.0394094
0.0486741
0.0595097
0.0720235
0.0862899
0.102341
0.120156
0.139654
0.160686
0.183028
0.206385
0.230391
0.254612
0.278564
0.30172
0.323536
0.343463
0.360979
0.375603
0.386925
0.394617
0.398457
0.398331
0.394246
0.386326
0.374806
0.360021
0.342389
0.322393
0.300557
0.277426
0.253541
0.229421
0.205543
0.182331
0.160144
0.139267
0.119918
0.102239
0.0863069
0.07214
0.0597048
0.0489269
0.0397002
0.0318967
0.0253752
0.0199888
0.0155911
0.0120416
0.00920893
0.00697355
0.00522901
0.00388247
0.00285445
0.00207808
0.00149806
0.00106937
0.000755887
0.000529071
0.000366725
0.00025157
0.000171554
0.000112734
8.774e-05
--- compute equation at time : 1.8 ---
ordre_1
5.67139e-12
1.11389e-10
1.0503e-09
6.34765e-09
2.77345e-08
9.38681e-08
2.58179e-07
5.99786e-07
1.21853e-06
2.23739e-06
3.82775e-06
6.25915e-06
9.96176e-06
1.55939e-05
2.41238e-05
3.69432e-05
5.60295e-05
8.41647e-05
0.000125222
0.000184531
0.000269336
0.000389367
0.000557522
0.000790685
0.00111067
0.00154527
0.00212944
0.00290648
0.00392923
0.00526125
0.00697768
0.00916589
0.0119256
0.0153683
0.0196161
0.0247995
0.0310538
0.038515
0.0473137
0.0575687
0.0693791
0.0828159
0.0979135
0.114661
0.132993
0.152788
0.173857
0.195947
0.21874
0.241859
0.264875
0.287318
0.308695
0.328505
0.346256
0.36149
0.373801
0.382851
0.388385
0.390248
0.388385
0.382851
0.373801
0.36149
0.346256
0.328504
0.308695
0.287318
0.264875
0.241859
0.21874
0.195947
0.173857
0.152788
0.132993
0.114661
0.0979135
0.0828159
0.0693791
0.0575687
0.0473137
0.038515
0.0310538
0.0247995
0.0196161
0.0153683
0.0119256
0.00916589
0.00697768
0.00526125
0.00392923
0.00290647
0.00212944
0.00154527
0.00111067
0.000790685
0.000557521
0.000389366
0.000269336
0.00018453
0.000125222
ordre_2
-3.21896e-09
1.24482e-10
2.4562e-08
2.73782e-08
-5.03829e-08
-1.63058e-07
-1.66682e-07
4.53155e-08
4.80734e-07
1.12773e-06
2.05575e-06
3.45361e-06
5.63384e-06
9.058e-06
1.44021e-05
2.26589e-05
3.52785e-05
5.43566e-05
8.28842e-05
0.000125076
0.000186796
0.000276093
0.000403874
0.000584712
0.000837824
0.00118818
0.00166777
0.00231696
0.00318594
0.00433606
0.00584115
0.00778847
0.0102792
0.0134285
0.0173644
0.0222261
0.0281603
0.0353175
0.0438454
0.0538822
0.0655475
0.0789336
0.094095
0.111038
0.129714
0.150006
0.17173
0.194626
0.218361
0.242535
0.266688
0.29031
0.312864
0.333801
0.352582
0.368704
0.381718
0.391253
0.397033
0.398889
0.396768
0.390736
0.380974
0.367769
0.3515
0.332621
0.311637
0.289086
0.265513
0.241451
0.217399
0.193809
0.171074
0.149515
0.129384
0.11086
0.0940522
0.079007
0.0657153
0.054122
0.0441356
0.0356382
0.0284941
0.0225584
0.0176839
0.0137268
0.0105506
0.00802988
0.00605153
0.00451593
0.003337
0.00244172
0.00176916
0.00126931
0.000901795
0.00063442
0.000441999
0.000304755
0.000208912
0.000137916
0.00010808
--- compute equation at time : 1.9 ---
ordre_1
2.83569e-12
5.85301e-11
5.80846e-10
3.69897e-09
1.70411e-08
6.08013e-08
1.76023e-07
4.28982e-07
9.09157e-07
1.72796e-06
3.03257e-06
5.04345e-06
8.11045e-06
1.27778e-05
1.98589e-05
3.05335e-05
4.64863e-05
7.00971e-05
0.000104693
0.000154876
0.000226933
0.000329351
0.000473444
0.000674103
0.000950677
0.00132797
0.00183736
0.00251796
0.00341785
0.00459524
0.00611947
0.00807179
0.0105457
0.0136469
0.0174922
0.0222078
0.0279267
0.0347844
0.0429143
0.0524412
0.0634739
0.0760975
0.0903647
0.106287
0.123827
0.142891
0.163322
0.184902
0.207343
0.2303
0.253367
0.276097
0.298007
0.3186
0.33738
0.353873
0.367646
0.378326
0.385618
0.389317
0.389317
0.385618
0.378326
0.367646
0.353873
0.33738
0.3186
0.298007
0.276097
0.253367
0.230299
0.207343
0.184902
0.163322
0.142891
0.123827
0.106287
0.0903647
0.0760975
0.0634739
0.0524412
0.0429143
0.0347844
0.0279267
0.0222078
0.0174922
0.0136469
0.0105457
0.00807179
0.00611947
0.00459524
0.00341785
0.00251796
0.00183736
0.00132797
0.000950677
0.000674103
0.000473444
0.000329351
0.000226933
0.000154876
ordre_2
-2.42978e-09
-4.184e-09
1.50459e-08
3.60423e-08
-7.13813e-09
-1.20352e-07
-1.91822e-07
-8.86107e-08
2.36577e-07
7.69103e-07
1.53301e-06
2.65688e-06
4.38823e-06
7.10593e-06
1.13659e-05
1.79851e-05
2.81614e-05
4.36364e-05
6.69123e-05
0.000101539
0.000152489
0.000226635
0.000333351
0.000485259
0.000699113
0.000996848
0.00140677
0.00196489
0.00271631
0.00371663
0.00503333
0.00674688
0.00895153
0.0117556
0.0152808
0.0196612
0.0250403
0.0315675
0.0393928
0.0486602
0.0594997
0.0720187
0.0862915
0.10235
0.120174
0.139681
0.160722
0.183073
0.206439
0.230451
0.254678
0.278632
0.301789
0.323602
0.343524
0.361031
0.375645
0.386955
0.394633
0.398458
0.398317
0.394218
0.386285
0.374754
0.359961
0.342324
0.322325
0.300489
0.277361
0.253481
0.229367
0.205498
0.182294
0.160116
0.139248
0.119907
0.102236
0.0863104
0.0721488
0.0597177
0.0489427
0.0397177
0.0319151
0.0253936
0.0200065
0.0156077
0.0120568
0.00922245
0.00698536
0.00523914
0.00389101
0.00286152
0.00208385
0.00150269
0.00107304
0.000758738
0.000531312
0.000368202
0.000253728
0.000168269
0.000132779
The time-looping took :
59.7ms
[       OK ] UnitaryTest.ProblemTest (61 ms)
[----------] 1 test from UnitaryTest (61 ms total)

[----------] Global test environment tear-down
[==========] 1 test from 1 test suite ran. (61 ms total)
[  PASSED  ] 1 test.
<end of output>
Test time =   0.07 sec
----------------------------------------------------------
Test Passed.
"UnitaryTest.ProblemTest" end time: Dec 12 06:04 CET
"UnitaryTest.ProblemTest" time elapsed: 00:00:00
----------------------------------------------------------

3/5 Testing: UnitaryTest.EquationTest
3/5 Test: UnitaryTest.EquationTest
Command: "/Users/zhaoyutainazir/Prog Objet Oriente/build/test_exe" "--gtest_filter=UnitaryTest.EquationTest" "--gtest_also_run_disabled_tests"
Directory: /Users/zhaoyutainazir/Prog Objet Oriente/build
"UnitaryTest.EquationTest" start time: Dec 12 06:04 CET
Output:
----------------------------------------------------------
Running main() from /Users/zhaoyutainazir/googletest/googletest/src/gtest_main.cc
Note: Google Test filter = UnitaryTest.EquationTest
[==========] Running 1 test from 1 test suite.
[----------] Global test environment set-up.
[----------] 1 test from UnitaryTest
[ RUN      ] UnitaryTest.EquationTest
-- at x_i = 0
-- at x_i = 0.1
-- at x_i = 0.2
-- at x_i = 0.3
-- at x_i = 0.4
-- at x_i = 0.5
-- at x_i = 0.6
-- at x_i = 0.7
-- at x_i = 0.8
-- at x_i = 0.9
-- at x_i = 1
-- at x_i = 1.1
-- at x_i = 1.2
-- at x_i = 1.3
-- at x_i = 1.4
-- at x_i = 1.5
-- at x_i = 1.6
-- at x_i = 1.7
-- at x_i = 1.8
-- at x_i = 1.9
-- at x_i = 2
-- at x_i = 2.1
-- at x_i = 2.2
-- at x_i = 2.3
-- at x_i = 2.4
-- at x_i = 2.5
-- at x_i = 2.6
-- at x_i = 2.7
-- at x_i = 2.8
-- at x_i = 2.9
-- at x_i = 3
-- at x_i = 3.1
-- at x_i = 3.2
-- at x_i = 3.3
-- at x_i = 3.4
-- at x_i = 3.5
-- at x_i = 3.6
-- at x_i = 3.7
-- at x_i = 3.8
-- at x_i = 3.9
-- at x_i = 4
-- at x_i = 4.1
-- at x_i = 4.2
-- at x_i = 4.3
-- at x_i = 4.4
-- at x_i = 4.5
-- at x_i = 4.6
-- at x_i = 4.7
-- at x_i = 4.8
-- at x_i = 4.9
-- at x_i = 5
-- at x_i = 5.1
-- at x_i = 5.2
-- at x_i = 5.3
-- at x_i = 5.4
-- at x_i = 5.5
-- at x_i = 5.6
-- at x_i = 5.7
-- at x_i = 5.8
-- at x_i = 5.9
-- at x_i = 6
-- at x_i = 6.1
-- at x_i = 6.2
-- at x_i = 6.3
-- at x_i = 6.4
-- at x_i = 6.5
-- at x_i = 6.6
-- at x_i = 6.7
-- at x_i = 6.8
-- at x_i = 6.9
-- at x_i = 7
-- at x_i = 7.1
-- at x_i = 7.2
-- at x_i = 7.3
-- at x_i = 7.4
-- at x_i = 7.5
-- at x_i = 7.6
-- at x_i = 7.7
-- at x_i = 7.79999
-- at x_i = 7.89999
-- at x_i = 7.99999
-- at x_i = 8.09999
-- at x_i = 8.2
-- at x_i = 8.3
-- at x_i = 8.4
-- at x_i = 8.5
-- at x_i = 8.6
-- at x_i = 8.7
-- at x_i = 8.8
-- at x_i = 8.9
-- at x_i = 9
-- at x_i = 9.1
-- at x_i = 9.2
-- at x_i = 9.3
-- at x_i = 9.4
-- at x_i = 9.5
-- at x_i = 9.6
-- at x_i = 9.7
-- at x_i = 9.8
-- at x_i = 9.9
[       OK ] UnitaryTest.EquationTest (0 ms)
[----------] 1 test from UnitaryTest (0 ms total)

[----------] Global test environment tear-down
[==========] 1 test from 1 test suite ran. (1 ms total)
[  PASSED  ] 1 test.
<end of output>
Test time =   0.02 sec
----------------------------------------------------------
Test Passed.
"UnitaryTest.EquationTest" end time: Dec 12 06:04 CET
"UnitaryTest.EquationTest" time elapsed: 00:00:00
----------------------------------------------------------

4/5 Testing: UnitaryTest.VariableTest
4/5 Test: UnitaryTest.VariableTest
Command: "/Users/zhaoyutainazir/Prog Objet Oriente/build/test_exe" "--gtest_filter=UnitaryTest.VariableTest" "--gtest_also_run_disabled_tests"
Directory: /Users/zhaoyutainazir/Prog Objet Oriente/build
"UnitaryTest.VariableTest" start time: Dec 12 06:04 CET
Output:
----------------------------------------------------------
Running main() from /Users/zhaoyutainazir/googletest/googletest/src/gtest_main.cc
Note: Google Test filter = UnitaryTest.VariableTest
[==========] Running 1 test from 1 test suite.
[----------] Global test environment set-up.
[----------] 1 test from UnitaryTest
[ RUN      ] UnitaryTest.VariableTest
[       OK ] UnitaryTest.VariableTest (0 ms)
[----------] 1 test from UnitaryTest (0 ms total)

[----------] Global test environment tear-down
[==========] 1 test from 1 test suite ran. (0 ms total)
[  PASSED  ] 1 test.
<end of output>
Test time =   0.02 sec
----------------------------------------------------------
Test Passed.
"UnitaryTest.VariableTest" end time: Dec 12 06:04 CET
"UnitaryTest.VariableTest" time elapsed: 00:00:00
----------------------------------------------------------

5/5 Testing: prog_test
5/5 Test: prog_test
Command: "/Users/zhaoyutainazir/Prog Objet Oriente/build/prog_exe" "0" "2" "0.1" "0" "10" "0.1" "uniform" "0"
Directory: /Users/zhaoyutainazir/Prog Objet Oriente/build
"prog_test" start time: Dec 12 06:04 CET
Output:
----------------------------------------------------------
--- Solve problem ---
--- compute equation at time : 0 ---
ordre_1
1.48672e-06
2.43896e-06
3.9613e-06
6.36983e-06
1.01409e-05
1.59837e-05
2.49425e-05
3.85352e-05
5.89431e-05
8.92617e-05
0.00013383
0.000198655
0.000291947
0.000424781
0.000611902
0.000872683
0.00123222
0.00172257
0.00238409
0.00326682
0.00443185
0.00595254
0.00791545
0.0104209
0.013583
0.0175283
0.0223945
0.028327
0.0354746
0.0439836
0.053991
0.0656158
0.0789502
0.0940491
0.110921
0.129518
0.149727
0.171369
0.194186
0.217852
0.241971
0.266085
0.289692
0.312254
0.333225
0.352065
0.36827
0.381388
0.391043
0.396953
0.398942
0.396953
0.391043
0.381388
0.36827
0.352065
0.333225
0.312254
0.289692
0.266085
0.241971
0.217852
0.194186
0.171369
0.149727
0.129518
0.110921
0.094049
0.0789501
0.0656158
0.053991
0.0439836
0.0354746
0.028327
0.0223945
0.0175283
0.013583
0.0104209
0.00791545
0.00595253
0.00443185
0.00326682
0.00238409
0.00172257
0.00123222
0.000872683
0.000611901
0.000424781
0.000291947
0.000198655
0.00013383
8.92615e-05
5.89431e-05
3.85352e-05
2.49424e-05
1.59837e-05
1.01408e-05
6.36983e-06
3.9613e-06
2.43895e-06
1.48672e-06
ordre_2
1.48672e-06
2.43896e-06
3.9613e-06
6.36983e-06
1.01409e-05
1.59837e-05
2.49425e-05
3.85352e-05
5.89431e-05
8.92617e-05
0.00013383
0.000198655
0.000291947
0.000424781
0.000611902
0.000872683
0.00123222
0.00172257
0.00238409
0.00326682
0.00443185
0.00595254
0.00791545
0.0104209
0.013583
0.0175283
0.0223945
0.028327
0.0354746
0.0439836
0.053991
0.0656158
0.0789502
0.0940491
0.110921
0.129518
0.149727
0.171369
0.194186
0.217852
0.241971
0.266085
0.289692
0.312254
0.333225
0.352065
0.36827
0.381388
0.391043
0.396953
0.398942
0.396953
0.391043
0.381388
0.36827
0.352065
0.333225
0.312254
0.289692
0.266085
0.241971
0.217852
0.194186
0.171369
0.149727
0.129518
0.110921
0.094049
0.0789501
0.0656158
0.053991
0.0439836
0.0354746
0.028327
0.0223945
0.0175283
0.013583
0.0104209
0.00791545
0.00595253
0.00443185
0.00326682
0.00238409
0.00172257
0.00123222
0.000872683
0.000611901
0.000424781
0.000291947
0.000198655
0.00013383
8.92615e-05
5.89431e-05
3.85352e-05
2.49424e-05
1.59837e-05
1.01408e-05
6.36983e-06
3.9613e-06
2.43895e-06
1.48672e-06
--- compute equation at time : 0.1 ---
ordre_1
7.4336e-07
1.96284e-06
3.20013e-06
5.16556e-06
8.25534e-06
1.30623e-05
2.04631e-05
3.17388e-05
4.87391e-05
7.41024e-05
0.000111546
0.000166243
0.000245301
0.000358364
0.000518341
0.000742292
0.00105245
0.00147739
0.00205333
0.00282545
0.00384933
0.00519219
0.00693399
0.00916819
0.012002
0.0155556
0.0199614
0.0253608
0.0319008
0.0397291
0.0489873
0.0598034
0.072283
0.0864996
0.102485
0.120219
0.139623
0.160548
0.182777
0.206019
0.229911
0.254028
0.277888
0.300973
0.322739
0.342645
0.360168
0.374829
0.386215
0.393998
0.397947
0.397947
0.393998
0.386215
0.374829
0.360168
0.342645
0.322739
0.300973
0.277888
0.254028
0.229911
0.206019
0.182777
0.160548
0.139623
0.120219
0.102485
0.0864996
0.072283
0.0598034
0.0489873
0.0397291
0.0319008
0.0253608
0.0199614
0.0155556
0.012002
0.00916819
0.00693399
0.00519219
0.00384933
0.00282545
0.00205333
0.00147739
0.00105245
0.000742292
0.000518341
0.000358364
0.000245301
0.000166243
0.000111546
7.41023e-05
4.87391e-05
3.17388e-05
2.04631e-05
1.30623e-05
8.25533e-06
5.16556e-06
3.20012e-06
1.96284e-06
ordre_2
8.1017e-07
1.89158e-06
3.08935e-06
4.99525e-06
7.99636e-06
1.26728e-05
1.98839e-05
3.08869e-05
4.75003e-05
7.23212e-05
0.000109014
0.000162685
0.000240358
0.000351578
0.000509134
0.000729948
0.0010361
0.001456
0.00202568
0.00279017
0.00380488
0.00513691
0.00686617
0.00908612
0.011904
0.0154405
0.0198281
0.0252089
0.0317306
0.0395418
0.0487851
0.0595897
0.0720624
0.086278
0.102269
0.120018
0.139444
0.160401
0.182671
0.205963
0.229912
0.254092
0.278019
0.301172
0.323006
0.342974
0.360554
0.375262
0.386683
0.394488
0.398445
0.398437
0.394466
0.386648
0.375215
0.360497
0.342911
0.322938
0.301103
0.277952
0.254028
0.229855
0.205913
0.18263
0.160369
0.139421
0.120004
0.102263
0.086279
0.0720693
0.0596012
0.0488
0.0395589
0.0317489
0.0252275
0.0198463
0.0154577
0.0119199
0.00910037
0.00687871
0.00514773
0.00381404
0.0027978
0.00203193
0.00146104
0.00104011
0.000733084
0.000511555
0.000353421
0.000241743
0.000163711
0.000109765
7.28635e-05
4.78872e-05
3.11595e-05
2.00736e-05
1.28033e-05
8.08502e-06
5.05479e-06
3.12886e-06
2.02965e-06
--- compute equation at time : 0.2 ---
ordre_1
3.7168e-07
1.3531e-06
2.58148e-06
4.18285e-06
6.71045e-06
1.06588e-05
1.67627e-05
2.6101e-05
4.0239e-05
6.14208e-05
9.28242e-05
0.000138894
0.000205772
0.000301833
0.000438353
0.000630317
0.000897372
0.00126492
0.00176536
0.00243939
0.00333739
0.00452076
0.00606309
0.00805109
0.0105851
0.0137788
0.0177585
0.0226611
0.0286308
0.035815
0.0443582
0.0543953
0.0660432
0.0793913
0.0944923
0.111352
0.129921
0.150085
0.171663
0.194398
0.217965
0.24197
0.265958
0.289431
0.311856
0.332692
0.351406
0.367498
0.380522
0.390106
0.395973
0.397947
0.395973
0.390106
0.380522
0.367498
0.351406
0.332692
0.311856
0.289431
0.265958
0.24197
0.217965
0.194398
0.171663
0.150085
0.129921
0.111352
0.0944923
0.0793913
0.0660432
0.0543953
0.0443582
0.0358149
0.0286308
0.0226611
0.0177585
0.0137788
0.0105851
0.00805109
0.00606309
0.00452076
0.00333739
0.00243939
0.00176536
0.00126492
0.000897371
0.000630316
0.000438352
0.000301832
0.000205772
0.000138894
9.28241e-05
6.14207e-05
4.0239e-05
2.61009e-05
1.67627e-05
1.06588e-05
6.71045e-06
4.18284e-06
2.58148e-06
ordre_2
3.7118e-07
1.33633e-06
2.40195e-06
3.9054e-06
6.28639e-06
1.00178e-05
1.58043e-05
2.46841e-05
3.81677e-05
5.84268e-05
8.85453e-05
0.000132849
0.000197328
0.000290176
0.000422449
0.000608874
0.000868805
0.00122733
0.00171649
0.00237665
0.00325786
0.00442124
0.00594021
0.0079014
0.0104053
0.0135659
0.0175102
0.0223759
0.0283086
0.0354572
0.0439683
0.0539789
0.0656082
0.0789483
0.0940541
0.110934
0.129539
0.149758
0.171409
0.194235
0.217909
0.242033
0.266152
0.28976
0.312322
0.333289
0.352123
0.368319
0.381425
0.391066
0.396962
0.398937
0.396932
0.391009
0.381342
0.368215
0.352003
0.333157
0.312185
0.289624
0.266021
0.241913
0.217802
0.194144
0.171336
0.149704
0.129503
0.110914
0.0940493
0.0789564
0.0656269
0.0540056
0.0440006
0.0354928
0.0283457
0.0224128
0.0175457
0.013599
0.0104354
0.0079282
0.00596356
0.00444121
0.00327463
0.0023905
0.00172774
0.00123633
0.000875908
0.000614395
0.000426681
0.000293376
0.000199716
0.000134607
8.98234e-05
5.93443e-05
3.88182e-05
2.51396e-05
1.61194e-05
1.02332e-05
6.43187e-06
3.98849e-06
2.69556e-06
--- compute equation at time : 0.3 ---
ordre_1
1.8584e-07
8.6239e-07
1.96729e-06
3.38216e-06
5.44665e-06
8.68464e-06
1.37108e-05
2.14318e-05
3.317e-05
5.08299e-05
7.71225e-05
0.000115859
0.000172333
0.000253802
0.000370093
0.000534335
0.000763844
0.00108115
0.00151514
0.00210238
0.00288839
0.00392908
0.00529193
0.00705709
0.00931808
0.0121819
0.0157687
0.0202098
0.025646
0.0322229
0.0400866
0.0493768
0.0602193
0.0727172
0.0869418
0.102922
0.120636
0.140003
0.160874
0.18303
0.206182
0.229968
0.253964
0.277694
0.300643
0.322274
0.342049
0.359452
0.37401
0.385314
0.393039
0.39696
0.39696
0.393039
0.385314
0.37401
0.359452
0.342049
0.322274
0.300643
0.277694
0.253964
0.229968
0.206182
0.18303
0.160874
0.140003
0.120636
0.102922
0.0869418
0.0727172
0.0602193
0.0493768
0.0400866
0.0322229
0.0256459
0.0202098
0.0157687
0.0121819
0.00931808
0.00705709
0.00529192
0.00392908
0.00288839
0.00210238
0.00151514
0.00108115
0.000763844
0.000534334
0.000370092
0.000253802
0.000172333
0.000115859
7.71224e-05
5.08298e-05
3.31699e-05
2.14318e-05
1.37107e-05
8.68463e-06
5.44665e-06
3.38216e-06
ordre_2
1.11344e-07
8.41195e-07
1.81441e-06
3.04398e-06
4.9271e-06
7.89518e-06
1.25244e-05
1.96687e-05
3.0579e-05
4.70648e-05
7.17129e-05
0.000108175
0.000161543
0.000238824
0.000349543
0.000506473
0.000726516
0.00103174
0.00145053
0.00201893
0.00278198
0.0037951
0.00512545
0.00685297
0.00907124
0.0118876
0.0154229
0.0198097
0.0251903
0.0317126
0.0395253
0.0487712
0.0595797
0.0720575
0.0862794
0.102278
0.120035
0.13947
0.160436
0.182716
0.206015
0.229972
0.254156
0.278087
0.30124
0.323072
0.343036
0.360607
0.375305
0.386714
0.394504
0.398447
0.398424
0.394439
0.386608
0.375164
0.360438
0.342846
0.32287
0.301035
0.277886
0.253967
0.2298
0.205867
0.182593
0.160341
0.139402
0.119993
0.10226
0.0862825
0.0720781
0.0596142
0.0488159
0.0395766
0.0317675
0.025246
0.0198642
0.0154745
0.0119351
0.00911398
0.0068906
0.00515791
0.00382261
0.00280489
0.0020377
0.00146566
0.00104376
0.000735927
0.000513737
0.000355073
0.000242977
0.000164621
0.000110427
7.33398e-05
4.82253e-05
3.13966e-05
2.02378e-05
1.29157e-05
8.16277e-06
5.06637e-06
3.51735e-06
--- compute equation at time : 0.4 ---
ordre_1
9.292e-08
5.24115e-07
1.41484e-06
2.67473e-06
4.41441e-06
7.06564e-06
1.11977e-05
1.75713e-05
2.73009e-05
4.19999e-05
6.39762e-05
9.64909e-05
0.000144096
0.000213068
0.000311947
0.000452214
0.000649089
0.000922496
0.00129814
0.00180876
0.00249539
0.00340874
0.0046105
0.00617451
0.00818759
0.01075
0.0139753
0.0179892
0.0229279
0.0289344
0.0361547
0.0447317
0.054798
0.0664683
0.0798295
0.094932
0.111779
0.13032
0.150439
0.171952
0.194606
0.218075
0.241966
0.265829
0.289169
0.311459
0.332162
0.350751
0.366731
0.379662
0.389177
0.395
0.39696
0.395
0.389177
0.379662
0.366731
0.350751
0.332162
0.311459
0.289169
0.265829
0.241966
0.218075
0.194606
0.171952
0.150439
0.13032
0.111779
0.094932
0.0798295
0.0664682
0.054798
0.0447317
0.0361547
0.0289344
0.0229279
0.0179892
0.0139753
0.01075
0.00818758
0.00617451
0.0046105
0.00340873
0.00249538
0.00180876
0.00129814
0.000922495
0.000649089
0.000452213
0.000311947
0.000213068
0.000144096
9.64908e-05
6.39761e-05
4.19999e-05
2.73009e-05
1.75713e-05
1.11977e-05
7.06564e-06
4.4144e-06
ordre_2
-2.16413e-08
4.45849e-07
1.29576e-06
2.3475e-06
3.84992e-06
6.2035e-06
9.8954e-06
1.56258e-05
2.44269e-05
3.78016e-05
5.79121e-05
8.78308e-05
0.00013187
0.000196004
0.000288407
0.000420119
0.000605847
0.000864928
0.00122243
0.0017104
0.0023692
0.00324889
0.00441063
0.00592787
0.00788734
0.0103896
0.0135488
0.017492
0.0223572
0.0282901
0.0354398
0.043953
0.0539668
0.0656006
0.0789464
0.0940591
0.110947
0.129561
0.149789
0.171448
0.194283
0.217965
0.242096
0.266219
0.289829
0.31239
0.333353
0.35218
0.368367
0.381462
0.39109
0.396971
0.398931
0.396912
0.390975
0.381296
0.368159
0.35194
0.33309
0.312117
0.289557
0.265958
0.241855
0.217751
0.194102
0.171303
0.14968
0.129488
0.110907
0.0940497
0.0789628
0.065638
0.0540202
0.0440175
0.0355111
0.0283643
0.0224311
0.017563
0.013615
0.0104498
0.00794095
0.00597458
0.00445056
0.00328243
0.0023969
0.00173292
0.00124045
0.000879137
0.000616891
0.000428584
0.000294807
0.000200779
0.000135386
9.03868e-05
5.97468e-05
3.91022e-05
2.53376e-05
1.62556e-05
1.03322e-05
6.42115e-06
4.5379e-06
--- compute equation at time : 0.5 ---
ordre_1
4.646e-08
3.08517e-07
9.69478e-07
2.04478e-06
3.54457e-06
5.74003e-06
9.13167e-06
1.43845e-05
2.24361e-05
3.46504e-05
5.2988e-05
8.02335e-05
0.000120294
0.000178582
0.000262508
0.00038208
0.000550652
0.000785793
0.00111032
0.00155345
0.00215207
0.00295206
0.00400962
0.00539251
0.00718105
0.0094688
0.0123627
0.0159823
0.0204586
0.0259311
0.0325446
0.0404432
0.0497648
0.0606331
0.0731489
0.0873808
0.103356
0.12105
0.140379
0.161195
0.183279
0.20634
0.23002
0.253897
0.277499
0.300314
0.32181
0.341456
0.358741
0.373197
0.38442
0.392088
0.39598
0.39598
0.392088
0.38442
0.373197
0.358741
0.341456
0.32181
0.300314
0.277499
0.253897
0.23002
0.20634
0.183279
0.161195
0.140379
0.12105
0.103356
0.0873807
0.0731489
0.0606331
0.0497648
0.0404432
0.0325446
0.0259311
0.0204586
0.0159823
0.0123627
0.00946879
0.00718104
0.0053925
0.00400962
0.00295206
0.00215207
0.00155345
0.00111032
0.000785792
0.000550651
0.00038208
0.000262507
0.000178582
0.000120293
8.02335e-05
5.2988e-05
3.46504e-05
2.24361e-05
1.43845e-05
9.13166e-06
5.74002e-06
ordre_2
-7.1962e-08
1.64301e-07
8.45573e-07
1.7653e-06
2.99232e-06
4.85942e-06
7.79463e-06
1.23768e-05
1.94547e-05
3.02723e-05
4.66308e-05
7.11064e-05
0.000107338
0.000160403
0.000237292
0.000347511
0.000503814
0.000723085
0.00102737
0.00144506
0.00201219
0.00277379
0.00378532
0.00511397
0.00683976
0.00905633
0.0118712
0.0154052
0.0197912
0.0251716
0.0316945
0.0395088
0.0487574
0.0595697
0.0720526
0.0862809
0.102287
0.120052
0.139496
0.160472
0.18276
0.206068
0.230031
0.254221
0.278155
0.301309
0.323138
0.343097
0.36066
0.375348
0.386744
0.394521
0.398448
0.398411
0.394411
0.386568
0.375113
0.360378
0.342781
0.322802
0.300967
0.27782
0.253906
0.229746
0.20582
0.182555
0.160312
0.139382
0.119982
0.102257
0.0862859
0.072087
0.0596272
0.0488318
0.0395943
0.031786
0.0252646
0.019882
0.0154912
0.0119504
0.00912758
0.00690247
0.00516809
0.00383117
0.00281197
0.00204347
0.00147029
0.00104741
0.000738772
0.000515921
0.000356727
0.000244213
0.000165533
0.000111091
7.38174e-05
4.85645e-05
3.16346e-05
2.04018e-05
1.30423e-05
8.12318e-06
5.81136e-06
--- compute equation at time : 0.6 ---
ordre_1
2.323e-08
1.77489e-07
6.38998e-07
1.50713e-06
2.79468e-06
4.6423e-06
7.43585e-06
1.17581e-05
1.84103e-05
2.85433e-05
4.38192e-05
6.66108e-05
0.000100264
0.000149438
0.000220545
0.000322294
0.000466366
0.000668222
0.000948056
0.00133189
0.00185276
0.00255207
0.00348084
0.00470106
0.00628678
0.00832492
0.0109157
0.0141725
0.0182204
0.0231949
0.0292379
0.0364939
0.045104
0.055199
0.066891
0.0802648
0.0953682
0.112203
0.130714
0.150787
0.172237
0.19481
0.21818
0.241959
0.265698
0.288906
0.311062
0.331633
0.350099
0.365969
0.378808
0.388254
0.394034
0.39598
0.394034
0.388254
0.378808
0.365969
0.350099
0.331633
0.311062
0.288906
0.265698
0.241959
0.21818
0.19481
0.172237
0.150787
0.130714
0.112203
0.0953682
0.0802648
0.066891
0.055199
0.045104
0.0364939
0.0292379
0.0231948
0.0182204
0.0141725
0.0109157
0.00832492
0.00628677
0.00470106
0.00348084
0.00255206
0.00185276
0.00133188
0.000948056
0.000668222
0.000466366
0.000322294
0.000220545
0.000149438
0.000100263
6.66107e-05
4.38192e-05
2.85432e-05
1.84103e-05
1.17581e-05
7.43584e-06
ordre_2
-7.45092e-08
-9.45637e-09
4.75131e-07
1.26702e-06
2.2988e-06
3.79235e-06
6.12116e-06
9.77375e-06
1.54483e-05
2.41708e-05
3.74369e-05
5.73991e-05
8.71182e-05
0.000130892
0.000194681
0.000286641
0.000417792
0.000602823
0.000861053
0.00121754
0.00170432
0.00236175
0.00323991
0.0044
0.00591551
0.00787326
0.0103739
0.0135317
0.0174739
0.0223386
0.0282716
0.0354224
0.0439376
0.0539547
0.065593
0.0789445
0.0940641
0.11096
0.129583
0.14982
0.171488
0.194332
0.218021
0.242158
0.266286
0.289898
0.312457
0.333417
0.352238
0.368415
0.381498
0.391114
0.39698
0.398925
0.396892
0.390941
0.38125
0.368103
0.351877
0.333023
0.312048
0.289489
0.265894
0.241797
0.217701
0.19406
0.17127
0.149656
0.129473
0.1109
0.09405
0.0789691
0.065649
0.0540348
0.0440344
0.0355293
0.0283829
0.0224493
0.0175804
0.013631
0.0104643
0.00795369
0.0059856
0.00445992
0.00329024
0.00240331
0.00173809
0.00124457
0.000882368
0.000619389
0.000430489
0.000296241
0.000201843
0.000136166
9.09518e-05
6.01506e-05
3.93874e-05
2.5534e-05
1.6417e-05
1.02568e-05
7.40471e-06
--- compute equation at time : 0.7 ---
ordre_1
1.1615e-08
1.00359e-07
4.08243e-07
1.07306e-06
2.1509e-06
3.71849e-06
6.03907e-06
9.59697e-06
1.50842e-05
2.34768e-05
3.61812e-05
5.5215e-05
8.34372e-05
0.000124851
0.000184991
0.000271419
0.00039433
0.000567294
0.000808139
0.00113997
0.00159232
0.00220241
0.00301645
0.00409095
0.00549392
0.00730585
0.00962033
0.0125441
0.0161964
0.0207076
0.0262164
0.0328659
0.040799
0.0501515
0.061045
0.0735779
0.0878165
0.103785
0.121458
0.140751
0.161512
0.183524
0.206495
0.23007
0.253829
0.277302
0.299984
0.321348
0.340866
0.358034
0.372389
0.383531
0.391144
0.395007
0.395007
0.391144
0.383531
0.372389
0.358034
0.340866
0.321348
0.299984
0.277302
0.253828
0.23007
0.206495
0.183523
0.161512
0.140751
0.121458
0.103785
0.0878165
0.0735779
0.061045
0.0501515
0.0407989
0.0328659
0.0262164
0.0207076
0.0161964
0.0125441
0.00962032
0.00730585
0.00549392
0.00409095
0.00301645
0.00220241
0.00159232
0.00113997
0.000808139
0.000567294
0.00039433
0.000271419
0.000184991
0.000124851
8.34371e-05
5.5215e-05
3.61812e-05
2.34768e-05
1.50842e-05
9.59696e-06
ordre_2
-5.46999e-08
-9.44246e-08
1.94424e-07
8.41092e-07
1.72519e-06
2.94117e-06
4.79128e-06
7.69471e-06
1.223e-05
1.92416e-05
2.99668e-05
4.61984e-05
7.05018e-05
0.000106504
0.000159265
0.000235762
0.000345481
0.000501157
0.000719656
0.00102301
0.0014396
0.00200544
0.00276559
0.00377553
0.00510248
0.00682653
0.00904141
0.0118547
0.0153875
0.0197727
0.0251529
0.0316764
0.0394923
0.0487435
0.0595597
0.0720477
0.0862823
0.102296
0.120069
0.139522
0.160507
0.182805
0.206121
0.230091
0.254286
0.278223
0.301377
0.323204
0.343158
0.360713
0.37539
0.386775
0.394537
0.39845
0.398398
0.394384
0.386528
0.375062
0.360319
0.342715
0.322734
0.300898
0.277754
0.253845
0.229692
0.205774
0.182518
0.160284
0.139363
0.119971
0.102254
0.0862894
0.0720958
0.0596402
0.0488477
0.039612
0.0318045
0.0252831
0.0198999
0.0155079
0.0119656
0.00914117
0.00691434
0.00517826
0.00383973
0.00281906
0.00204924
0.00147492
0.00105107
0.000741619
0.000518108
0.000358384
0.000245452
0.000166447
0.000111757
7.42964e-05
4.89053e-05
3.18687e-05
2.06059e-05
1.29234e-05
9.39985e-06
--- compute equation at time : 0.8 ---
ordre_1
5.8075e-09
5.59872e-08
2.54301e-07
7.40654e-07
1.61198e-06
2.93469e-06
4.87878e-06
7.81802e-06
1.23406e-05
1.92805e-05
2.9829e-05
4.56981e-05
6.93261e-05
0.000104144
0.000154921
0.000228205
0.000332875
0.000480812
0.000687717
0.000974055
0.00136615
0.00189737
0.00260943
0.0035537
0.00479244
0.00639989
0.00846309
0.0110822
0.0143703
0.018452
0.023462
0.0295411
0.0368324
0.0454752
0.0555983
0.0673115
0.0806972
0.095801
0.112622
0.131105
0.151132
0.172518
0.195009
0.218282
0.241949
0.265565
0.288643
0.310666
0.331107
0.34945
0.365211
0.37796
0.387338
0.393075
0.395007
0.393075
0.387338
0.37796
0.365211
0.34945
0.331107
0.310666
0.288643
0.265565
0.241949
0.218282
0.195009
0.172518
0.151132
0.131105
0.112622
0.095801
0.0806972
0.0673115
0.0555982
0.0454752
0.0368324
0.0295411
0.023462
0.018452
0.0143703
0.0110822
0.00846308
0.00639988
0.00479243
0.0035537
0.00260943
0.00189737
0.00136615
0.000974054
0.000687716
0.000480812
0.000332874
0.000228205
0.000154921
0.000104144
6.9326e-05
4.56981e-05
2.9829e-05
1.92805e-05
1.23406e-05
ordre_2
-2.92218e-08
-1.15634e-07
5.27228e-09
4.8808e-07
1.24165e-06
2.25391e-06
3.73456e-06
6.03902e-06
9.65281e-06
1.52716e-05
2.39159e-05
3.70736e-05
5.68878e-05
8.64077e-05
0.000129918
0.000193361
0.000284877
0.000415466
0.000599799
0.000857179
0.00121265
0.00169823
0.00235429
0.00323093
0.00438936
0.00590315
0.00785917
0.0103581
0.0135145
0.0174557
0.0223199
0.0282531
0.0354049
0.0439223
0.0539426
0.0655854
0.0789426
0.0940692
0.110973
0.129604
0.149851
0.171529
0.194381
0.218078
0.242221
0.266353
0.289966
0.312525
0.333481
0.352295
0.368463
0.381535
0.391137
0.396989
0.398919
0.396871
0.390907
0.381204
0.368048
0.351814
0.332956
0.311979
0.289422
0.26583
0.241739
0.21765
0.194018
0.171237
0.149632
0.129458
0.110894
0.0940503
0.0789754
0.0656601
0.0540493
0.0440513
0.0355475
0.0284015
0.0224676
0.0175977
0.013647
0.0104787
0.00796641
0.0059966
0.00446926
0.00329804
0.00240971
0.00174327
0.00124869
0.0008856
0.00062189
0.000432397
0.000297677
0.00020291
0.000136949
9.15182e-05
6.05565e-05
3.96652e-05
2.57897e-05
1.62448e-05
1.18962e-05
--- compute equation at time : 0.9 ---
ordre_1
2.90375e-09
3.08973e-08
1.55144e-07
4.97477e-07
1.17632e-06
2.27334e-06
3.90674e-06
6.3484e-06
1.00793e-05
1.58105e-05
2.45547e-05
3.77636e-05
5.75121e-05
8.6735e-05
0.000129532
0.000191563
0.00028054
0.000406843
0.000584264
0.000830886
0.0011701
0.00163176
0.0022534
0.00308157
0.00417307
0.00559616
0.00743149
0.00977265
0.0127262
0.0164112
0.020957
0.0265016
0.0331868
0.0411538
0.0505367
0.0614549
0.0740043
0.0882491
0.104211
0.121863
0.141118
0.161825
0.183764
0.206646
0.230116
0.253757
0.277104
0.299655
0.320886
0.340278
0.357331
0.371585
0.382649
0.390207
0.394041
0.394041
0.390206
0.382649
0.371585
0.357331
0.340278
0.320886
0.299655
0.277104
0.253757
0.230116
0.206646
0.183764
0.161825
0.141118
0.121863
0.104211
0.0882491
0.0740043
0.0614548
0.0505367
0.0411538
0.0331868
0.0265015
0.020957
0.0164111
0.0127262
0.00977265
0.00743148
0.00559616
0.00417307
0.00308157
0.0022534
0.00163176
0.0011701
0.000830885
0.000584264
0.000406843
0.00028054
0.000191563
0.000129532
8.67349e-05
5.75121e-05
3.77635e-05
2.45547e-05
1.58105e-05
ordre_2
-7.46213e-09
-9.83426e-08
-1.00418e-07
2.1283e-07
8.32532e-07
1.68923e-06
2.89126e-06
4.72312e-06
7.59529e-06
1.2084e-05
1.90296e-05
2.96627e-05
4.57675e-05
6.9899e-05
0.000105671
0.00015813
0.000234235
0.000343454
0.000498502
0.000716228
0.00101865
0.00143413
0.00199869
0.00275739
0.00376573
0.00509098
0.00681329
0.00902647
0.0118382
0.0153697
0.0197541
0.0251342
0.0316583
0.0394757
0.0487297
0.0595497
0.0720428
0.0862838
0.102305
0.120087
0.139549
0.160543
0.182849
0.206173
0.230151
0.254352
0.278291
0.301446
0.323271
0.343219
0.360766
0.375433
0.386805
0.394553
0.398451
0.398385
0.394356
0.386487
0.375011
0.360259
0.34265
0.322665
0.30083
0.277689
0.253784
0.229638
0.205728
0.18248
0.160256
0.139344
0.119961
0.102251
0.0862929
0.0721047
0.0596531
0.0488636
0.0396297
0.031823
0.0253015
0.0199177
0.0155246
0.0119809
0.00915475
0.0069262
0.00518842
0.00384829
0.00282614
0.00205501
0.00147954
0.00105472
0.000744468
0.000520297
0.000360043
0.000246693
0.000167363
0.000112425
7.47786e-05
4.92339e-05
3.21862e-05
2.03677e-05
1.50139e-05
--- compute equation at time : 1 ---
ordre_1
1.45187e-09
1.69005e-08
9.30208e-08
3.26311e-07
8.36898e-07
1.72483e-06
3.09004e-06
5.12757e-06
8.21385e-06
1.29449e-05
2.01826e-05
3.11592e-05
4.76378e-05
7.21235e-05
0.000108134
0.000160548
0.000236052
0.000343692
0.000495554
0.000707575
0.00100049
0.00140093
0.00194258
0.00266748
0.00362732
0.00488462
0.00651382
0.00860207
0.0112494
0.0145687
0.0186841
0.0237293
0.0298442
0.0371703
0.0458453
0.0559958
0.0677296
0.0811267
0.0962303
0.113037
0.131491
0.151471
0.172794
0.195205
0.218381
0.241936
0.265431
0.288379
0.31027
0.330582
0.348804
0.364458
0.377117
0.386428
0.392124
0.394041
0.392124
0.386428
0.377117
0.364458
0.348804
0.330582
0.31027
0.288379
0.265431
0.241936
0.218381
0.195205
0.172794
0.151471
0.131491
0.113037
0.0962303
0.0811267
0.0677296
0.0559958
0.0458453
0.0371703
0.0298442
0.0237293
0.0186841
0.0145687
0.0112494
0.00860206
0.00651382
0.00488461
0.00362732
0.00266748
0.00194258
0.00140093
0.00100049
0.000707575
0.000495553
0.000343691
0.000236051
0.000160548
0.000108134
7.21235e-05
4.76378e-05
3.11591e-05
2.01826e-05
ordre_2
6.69623e-09
-6.4003e-08
-1.38796e-07
1.78992e-08
4.93056e-07
1.21772e-06
2.21152e-06
3.67715e-06
5.95713e-06
9.53254e-06
1.50959e-05
2.36622e-05
3.67118e-05
5.63782e-05
8.5699e-05
0.000128945
0.000192043
0.000283116
0.000413143
0.000596778
0.000853306
0.00120775
0.00169214
0.00234683
0.00322195
0.00437872
0.00589078
0.00784506
0.0103424
0.0134974
0.0174375
0.0223012
0.0282346
0.0353875
0.0439069
0.0539305
0.0655778
0.0789408
0.0940743
0.110986
0.129626
0.149882
0.171569
0.19443
0.218134
0.242284
0.26642
0.290035
0.312593
0.333545
0.352353
0.368512
0.381572
0.39116
0.396998
0.398913
0.396851
0.390873
0.381158
0.367992
0.351752
0.332889
0.311911
0.289355
0.265767
0.241681
0.2176
0.193976
0.171204
0.149609
0.129443
0.110887
0.0940507
0.0789817
0.0656711
0.0540639
0.0440682
0.0355657
0.0284201
0.0224858
0.017615
0.013663
0.0104931
0.00797913
0.0060076
0.00447861
0.00330584
0.00241611
0.00174844
0.00125281
0.000888835
0.000624393
0.000434307
0.000299115
0.000203979
0.000137732
9.2089e-05
6.09441e-05
4.00564e-05
2.54689e-05
1.88983e-05
--- compute equation at time : 1.1 ---
ordre_1
7.25937e-10
9.17621e-09
5.49607e-08
2.09666e-07
5.81604e-07
1.28086e-06
2.40743e-06
4.1088e-06
6.67071e-06
1.05794e-05
1.65638e-05
2.56709e-05
3.93985e-05
5.98807e-05
9.01286e-05
0.000134341
0.0001983
0.000289872
0.000419623
0.000601564
0.000854034
0.00120071
0.00167175
0.00230503
0.0031474
0.00425597
0.00569922
0.00755795
0.00992576
0.0129091
0.0166264
0.0212067
0.0267867
0.0335072
0.0415078
0.0509205
0.0618627
0.0744282
0.0886785
0.104634
0.122264
0.141481
0.162133
0.183999
0.206793
0.230159
0.253684
0.276905
0.299325
0.320426
0.339693
0.356631
0.370788
0.381772
0.389276
0.393083
0.393083
0.389276
0.381772
0.370788
0.356631
0.339693
0.320426
0.299325
0.276905
0.253684
0.230159
0.206793
0.183999
0.162133
0.141481
0.122264
0.104634
0.0886785
0.0744281
0.0618627
0.0509205
0.0415078
0.0335072
0.0267867
0.0212067
0.0166264
0.0129091
0.00992575
0.00755794
0.00569922
0.00425596
0.0031474
0.00230503
0.00167175
0.00120071
0.000854034
0.000601564
0.000419622
0.000289871
0.0001983
0.000134341
9.01286e-05
5.98806e-05
3.93985e-05
2.56709e-05
ordre_2
1.30225e-08
-2.81416e-08
-1.30336e-07
-1.00256e-07
2.2429e-07
8.21744e-07
1.65564e-06
2.84254e-06
4.65521e-06
7.49635e-06
1.19388e-05
1.88186e-05
2.93599e-05
4.53382e-05
6.9298e-05
0.00010484
0.000156997
0.00023271
0.000341429
0.000495849
0.000712802
0.00101429
0.00142866
0.00199193
0.00274918
0.00375592
0.00507947
0.00680003
0.00901152
0.0118217
0.015352
0.0197356
0.0251154
0.0316402
0.0394592
0.0487158
0.0595397
0.072038
0.0862853
0.102314
0.120104
0.139575
0.160578
0.182894
0.206226
0.230211
0.254417
0.278359
0.301515
0.323337
0.34328
0.36082
0.375476
0.386835
0.394569
0.398453
0.398371
0.394329
0.386447
0.37496
0.3602
0.342585
0.322597
0.300762
0.277623
0.253724
0.229583
0.205682
0.182443
0.160228
0.139325
0.11995
0.102248
0.0862964
0.0721135
0.0596661
0.0488794
0.0396474
0.0318415
0.02532
0.0199355
0.0155412
0.0119961
0.00916831
0.00693805
0.00519858
0.00385684
0.00283322
0.00206077
0.00148417
0.00105838
0.000747319
0.000522488
0.000361704
0.000247936
0.00016828
0.000113098
7.52344e-05
4.97127e-05
3.17605e-05
2.37246e-05
--- compute equation at time : 1.2 ---
ordre_1
3.62969e-10
4.95107e-09
3.20684e-08
1.32313e-07
3.95635e-07
9.31234e-07
1.84415e-06
3.25812e-06
5.38976e-06
8.62505e-06
1.35716e-05
2.11173e-05
3.25347e-05
4.96396e-05
7.50047e-05
0.000112235
0.00016632
0.000244086
0.000354747
0.000510594
0.000727799
0.00102737
0.00143623
0.00198839
0.00272622
0.00370168
0.00497759
0.00662858
0.00874185
0.0114174
0.0147677
0.0189165
0.0239967
0.030147
0.0375075
0.0462142
0.0563916
0.0681454
0.0815533
0.0966562
0.113449
0.131873
0.151807
0.173066
0.195396
0.218476
0.241921
0.265294
0.288115
0.309876
0.33006
0.348162
0.363709
0.37628
0.385524
0.391179
0.393083
0.391179
0.385524
0.37628
0.363709
0.348162
0.33006
0.309876
0.288115
0.265294
0.241921
0.218476
0.195396
0.173066
0.151807
0.131873
0.113449
0.0966561
0.0815533
0.0681454
0.0563916
0.0462142
0.0375075
0.030147
0.0239967
0.0189165
0.0147677
0.0114174
0.00874185
0.00662858
0.00497759
0.00370168
0.00272622
0.00198839
0.00143623
0.00102737
0.000727799
0.000510593
0.000354747
0.000244085
0.00016632
0.000112235
7.50046e-05
4.96396e-05
3.25347e-05
ordre_2
1.32846e-08
6.9182e-11
-9.57728e-08
-1.52104e-07
2.79032e-08
4.93462e-07
1.19456e-06
2.17087e-06
3.62032e-06
5.87561e-06
9.41292e-06
1.49211e-05
2.34096e-05
3.63513e-05
5.58702e-05
8.49924e-05
0.000127974
0.000190728
0.000281357
0.000410822
0.000593759
0.000849434
0.00120286
0.00168605
0.00233937
0.00321295
0.00436807
0.00587839
0.00783093
0.0103266
0.0134802
0.0174193
0.0222824
0.0282161
0.03537
0.0438916
0.0539185
0.0655702
0.078939
0.0940794
0.110999
0.129648
0.149913
0.171609
0.194479
0.218191
0.242347
0.266486
0.290104
0.312661
0.333609
0.35241
0.36856
0.381608
0.391184
0.397007
0.398907
0.39683
0.390839
0.381112
0.367936
0.351689
0.332822
0.311842
0.289287
0.265703
0.241624
0.21755
0.193934
0.171171
0.149585
0.129428
0.11088
0.094051
0.078988
0.0656822
0.0540784
0.0440851
0.0355838
0.0284386
0.022504
0.0176322
0.013679
0.0105075
0.00799183
0.0060186
0.00448794
0.00331363
0.00242252
0.00175362
0.00125694
0.000892072
0.000626898
0.000436219
0.000300556
0.000205049
0.000138525
9.26236e-05
6.15274e-05
3.94971e-05
2.97036e-05
--- compute equation at time : 1.3 ---
ordre_1
1.81484e-10
2.65702e-09
1.85098e-08
8.21908e-08
2.63974e-07
6.63435e-07
1.38769e-06
2.55113e-06
4.32394e-06
7.0074e-06
1.10983e-05
1.73445e-05
2.6826e-05
4.10871e-05
6.23221e-05
9.36197e-05
0.000139277
0.000205203
0.000299416
0.00043267
0.000619197
0.000877586
0.0012318
0.00171231
0.00235731
0.00321395
0.00433964
0.00580309
0.00768522
0.0100796
0.0130926
0.0168421
0.0214566
0.0270718
0.0338272
0.0418608
0.0513029
0.0622685
0.0748494
0.0891047
0.105053
0.122661
0.14184
0.162437
0.184231
0.206936
0.230198
0.253608
0.276705
0.298995
0.319968
0.339111
0.355936
0.369995
0.380902
0.388352
0.392131
0.392131
0.388352
0.380902
0.369995
0.355936
0.339111
0.319968
0.298995
0.276705
0.253608
0.230198
0.206936
0.184231
0.162436
0.14184
0.122661
0.105053
0.0891047
0.0748494
0.0622685
0.0513029
0.0418608
0.0338272
0.0270718
0.0214566
0.0168421
0.0130926
0.0100796
0.00768521
0.00580308
0.00433964
0.00321395
0.0023573
0.00171231
0.0012318
0.000877586
0.000619196
0.00043267
0.000299416
0.000205203
0.000139277
9.36196e-05
6.23221e-05
4.10871e-05
ordre_2
9.95481e-09
1.70052e-08
-5.27906e-08
-1.53481e-07
-9.77944e-08
2.3124e-07
8.09613e-07
1.62357e-06
2.79486e-06
4.58771e-06
7.39791e-06
1.17944e-05
1.86087e-05
2.90583e-05
4.49104e-05
6.86988e-05
0.000104012
0.000155867
0.000231188
0.000339406
0.000493199
0.000709377
0.00100993
0.00142319
0.00198518
0.00274097
0.00374611
0.00506795
0.00678677
0.00899655
0.0118052
0.0153342
0.019717
0.0250967
0.0316221
0.0394426
0.0487019
0.0595297
0.0720331
0.0862868
0.102323
0.120121
0.139601
0.160614
0.182938
0.206279
0.230271
0.254482
0.278428
0.301583
0.323403
0.343341
0.360873
0.375518
0.386865
0.394586
0.398454
0.398358
0.394301
0.386407
0.374908
0.36014
0.342519
0.322529
0.300694
0.277557
0.253663
0.229529
0.205635
0.182406
0.1602
0.139306
0.119939
0.102245
0.0862999
0.0721223
0.059679
0.0488953
0.039665
0.0318599
0.0253384
0.0199533
0.0155579
0.0120113
0.00918186
0.00694989
0.00520873
0.00386539
0.0028403
0.00206654
0.0014888
0.00106204
0.000750173
0.000524682
0.000363368
0.00024918
0.000169209
0.000113723
7.59422e-05
4.89826e-05
3.70891e-05
--- compute equation at time : 1.4 ---
ordre_1
9.07422e-11
1.41925e-09
1.05834e-08
5.03503e-08
1.73083e-07
4.63704e-07
1.02556e-06
1.96941e-06
3.43754e-06
5.66567e-06
9.05286e-06
1.42214e-05
2.20852e-05
3.39566e-05
5.17046e-05
7.79709e-05
0.000116449
0.00017224
0.00025231
0.000366043
0.000525933
0.000748391
0.00105469
0.00147206
0.00203481
0.00278563
0.00377679
0.00507136
0.00674415
0.00888242
0.0115861
0.0149674
0.0191494
0.0242642
0.0304495
0.037844
0.0465819
0.0567857
0.0685589
0.0819771
0.0970786
0.113857
0.13225
0.152138
0.173334
0.195583
0.218567
0.241903
0.265156
0.28785
0.309482
0.329539
0.347523
0.362965
0.375448
0.384627
0.390241
0.392131
0.390241
0.384627
0.375448
0.362965
0.347523
0.329539
0.309482
0.28785
0.265156
0.241903
0.218567
0.195583
0.173334
0.152138
0.13225
0.113857
0.0970786
0.081977
0.0685589
0.0567857
0.0465819
0.037844
0.0304495
0.0242642
0.0191494
0.0149673
0.0115861
0.00888242
0.00674415
0.00507136
0.00377679
0.00278563
0.00203481
0.00147206
0.00105469
0.000748391
0.000525933
0.000366043
0.000252309
0.00017224
0.000116448
7.79708e-05
5.17046e-05
ordre_2
5.34046e-09
2.30858e-08
-1.40309e-08
-1.22683e-07
-1.59806e-07
3.55552e-08
4.90978e-07
1.17193e-06
2.13152e-06
3.56412e-06
5.79452e-06
9.29395e-06
1.47471e-05
2.31582e-05
3.59923e-05
5.5364e-05
8.42876e-05
0.000127006
0.000189415
0.0002796
0.000408504
0.000590742
0.000845563
0.00119797
0.00167996
0.0023319
0.00320395
0.00435741
0.00586599
0.00781679
0.0103108
0.013463
0.017401
0.0222636
0.0281975
0.0353525
0.0438762
0.0539064
0.0655626
0.0789372
0.0940846
0.111012
0.12967
0.149944
0.171649
0.194528
0.218248
0.24241
0.266554
0.290172
0.312728
0.333673
0.352468
0.368608
0.381645
0.391207
0.397016
0.398901
0.396809
0.390805
0.381066
0.367881
0.351626
0.332755
0.311774
0.28922
0.26564
0.241566
0.217499
0.193893
0.171139
0.149562
0.129413
0.110873
0.0940514
0.0789943
0.0656932
0.0540929
0.044102
0.035602
0.0284571
0.0225221
0.0176495
0.0136949
0.0105219
0.00800452
0.00602958
0.00449728
0.00332142
0.00242892
0.0017588
0.00126106
0.00089531
0.000629405
0.000438134
0.000301997
0.000206133
0.000139253
9.34802e-05
6.05792e-05
4.61853e-05
--- compute equation at time : 1.5 ---
ordre_1
4.53711e-11
7.54998e-10
6.00132e-09
3.04668e-08
1.11716e-07
3.18393e-07
7.44634e-07
1.49749e-06
2.70347e-06
4.5516e-06
7.35926e-06
1.16371e-05
1.81533e-05
2.80209e-05
4.28306e-05
6.48378e-05
9.72097e-05
0.000144344
0.000212275
0.000309177
0.000445988
0.000637162
0.000901543
0.00126338
0.00175343
0.00241022
0.00328121
0.00442408
0.00590776
0.00781329
0.0102343
0.0132767
0.0170584
0.0217068
0.0273569
0.0341468
0.0422129
0.0516838
0.0626723
0.075268
0.0895278
0.105468
0.123053
0.142194
0.162736
0.184459
0.207075
0.230235
0.25353
0.276503
0.298666
0.31951
0.338531
0.355244
0.369207
0.380038
0.387434
0.391186
0.391186
0.387434
0.380038
0.369207
0.355244
0.338531
0.31951
0.298666
0.276503
0.25353
0.230235
0.207075
0.184459
0.162736
0.142194
0.123053
0.105468
0.0895278
0.075268
0.0626723
0.0516838
0.0422129
0.0341468
0.0273569
0.0217068
0.0170584
0.0132767
0.0102343
0.00781328
0.00590775
0.00442408
0.00328121
0.00241022
0.00175343
0.00126338
0.000901542
0.000637162
0.000445988
0.000309176
0.000212275
0.000144344
9.72097e-05
6.48377e-05
ordre_2
1.11962e-09
2.10709e-08
1.34693e-08
-7.72979e-08
-1.70305e-07
-9.46332e-08
2.35076e-07
7.96621e-07
1.5926e-06
2.7481e-06
4.52069e-06
7.30002e-06
1.16508e-05
1.83998e-05
2.87581e-05
4.44842e-05
6.81015e-05
0.000103186
0.000154739
0.000229668
0.000337385
0.00049055
0.000705954
0.00100557
0.00141772
0.00197842
0.00273275
0.00373629
0.00505642
0.00677348
0.00898156
0.0117887
0.0153164
0.0196984
0.0250779
0.0316039
0.039426
0.048688
0.0595197
0.0720283
0.0862884
0.102332
0.120139
0.139628
0.16065
0.182983
0.206332
0.230331
0.254547
0.278496
0.301652
0.323469
0.343402
0.360926
0.375561
0.386895
0.394602
0.398456
0.398344
0.394274
0.386366
0.374857
0.36008
0.342454
0.322461
0.300625
0.277492
0.253602
0.229475
0.205589
0.182369
0.160172
0.139287
0.119929
0.102242
0.0863034
0.0721312
0.0596919
0.0489111
0.0396826
0.0318783
0.0253568
0.0199711
0.0155745
0.0120264
0.0091954
0.00696172
0.00521887
0.00387393
0.00284737
0.00207231
0.00149343
0.0010657
0.000753028
0.000526878
0.000365031
0.000250442
0.000170055
0.000114758
7.47163e-05
5.73562e-05
--- compute equation at time : 1.6 ---
ordre_1
2.26855e-11
4.00184e-10
3.37816e-09
1.82341e-08
7.10916e-08
2.15055e-07
5.31514e-07
1.12106e-06
2.10048e-06
3.62754e-06
5.95543e-06
9.49819e-06
1.48952e-05
2.30871e-05
3.54258e-05
5.38342e-05
8.10238e-05
0.000120777
0.00017831
0.000260726
0.000377583
0.000541575
0.000769353
0.00108246
0.00150841
0.00208183
0.00284572
0.00385265
0.00516592
0.00686052
0.00902378
0.0117555
0.0151675
0.0193826
0.0245318
0.0307518
0.0381799
0.0469484
0.0571781
0.0689702
0.0823979
0.0974977
0.114261
0.132624
0.152465
0.173597
0.195767
0.218655
0.241882
0.265016
0.287584
0.309088
0.329021
0.346888
0.362226
0.374622
0.383736
0.38931
0.391186
0.38931
0.383736
0.374622
0.362226
0.346888
0.329021
0.309088
0.287584
0.265016
0.241882
0.218655
0.195767
0.173597
0.152465
0.132624
0.114261
0.0974977
0.0823979
0.0689702
0.057178
0.0469484
0.0381799
0.0307518
0.0245318
0.0193826
0.0151675
0.0117555
0.00902377
0.00686052
0.00516592
0.00385264
0.00284571
0.00208182
0.0015084
0.00108246
0.000769352
0.000541575
0.000377582
0.000260726
0.00017831
0.000120777
8.10237e-05
ordre_2
-1.79415e-09
1.45394e-08
2.76658e-08
-3.16343e-08
-1.44886e-07
-1.64224e-07
4.1242e-08
4.86545e-07
1.14967e-06
2.09321e-06
3.50855e-06
5.71392e-06
9.17564e-06
1.45741e-05
2.2908e-05
3.56347e-05
5.48595e-05
8.35849e-05
0.00012604
0.000188105
0.000277845
0.000406188
0.000587726
0.000841693
0.00119307
0.00167386
0.00232444
0.00319495
0.00434674
0.00585358
0.00780264
0.010295
0.0134458
0.0173827
0.0222449
0.0281789
0.035335
0.0438608
0.0538943
0.0655551
0.0789354
0.0940897
0.111025
0.129692
0.149975
0.17169
0.194577
0.218304
0.242472
0.266621
0.290241
0.312796
0.333737
0.352525
0.368656
0.381681
0.39123
0.397024
0.398895
0.396789
0.39077
0.38102
0.367825
0.351563
0.332688
0.311705
0.289153
0.265577
0.241509
0.217449
0.193851
0.171106
0.149538
0.129399
0.110867
0.0940518
0.0790007
0.0657042
0.0541075
0.0441188
0.0356201
0.0284756
0.0225403
0.0176667
0.0137109
0.0105363
0.00801721
0.00604056
0.0045066
0.00332921
0.00243532
0.00176398
0.00126519
0.000898551
0.000631915
0.000440047
0.000303461
0.000207112
0.000140499
9.19018e-05
7.10357e-05
--- compute equation at time : 1.7 ---
ordre_1
1.13428e-11
2.11435e-10
1.88917e-09
1.08061e-08
4.46629e-08
1.43073e-07
3.73284e-07
8.26287e-07
1.61077e-06
2.86401e-06
4.79149e-06
7.72681e-06
1.21967e-05
1.89912e-05
2.92564e-05
4.463e-05
6.7429e-05
0.0001009
0.000149543
0.000219518
0.000319154
0.000459579
0.000655464
0.000925906
0.00129543
0.00179512
0.00246377
0.00334918
0.00450928
0.00601322
0.00794215
0.0103896
0.0134615
0.0172751
0.0219572
0.0276418
0.0344658
0.0425641
0.0520632
0.0630741
0.075684
0.0899478
0.105879
0.123442
0.142544
0.163031
0.184682
0.207211
0.230269
0.253449
0.2763
0.298336
0.319055
0.337954
0.354557
0.368424
0.379179
0.386523
0.390248
0.390248
0.386523
0.379179
0.368424
0.354557
0.337954
0.319054
0.298336
0.2763
0.253449
0.230269
0.207211
0.184682
0.163031
0.142544
0.123442
0.105879
0.0899478
0.075684
0.0630741
0.0520632
0.0425641
0.0344658
0.0276418
0.0219572
0.0172751
0.0134615
0.0103896
0.00794215
0.00601322
0.00450928
0.00334918
0.00246377
0.00179511
0.00129543
0.000925906
0.000655464
0.000459579
0.000319154
0.000219518
0.000149543
0.0001009
ordre_2
-3.16303e-09
6.77348e-09
3.01559e-08
4.75974e-09
-9.99997e-08
-1.82656e-07
-9.14705e-08
2.36665e-07
7.83056e-07
1.56246e-06
2.70213e-06
4.45419e-06
7.20268e-06
1.1508e-05
1.81919e-05
2.84591e-05
4.40595e-05
6.7506e-05
0.000102361
0.000153613
0.00022815
0.000335367
0.000487903
0.000702533
0.00100121
0.00141225
0.00197166
0.00272453
0.00372646
0.00504488
0.00676019
0.00896655
0.0117721
0.0152986
0.0196798
0.0250591
0.0315857
0.0394094
0.0486741
0.0595097
0.0720235
0.0862899
0.102341
0.120156
0.139654
0.160686
0.183028
0.206385
0.230391
0.254612
0.278564
0.30172
0.323536
0.343463
0.360979
0.375603
0.386925
0.394617
0.398457
0.398331
0.394246
0.386326
0.374806
0.360021
0.342389
0.322393
0.300557
0.277426
0.253541
0.229421
0.205543
0.182331
0.160144
0.139267
0.119918
0.102239
0.0863069
0.07214
0.0597048
0.0489269
0.0397002
0.0318967
0.0253752
0.0199888
0.0155911
0.0120416
0.00920893
0.00697355
0.00522901
0.00388247
0.00285445
0.00207808
0.00149806
0.00106937
0.000755887
0.000529071
0.000366725
0.00025157
0.000171554
0.000112734
8.774e-05
--- compute equation at time : 1.8 ---
ordre_1
5.67139e-12
1.11389e-10
1.0503e-09
6.34765e-09
2.77345e-08
9.38681e-08
2.58179e-07
5.99786e-07
1.21853e-06
2.23739e-06
3.82775e-06
6.25915e-06
9.96176e-06
1.55939e-05
2.41238e-05
3.69432e-05
5.60295e-05
8.41647e-05
0.000125222
0.000184531
0.000269336
0.000389367
0.000557522
0.000790685
0.00111067
0.00154527
0.00212944
0.00290648
0.00392923
0.00526125
0.00697768
0.00916589
0.0119256
0.0153683
0.0196161
0.0247995
0.0310538
0.038515
0.0473137
0.0575687
0.0693791
0.0828159
0.0979135
0.114661
0.132993
0.152788
0.173857
0.195947
0.21874
0.241859
0.264875
0.287318
0.308695
0.328505
0.346256
0.36149
0.373801
0.382851
0.388385
0.390248
0.388385
0.382851
0.373801
0.36149
0.346256
0.328504
0.308695
0.287318
0.264875
0.241859
0.21874
0.195947
0.173857
0.152788
0.132993
0.114661
0.0979135
0.0828159
0.0693791
0.0575687
0.0473137
0.038515
0.0310538
0.0247995
0.0196161
0.0153683
0.0119256
0.00916589
0.00697768
0.00526125
0.00392923
0.00290647
0.00212944
0.00154527
0.00111067
0.000790685
0.000557521
0.000389366
0.000269336
0.00018453
0.000125222
ordre_2
-3.21896e-09
1.24482e-10
2.4562e-08
2.73782e-08
-5.03829e-08
-1.63058e-07
-1.66682e-07
4.53155e-08
4.80734e-07
1.12773e-06
2.05575e-06
3.45361e-06
5.63384e-06
9.058e-06
1.44021e-05
2.26589e-05
3.52785e-05
5.43566e-05
8.28842e-05
0.000125076
0.000186796
0.000276093
0.000403874
0.000584712
0.000837824
0.00118818
0.00166777
0.00231696
0.00318594
0.00433606
0.00584115
0.00778847
0.0102792
0.0134285
0.0173644
0.0222261
0.0281603
0.0353175
0.0438454
0.0538822
0.0655475
0.0789336
0.094095
0.111038
0.129714
0.150006
0.17173
0.194626
0.218361
0.242535
0.266688
0.29031
0.312864
0.333801
0.352582
0.368704
0.381718
0.391253
0.397033
0.398889
0.396768
0.390736
0.380974
0.367769
0.3515
0.332621
0.311637
0.289086
0.265513
0.241451
0.217399
0.193809
0.171074
0.149515
0.129384
0.11086
0.0940522
0.079007
0.0657153
0.054122
0.0441356
0.0356382
0.0284941
0.0225584
0.0176839
0.0137268
0.0105506
0.00802988
0.00605153
0.00451593
0.003337
0.00244172
0.00176916
0.00126931
0.000901795
0.00063442
0.000441999
0.000304755
0.000208912
0.000137916
0.00010808
--- compute equation at time : 1.9 ---
ordre_1
2.83569e-12
5.85301e-11
5.80846e-10
3.69897e-09
1.70411e-08
6.08013e-08
1.76023e-07
4.28982e-07
9.09157e-07
1.72796e-06
3.03257e-06
5.04345e-06
8.11045e-06
1.27778e-05
1.98589e-05
3.05335e-05
4.64863e-05
7.00971e-05
0.000104693
0.000154876
0.000226933
0.000329351
0.000473444
0.000674103
0.000950677
0.00132797
0.00183736
0.00251796
0.00341785
0.00459524
0.00611947
0.00807179
0.0105457
0.0136469
0.0174922
0.0222078
0.0279267
0.0347844
0.0429143
0.0524412
0.0634739
0.0760975
0.0903647
0.106287
0.123827
0.142891
0.163322
0.184902
0.207343
0.2303
0.253367
0.276097
0.298007
0.3186
0.33738
0.353873
0.367646
0.378326
0.385618
0.389317
0.389317
0.385618
0.378326
0.367646
0.353873
0.33738
0.3186
0.298007
0.276097
0.253367
0.230299
0.207343
0.184902
0.163322
0.142891
0.123827
0.106287
0.0903647
0.0760975
0.0634739
0.0524412
0.0429143
0.0347844
0.0279267
0.0222078
0.0174922
0.0136469
0.0105457
0.00807179
0.00611947
0.00459524
0.00341785
0.00251796
0.00183736
0.00132797
0.000950677
0.000674103
0.000473444
0.000329351
0.000226933
0.000154876
ordre_2
-2.42978e-09
-4.184e-09
1.50459e-08
3.60423e-08
-7.13813e-09
-1.20352e-07
-1.91822e-07
-8.86107e-08
2.36577e-07
7.69103e-07
1.53301e-06
2.65688e-06
4.38823e-06
7.10593e-06
1.13659e-05
1.79851e-05
2.81614e-05
4.36364e-05
6.69123e-05
0.000101539
0.000152489
0.000226635
0.000333351
0.000485259
0.000699113
0.000996848
0.00140677
0.00196489
0.00271631
0.00371663
0.00503333
0.00674688
0.00895153
0.0117556
0.0152808
0.0196612
0.0250403
0.0315675
0.0393928
0.0486602
0.0594997
0.0720187
0.0862915
0.10235
0.120174
0.139681
0.160722
0.183073
0.206439
0.230451
0.254678
0.278632
0.301789
0.323602
0.343524
0.361031
0.375645
0.386955
0.394633
0.398458
0.398317
0.394218
0.386285
0.374754
0.359961
0.342324
0.322325
0.300489
0.277361
0.253481
0.229367
0.205498
0.182294
0.160116
0.139248
0.119907
0.102236
0.0863104
0.0721488
0.0597177
0.0489427
0.0397177
0.0319151
0.0253936
0.0200065
0.0156077
0.0120568
0.00922245
0.00698536
0.00523914
0.00389101
0.00286152
0.00208385
0.00150269
0.00107304
0.000758738
0.000531312
0.000368202
0.000253728
0.000168269
0.000132779
The time-looping took :
69.165ms
This program took :
71.5439ms
Attention : 
-> Directory data existed...
-> existed data was not over-written...
-> delete directory to save new data...
<end of output>
Test time =   0.22 sec
----------------------------------------------------------
Test Passed.
"prog_test" end time: Dec 12 06:04 CET
"prog_test" time elapsed: 00:00:00
----------------------------------------------------------

End testing: Dec 12 06:04 CET
