Start testing: Dec 01 03:32 CET
----------------------------------------------------------
1/4 Testing: UnitaryTest.MeshTest
1/4 Test: UnitaryTest.MeshTest
Command: "/Users/zhaoyutainazir/Prog Objet Oriente/build/test_exe" "--gtest_filter=UnitaryTest.MeshTest" "--gtest_also_run_disabled_tests"
Directory: /Users/zhaoyutainazir/Prog Objet Oriente/build
"UnitaryTest.MeshTest" start time: Dec 01 03:32 CET
Output:
----------------------------------------------------------
Running main() from /Users/zhaoyutainazir/googletest/googletest/src/gtest_main.cc
Note: Google Test filter = UnitaryTest.MeshTest
[==========] Running 1 test from 1 test suite.
[----------] Global test environment set-up.
[----------] 1 test from UnitaryTest
[ RUN      ] UnitaryTest.MeshTest
[       OK ] UnitaryTest.MeshTest (0 ms)
[----------] 1 test from UnitaryTest (0 ms total)

[----------] Global test environment tear-down
[==========] 1 test from 1 test suite ran. (0 ms total)
[  PASSED  ] 1 test.
<end of output>
Test time =   0.02 sec
----------------------------------------------------------
Test Passed.
"UnitaryTest.MeshTest" end time: Dec 01 03:32 CET
"UnitaryTest.MeshTest" time elapsed: 00:00:00
----------------------------------------------------------

2/4 Testing: UnitaryTest.ProblemTest
2/4 Test: UnitaryTest.ProblemTest
Command: "/Users/zhaoyutainazir/Prog Objet Oriente/build/test_exe" "--gtest_filter=UnitaryTest.ProblemTest" "--gtest_also_run_disabled_tests"
Directory: /Users/zhaoyutainazir/Prog Objet Oriente/build
"UnitaryTest.ProblemTest" start time: Dec 01 03:32 CET
Output:
----------------------------------------------------------
Running main() from /Users/zhaoyutainazir/googletest/googletest/src/gtest_main.cc
Note: Google Test filter = UnitaryTest.ProblemTest
[==========] Running 1 test from 1 test suite.
[----------] Global test environment set-up.
[----------] 1 test from UnitaryTest
[ RUN      ] UnitaryTest.ProblemTest
--- Solve problem ---
--- compute equation at time : 0 ---
-- at x_i = 0
-- at x_i = 0.1
-- at x_i = 0.2
-- at x_i = 0.3
-- at x_i = 0.4
-- at x_i = 0.5
-- at x_i = 0.6
-- at x_i = 0.7
-- at x_i = 0.8
-- at x_i = 0.9
-- at x_i = 1
-- at x_i = 1.1
-- at x_i = 1.2
-- at x_i = 1.3
-- at x_i = 1.4
-- at x_i = 1.5
-- at x_i = 1.6
-- at x_i = 1.7
-- at x_i = 1.8
-- at x_i = 1.9
-- at x_i = 2
-- at x_i = 2.1
-- at x_i = 2.2
-- at x_i = 2.3
-- at x_i = 2.4
-- at x_i = 2.5
-- at x_i = 2.6
-- at x_i = 2.7
-- at x_i = 2.8
-- at x_i = 2.9
-- at x_i = 3
-- at x_i = 3.1
-- at x_i = 3.2
-- at x_i = 3.3
-- at x_i = 3.4
-- at x_i = 3.5
-- at x_i = 3.6
-- at x_i = 3.7
-- at x_i = 3.8
-- at x_i = 3.9
-- at x_i = 4
-- at x_i = 4.1
-- at x_i = 4.2
-- at x_i = 4.3
-- at x_i = 4.4
-- at x_i = 4.5
-- at x_i = 4.6
-- at x_i = 4.7
-- at x_i = 4.8
-- at x_i = 4.9
-- at x_i = 5
-- at x_i = 5.1
-- at x_i = 5.2
-- at x_i = 5.3
-- at x_i = 5.4
-- at x_i = 5.5
-- at x_i = 5.6
-- at x_i = 5.7
-- at x_i = 5.8
-- at x_i = 5.9
-- at x_i = 6
-- at x_i = 6.1
-- at x_i = 6.2
-- at x_i = 6.3
-- at x_i = 6.4
-- at x_i = 6.5
-- at x_i = 6.6
-- at x_i = 6.7
-- at x_i = 6.8
-- at x_i = 6.9
-- at x_i = 7
-- at x_i = 7.1
-- at x_i = 7.2
-- at x_i = 7.3
-- at x_i = 7.4
-- at x_i = 7.5
-- at x_i = 7.6
-- at x_i = 7.7
-- at x_i = 7.79999
-- at x_i = 7.89999
-- at x_i = 7.99999
-- at x_i = 8.09999
-- at x_i = 8.2
-- at x_i = 8.3
-- at x_i = 8.4
-- at x_i = 8.5
-- at x_i = 8.6
-- at x_i = 8.7
-- at x_i = 8.8
-- at x_i = 8.9
-- at x_i = 9
-- at x_i = 9.1
-- at x_i = 9.2
-- at x_i = 9.3
-- at x_i = 9.4
-- at x_i = 9.5
-- at x_i = 9.6
-- at x_i = 9.7
-- at x_i = 9.8
-- at x_i = 9.9
Upwind;sol exacte
2.6724e-07;1.48672e-06
1.96284e-06;2.43896e-06
3.20013e-06;3.9613e-06
5.16556e-06;6.36983e-06
8.25534e-06;1.01409e-05
1.30623e-05;1.59837e-05
2.04631e-05;2.49425e-05
3.17388e-05;3.85352e-05
4.87391e-05;5.89431e-05
7.41024e-05;8.92617e-05
0.000111546;0.00013383
0.000166243;0.000198655
0.000245301;0.000291947
0.000358364;0.000424781
0.000518341;0.000611902
0.000742292;0.000872683
0.00105245;0.00123222
0.00147739;0.00172257
0.00205333;0.00238409
0.00282545;0.00326682
0.00384933;0.00443185
0.00519219;0.00595254
0.00693399;0.00791545
0.00916819;0.0104209
0.012002;0.013583
0.0155556;0.0175283
0.0199614;0.0223945
0.0253608;0.028327
0.0319008;0.0354746
0.0397291;0.0439836
0.0489873;0.053991
0.0598034;0.0656158
0.072283;0.0789502
0.0864996;0.0940491
0.102485;0.110921
0.120219;0.129518
0.139623;0.149727
0.160548;0.171369
0.182777;0.194186
0.206019;0.217852
0.229911;0.241971
0.254028;0.266085
0.277888;0.289692
0.300973;0.312254
0.322739;0.333225
0.342645;0.352065
0.360168;0.36827
0.374829;0.381388
0.386215;0.391043
0.393998;0.396953
0.397947;0.398942
0.397947;0.396953
0.393998;0.391043
0.386215;0.381388
0.374829;0.36827
0.360168;0.352065
0.342645;0.333225
0.322739;0.312254
0.300973;0.289692
0.277888;0.266085
0.254028;0.241971
0.229911;0.217852
0.206019;0.194186
0.182777;0.171369
0.160548;0.149727
0.139623;0.129518
0.120219;0.110921
0.102485;0.094049
0.0864996;0.0789501
0.072283;0.0656158
0.0598034;0.053991
0.0489873;0.0439836
0.0397291;0.0354746
0.0319008;0.028327
0.0253608;0.0223945
0.0199614;0.0175283
0.0155556;0.013583
0.012002;0.0104209
0.00916819;0.00791545
0.00693399;0.00595253
0.00519219;0.00443185
0.00384933;0.00326682
0.00282545;0.00238409
0.00205333;0.00172257
0.00147739;0.00123222
0.00105245;0.000872683
0.000742292;0.000611901
0.000518341;0.000424781
0.000358364;0.000291947
0.000245301;0.000198655
0.000166243;0.00013383
0.000111546;8.92615e-05
7.41023e-05;5.89431e-05
4.87391e-05;3.85352e-05
3.17388e-05;2.49424e-05
2.04631e-05;1.59837e-05
1.30623e-05;1.01408e-05
8.25533e-06;6.36983e-06
5.16556e-06;3.9613e-06
3.20012e-06;2.43895e-06
1.96284e-06;1.48672e-06
--- compute equation at time : 0.1 ---
-- at x_i = 0
-- at x_i = 0.1
-- at x_i = 0.2
-- at x_i = 0.3
-- at x_i = 0.4
-- at x_i = 0.5
-- at x_i = 0.6
-- at x_i = 0.7
-- at x_i = 0.8
-- at x_i = 0.9
-- at x_i = 1
-- at x_i = 1.1
-- at x_i = 1.2
-- at x_i = 1.3
-- at x_i = 1.4
-- at x_i = 1.5
-- at x_i = 1.6
-- at x_i = 1.7
-- at x_i = 1.8
-- at x_i = 1.9
-- at x_i = 2
-- at x_i = 2.1
-- at x_i = 2.2
-- at x_i = 2.3
-- at x_i = 2.4
-- at x_i = 2.5
-- at x_i = 2.6
-- at x_i = 2.7
-- at x_i = 2.8
-- at x_i = 2.9
-- at x_i = 3
-- at x_i = 3.1
-- at x_i = 3.2
-- at x_i = 3.3
-- at x_i = 3.4
-- at x_i = 3.5
-- at x_i = 3.6
-- at x_i = 3.7
-- at x_i = 3.8
-- at x_i = 3.9
-- at x_i = 4
-- at x_i = 4.1
-- at x_i = 4.2
-- at x_i = 4.3
-- at x_i = 4.4
-- at x_i = 4.5
-- at x_i = 4.6
-- at x_i = 4.7
-- at x_i = 4.8
-- at x_i = 4.9
-- at x_i = 5
-- at x_i = 5.1
-- at x_i = 5.2
-- at x_i = 5.3
-- at x_i = 5.4
-- at x_i = 5.5
-- at x_i = 5.6
-- at x_i = 5.7
-- at x_i = 5.8
-- at x_i = 5.9
-- at x_i = 6
-- at x_i = 6.1
-- at x_i = 6.2
-- at x_i = 6.3
-- at x_i = 6.4
-- at x_i = 6.5
-- at x_i = 6.6
-- at x_i = 6.7
-- at x_i = 6.8
-- at x_i = 6.9
-- at x_i = 7
-- at x_i = 7.1
-- at x_i = 7.2
-- at x_i = 7.3
-- at x_i = 7.4
-- at x_i = 7.5
-- at x_i = 7.6
-- at x_i = 7.7
-- at x_i = 7.79999
-- at x_i = 7.89999
-- at x_i = 7.99999
-- at x_i = 8.09999
-- at x_i = 8.2
-- at x_i = 8.3
-- at x_i = 8.4
-- at x_i = 8.5
-- at x_i = 8.6
-- at x_i = 8.7
-- at x_i = 8.8
-- at x_i = 8.9
-- at x_i = 9
-- at x_i = 9.1
-- at x_i = 9.2
-- at x_i = 9.3
-- at x_i = 9.4
-- at x_i = 9.5
-- at x_i = 9.6
-- at x_i = 9.7
-- at x_i = 9.8
-- at x_i = 9.9
Upwind;sol exacte
-7.1418e-07;1.15641e-06
1.11504e-06;1.9066e-06
2.58148e-06;3.11218e-06
4.18285e-06;5.02951e-06
6.71045e-06;8.04718e-06
1.06588e-05;1.27473e-05
1.67627e-05;1.99918e-05
2.6101e-05;3.10414e-05
4.0239e-05;4.77186e-05
6.14208e-05;7.26259e-05
9.28242e-05;0.000109434
0.000138894;0.000163257
0.000205772;0.000241127
0.000301833;0.000352596
0.000438353;0.000510465
0.000630317;0.000731665
0.000897372;0.00103828
0.00126492;0.00145873
0.00176536;0.00202905
0.00243939;0.00279426
0.00333739;0.00380976
0.00452076;0.00514264
0.00606309;0.00687277
0.00805109;0.00909356
0.0105851;0.0119122
0.0137788;0.0154493
0.0177585;0.0198374
0.0226611;0.0252182
0.0286308;0.0317397
0.035815;0.0395501
0.0443582;0.048792
0.0543953;0.0595947
0.0660432;0.0720649
0.0793913;0.0862773
0.0944923;0.102265
0.111352;0.120009
0.129921;0.139431
0.150085;0.160383
0.171663;0.182649
0.194398;0.205936
0.217965;0.229882
0.24197;0.254059
0.265958;0.277985
0.289431;0.301137
0.311856;0.322972
0.332692;0.342944
0.351406;0.360527
0.367498;0.37524
0.380522;0.386668
0.390106;0.394479
0.395973;0.398444
0.397947;0.398444
0.395973;0.394479
0.390106;0.386668
0.380522;0.37524
0.367498;0.360527
0.351406;0.342944
0.332692;0.322972
0.311856;0.301137
0.289431;0.277985
0.265958;0.254059
0.24197;0.229882
0.217965;0.205936
0.194398;0.182649
0.171663;0.160383
0.150085;0.139431
0.129921;0.120009
0.111352;0.102265
0.0944923;0.0862773
0.0793913;0.0720649
0.0660432;0.0595947
0.0543953;0.048792
0.0443582;0.03955
0.0358149;0.0317397
0.0286308;0.0252182
0.0226611;0.0198374
0.0177585;0.0154494
0.0137788;0.0119122
0.0105851;0.00909356
0.00805109;0.00687277
0.00606309;0.00514264
0.00452076;0.00380976
0.00333739;0.00279426
0.00243939;0.00202905
0.00176536;0.00145873
0.00126492;0.00103828
0.000897371;0.000731664
0.000630316;0.000510466
0.000438352;0.000352596
0.000301832;0.000241126
0.000205772;0.000163257
0.000138894;0.000109434
9.28241e-05;7.2626e-05
6.14207e-05;4.77186e-05
4.0239e-05;3.10414e-05
2.61009e-05;1.99918e-05
1.67627e-05;1.27473e-05
1.06588e-05;8.0472e-06
6.71045e-06;5.02951e-06
4.18284e-06;3.11217e-06
2.58148e-06;1.9066e-06
--- compute equation at time : 0.2 ---
-- at x_i = 0
-- at x_i = 0.1
-- at x_i = 0.2
-- at x_i = 0.3
-- at x_i = 0.4
-- at x_i = 0.5
-- at x_i = 0.6
-- at x_i = 0.7
-- at x_i = 0.8
-- at x_i = 0.9
-- at x_i = 1
-- at x_i = 1.1
-- at x_i = 1.2
-- at x_i = 1.3
-- at x_i = 1.4
-- at x_i = 1.5
-- at x_i = 1.6
-- at x_i = 1.7
-- at x_i = 1.8
-- at x_i = 1.9
-- at x_i = 2
-- at x_i = 2.1
-- at x_i = 2.2
-- at x_i = 2.3
-- at x_i = 2.4
-- at x_i = 2.5
-- at x_i = 2.6
-- at x_i = 2.7
-- at x_i = 2.8
-- at x_i = 2.9
-- at x_i = 3
-- at x_i = 3.1
-- at x_i = 3.2
-- at x_i = 3.3
-- at x_i = 3.4
-- at x_i = 3.5
-- at x_i = 3.6
-- at x_i = 3.7
-- at x_i = 3.8
-- at x_i = 3.9
-- at x_i = 4
-- at x_i = 4.1
-- at x_i = 4.2
-- at x_i = 4.3
-- at x_i = 4.4
-- at x_i = 4.5
-- at x_i = 4.6
-- at x_i = 4.7
-- at x_i = 4.8
-- at x_i = 4.9
-- at x_i = 5
-- at x_i = 5.1
-- at x_i = 5.2
-- at x_i = 5.3
-- at x_i = 5.4
-- at x_i = 5.5
-- at x_i = 5.6
-- at x_i = 5.7
-- at x_i = 5.8
-- at x_i = 5.9
-- at x_i = 6
-- at x_i = 6.1
-- at x_i = 6.2
-- at x_i = 6.3
-- at x_i = 6.4
-- at x_i = 6.5
-- at x_i = 6.6
-- at x_i = 6.7
-- at x_i = 6.8
-- at x_i = 6.9
-- at x_i = 7
-- at x_i = 7.1
-- at x_i = 7.2
-- at x_i = 7.3
-- at x_i = 7.4
-- at x_i = 7.5
-- at x_i = 7.6
-- at x_i = 7.7
-- at x_i = 7.79999
-- at x_i = 7.89999
-- at x_i = 7.99999
-- at x_i = 8.09999
-- at x_i = 8.2
-- at x_i = 8.3
-- at x_i = 8.4
-- at x_i = 8.5
-- at x_i = 8.6
-- at x_i = 8.7
-- at x_i = 8.8
-- at x_i = 8.9
-- at x_i = 9
-- at x_i = 9.1
-- at x_i = 9.2
-- at x_i = 9.3
-- at x_i = 9.4
-- at x_i = 9.5
-- at x_i = 9.6
-- at x_i = 9.7
-- at x_i = 9.8
-- at x_i = 9.9
Upwind;sol exacte
-1.2717e-06;8.97244e-07
2.0043e-07;1.48672e-06
1.84826e-06;2.43896e-06
3.38216e-06;3.9613e-06
5.44665e-06;6.36983e-06
8.68464e-06;1.01409e-05
1.37108e-05;1.59837e-05
2.14318e-05;2.49425e-05
3.317e-05;3.85352e-05
5.08299e-05;5.89431e-05
7.71225e-05;8.92617e-05
0.000115859;0.00013383
0.000172333;0.000198655
0.000253802;0.000291947
0.000370093;0.00042478
0.000534335;0.000611902
0.000763844;0.000872683
0.00108115;0.00123222
0.00151514;0.00172257
0.00210238;0.00238409
0.00288839;0.00326682
0.00392908;0.00443185
0.00529193;0.00595254
0.00705709;0.00791545
0.00931808;0.0104209
0.0121819;0.013583
0.0157687;0.0175283
0.0202098;0.0223945
0.025646;0.028327
0.0322229;0.0354746
0.0400866;0.0439836
0.0493768;0.053991
0.0602193;0.0656158
0.0727172;0.0789502
0.0869418;0.0940491
0.102922;0.110921
0.120636;0.129518
0.140003;0.149727
0.160874;0.171369
0.18303;0.194186
0.206182;0.217852
0.229968;0.241971
0.253964;0.266085
0.277694;0.289692
0.300643;0.312254
0.322274;0.333225
0.342049;0.352065
0.359452;0.36827
0.37401;0.381388
0.385314;0.391043
0.393039;0.396953
0.39696;0.398942
0.39696;0.396953
0.393039;0.391043
0.385314;0.381388
0.37401;0.36827
0.359452;0.352065
0.342049;0.333225
0.322274;0.312254
0.300643;0.289692
0.277694;0.266085
0.253964;0.241971
0.229968;0.217852
0.206182;0.194186
0.18303;0.171369
0.160874;0.149727
0.140003;0.129518
0.120636;0.110921
0.102922;0.094049
0.0869418;0.0789501
0.0727172;0.0656158
0.0602193;0.053991
0.0493768;0.0439836
0.0400866;0.0354746
0.0322229;0.028327
0.0256459;0.0223945
0.0202098;0.0175283
0.0157687;0.013583
0.0121819;0.0104209
0.00931808;0.00791545
0.00705709;0.00595253
0.00529192;0.00443185
0.00392908;0.00326682
0.00288839;0.00238409
0.00210238;0.00172257
0.00151514;0.00123222
0.00108115;0.000872683
0.000763844;0.000611903
0.000534334;0.000424781
0.000370092;0.000291947
0.000253802;0.000198656
0.000172333;0.00013383
0.000115859;8.92619e-05
7.71224e-05;5.89431e-05
5.08298e-05;3.85352e-05
3.31699e-05;2.49425e-05
2.14318e-05;1.59837e-05
1.37107e-05;1.01409e-05
8.68463e-06;6.36983e-06
5.44665e-06;3.9613e-06
3.38216e-06;2.43897e-06
--- compute equation at time : 0.3 ---
-- at x_i = 0
-- at x_i = 0.1
-- at x_i = 0.2
-- at x_i = 0.3
-- at x_i = 0.4
-- at x_i = 0.5
-- at x_i = 0.6
-- at x_i = 0.7
-- at x_i = 0.8
-- at x_i = 0.9
-- at x_i = 1
-- at x_i = 1.1
-- at x_i = 1.2
-- at x_i = 1.3
-- at x_i = 1.4
-- at x_i = 1.5
-- at x_i = 1.6
-- at x_i = 1.7
-- at x_i = 1.8
-- at x_i = 1.9
-- at x_i = 2
-- at x_i = 2.1
-- at x_i = 2.2
-- at x_i = 2.3
-- at x_i = 2.4
-- at x_i = 2.5
-- at x_i = 2.6
-- at x_i = 2.7
-- at x_i = 2.8
-- at x_i = 2.9
-- at x_i = 3
-- at x_i = 3.1
-- at x_i = 3.2
-- at x_i = 3.3
-- at x_i = 3.4
-- at x_i = 3.5
-- at x_i = 3.6
-- at x_i = 3.7
-- at x_i = 3.8
-- at x_i = 3.9
-- at x_i = 4
-- at x_i = 4.1
-- at x_i = 4.2
-- at x_i = 4.3
-- at x_i = 4.4
-- at x_i = 4.5
-- at x_i = 4.6
-- at x_i = 4.7
-- at x_i = 4.8
-- at x_i = 4.9
-- at x_i = 5
-- at x_i = 5.1
-- at x_i = 5.2
-- at x_i = 5.3
-- at x_i = 5.4
-- at x_i = 5.5
-- at x_i = 5.6
-- at x_i = 5.7
-- at x_i = 5.8
-- at x_i = 5.9
-- at x_i = 6
-- at x_i = 6.1
-- at x_i = 6.2
-- at x_i = 6.3
-- at x_i = 6.4
-- at x_i = 6.5
-- at x_i = 6.6
-- at x_i = 6.7
-- at x_i = 6.8
-- at x_i = 6.9
-- at x_i = 7
-- at x_i = 7.1
-- at x_i = 7.2
-- at x_i = 7.3
-- at x_i = 7.4
-- at x_i = 7.5
-- at x_i = 7.6
-- at x_i = 7.7
-- at x_i = 7.79999
-- at x_i = 7.89999
-- at x_i = 7.99999
-- at x_i = 8.09999
-- at x_i = 8.2
-- at x_i = 8.3
-- at x_i = 8.4
-- at x_i = 8.5
-- at x_i = 8.6
-- at x_i = 8.7
-- at x_i = 8.8
-- at x_i = 8.9
-- at x_i = 9
-- at x_i = 9.1
-- at x_i = 9.2
-- at x_i = 9.3
-- at x_i = 9.4
-- at x_i = 9.5
-- at x_i = 9.6
-- at x_i = 9.7
-- at x_i = 9.8
-- at x_i = 9.9
Upwind;sol exacte
-1.37191e-06;6.9442e-07
-5.35635e-07;1.15641e-06
1.02435e-06;1.9066e-06
2.61521e-06;3.11218e-06
4.41441e-06;5.02951e-06
7.06564e-06;8.04718e-06
1.11977e-05;1.27473e-05
1.75713e-05;1.99918e-05
2.73009e-05;3.10414e-05
4.19999e-05;4.77186e-05
6.39762e-05;7.26259e-05
9.64909e-05;0.000109434
0.000144096;0.000163257
0.000213068;0.000241127
0.000311947;0.000352596
0.000452214;0.000510465
0.000649089;0.000731665
0.000922496;0.00103828
0.00129814;0.00145873
0.00180876;0.00202905
0.00249539;0.00279426
0.00340874;0.00380977
0.0046105;0.00514264
0.00617451;0.00687276
0.00818759;0.00909356
0.01075;0.0119122
0.0139753;0.0154493
0.0179892;0.0198374
0.0229279;0.0252182
0.0289344;0.0317397
0.0361547;0.03955
0.0447317;0.048792
0.054798;0.0595947
0.0664683;0.0720649
0.0798295;0.0862773
0.094932;0.102265
0.111779;0.120009
0.13032;0.139431
0.150439;0.160383
0.171952;0.182649
0.194606;0.205936
0.218075;0.229882
0.241966;0.254059
0.265829;0.277985
0.289169;0.301137
0.311459;0.322972
0.332162;0.342944
0.350751;0.360527
0.366731;0.37524
0.379662;0.386668
0.389177;0.394479
0.395;0.398444
0.39696;0.398444
0.395;0.394479
0.389177;0.386668
0.379662;0.37524
0.366731;0.360527
0.350751;0.342944
0.332162;0.322972
0.311459;0.301137
0.289169;0.277985
0.265829;0.254059
0.241966;0.229882
0.218075;0.205936
0.194606;0.182649
0.171952;0.160383
0.150439;0.139431
0.13032;0.120009
0.111779;0.102265
0.094932;0.0862773
0.0798295;0.0720649
0.0664682;0.0595947
0.054798;0.048792
0.0447317;0.03955
0.0361547;0.0317397
0.0289344;0.0252182
0.0229279;0.0198374
0.0179892;0.0154493
0.0139753;0.0119122
0.01075;0.00909356
0.00818758;0.00687277
0.00617451;0.00514264
0.0046105;0.00380976
0.00340873;0.00279425
0.00249538;0.00202904
0.00180876;0.00145873
0.00129814;0.00103828
0.000922495;0.000731664
0.000649089;0.000510464
0.000452213;0.000352594
0.000311947;0.000241126
0.000213068;0.000163256
0.000144096;0.000109434
9.64908e-05;7.26258e-05
6.39761e-05;4.77184e-05
4.19999e-05;3.10414e-05
2.73009e-05;1.99917e-05
1.75713e-05;1.27473e-05
1.11977e-05;8.04716e-06
7.06564e-06;5.02948e-06
4.4144e-06;3.11217e-06
--- compute equation at time : 0.4 ---
-- at x_i = 0
-- at x_i = 0.1
-- at x_i = 0.2
-- at x_i = 0.3
-- at x_i = 0.4
-- at x_i = 0.5
-- at x_i = 0.6
-- at x_i = 0.7
-- at x_i = 0.8
-- at x_i = 0.9
-- at x_i = 1
-- at x_i = 1.1
-- at x_i = 1.2
-- at x_i = 1.3
-- at x_i = 1.4
-- at x_i = 1.5
-- at x_i = 1.6
-- at x_i = 1.7
-- at x_i = 1.8
-- at x_i = 1.9
-- at x_i = 2
-- at x_i = 2.1
-- at x_i = 2.2
-- at x_i = 2.3
-- at x_i = 2.4
-- at x_i = 2.5
-- at x_i = 2.6
-- at x_i = 2.7
-- at x_i = 2.8
-- at x_i = 2.9
-- at x_i = 3
-- at x_i = 3.1
-- at x_i = 3.2
-- at x_i = 3.3
-- at x_i = 3.4
-- at x_i = 3.5
-- at x_i = 3.6
-- at x_i = 3.7
-- at x_i = 3.8
-- at x_i = 3.9
-- at x_i = 4
-- at x_i = 4.1
-- at x_i = 4.2
-- at x_i = 4.3
-- at x_i = 4.4
-- at x_i = 4.5
-- at x_i = 4.6
-- at x_i = 4.7
-- at x_i = 4.8
-- at x_i = 4.9
-- at x_i = 5
-- at x_i = 5.1
-- at x_i = 5.2
-- at x_i = 5.3
-- at x_i = 5.4
-- at x_i = 5.5
-- at x_i = 5.6
-- at x_i = 5.7
-- at x_i = 5.8
-- at x_i = 5.9
-- at x_i = 6
-- at x_i = 6.1
-- at x_i = 6.2
-- at x_i = 6.3
-- at x_i = 6.4
-- at x_i = 6.5
-- at x_i = 6.6
-- at x_i = 6.7
-- at x_i = 6.8
-- at x_i = 6.9
-- at x_i = 7
-- at x_i = 7.1
-- at x_i = 7.2
-- at x_i = 7.3
-- at x_i = 7.4
-- at x_i = 7.5
-- at x_i = 7.6
-- at x_i = 7.7
-- at x_i = 7.79999
-- at x_i = 7.89999
-- at x_i = 7.99999
-- at x_i = 8.09999
-- at x_i = 8.2
-- at x_i = 8.3
-- at x_i = 8.4
-- at x_i = 8.5
-- at x_i = 8.6
-- at x_i = 8.7
-- at x_i = 8.8
-- at x_i = 8.9
-- at x_i = 9
-- at x_i = 9.1
-- at x_i = 9.2
-- at x_i = 9.3
-- at x_i = 9.4
-- at x_i = 9.5
-- at x_i = 9.6
-- at x_i = 9.7
-- at x_i = 9.8
-- at x_i = 9.9
Upwind;sol exacte
-1.1041e-06;5.36104e-07
-9.53775e-07;8.97244e-07
2.44355e-07;1.48672e-06
1.81978e-06;2.43896e-06
3.51481e-06;3.9613e-06
5.74003e-06;6.36983e-06
9.13167e-06;1.01409e-05
1.43845e-05;1.59837e-05
2.24361e-05;2.49425e-05
3.46504e-05;3.85352e-05
5.2988e-05;5.89431e-05
8.02335e-05;8.92617e-05
0.000120294;0.00013383
0.000178582;0.000198655
0.000262508;0.000291947
0.00038208;0.00042478
0.000550652;0.000611902
0.000785793;0.000872683
0.00111032;0.00123222
0.00155345;0.00172257
0.00215207;0.00238409
0.00295206;0.00326682
0.00400962;0.00443185
0.00539251;0.00595253
0.00718105;0.00791545
0.0094688;0.0104209
0.0123627;0.013583
0.0159823;0.0175283
0.0204586;0.0223945
0.0259311;0.028327
0.0325446;0.0354746
0.0404432;0.0439836
0.0497648;0.053991
0.0606331;0.0656158
0.0731489;0.0789502
0.0873808;0.0940491
0.103356;0.110921
0.12105;0.129518
0.140379;0.149727
0.161195;0.171369
0.183279;0.194186
0.20634;0.217852
0.23002;0.241971
0.253897;0.266085
0.277499;0.289692
0.300314;0.312254
0.32181;0.333225
0.341456;0.352065
0.358741;0.36827
0.373197;0.381388
0.38442;0.391043
0.392088;0.396953
0.39598;0.398942
0.39598;0.396953
0.392088;0.391043
0.38442;0.381388
0.373197;0.36827
0.358741;0.352065
0.341456;0.333225
0.32181;0.312254
0.300314;0.289692
0.277499;0.266085
0.253897;0.241971
0.23002;0.217852
0.20634;0.194186
0.183279;0.171369
0.161195;0.149727
0.140379;0.129518
0.12105;0.110921
0.103356;0.094049
0.0873807;0.0789501
0.0731489;0.0656158
0.0606331;0.0539909
0.0497648;0.0439836
0.0404432;0.0354746
0.0325446;0.028327
0.0259311;0.0223945
0.0204586;0.0175283
0.0159823;0.013583
0.0123627;0.0104209
0.00946879;0.00791545
0.00718104;0.00595252
0.0053925;0.00443185
0.00400962;0.00326682
0.00295206;0.00238408
0.00215207;0.00172257
0.00155345;0.00123222
0.00111032;0.000872683
0.000785792;0.000611901
0.000550651;0.000424779
0.00038208;0.000291947
0.000262507;0.000198655
0.000178582;0.00013383
0.000120293;8.92615e-05
8.02335e-05;5.89429e-05
5.2988e-05;3.85352e-05
3.46504e-05;2.49424e-05
2.24361e-05;1.59837e-05
1.43845e-05;1.01408e-05
9.13166e-06;6.3698e-06
5.74002e-06;3.9613e-06
--- compute equation at time : 0.5 ---
-- at x_i = 0
-- at x_i = 0.1
-- at x_i = 0.2
-- at x_i = 0.3
-- at x_i = 0.4
-- at x_i = 0.5
-- at x_i = 0.6
-- at x_i = 0.7
-- at x_i = 0.8
-- at x_i = 0.9
-- at x_i = 1
-- at x_i = 1.1
-- at x_i = 1.2
-- at x_i = 1.3
-- at x_i = 1.4
-- at x_i = 1.5
-- at x_i = 1.6
-- at x_i = 1.7
-- at x_i = 1.8
-- at x_i = 1.9
-- at x_i = 2
-- at x_i = 2.1
-- at x_i = 2.2
-- at x_i = 2.3
-- at x_i = 2.4
-- at x_i = 2.5
-- at x_i = 2.6
-- at x_i = 2.7
-- at x_i = 2.8
-- at x_i = 2.9
-- at x_i = 3
-- at x_i = 3.1
-- at x_i = 3.2
-- at x_i = 3.3
-- at x_i = 3.4
-- at x_i = 3.5
-- at x_i = 3.6
-- at x_i = 3.7
-- at x_i = 3.8
-- at x_i = 3.9
-- at x_i = 4
-- at x_i = 4.1
-- at x_i = 4.2
-- at x_i = 4.3
-- at x_i = 4.4
-- at x_i = 4.5
-- at x_i = 4.6
-- at x_i = 4.7
-- at x_i = 4.8
-- at x_i = 4.9
-- at x_i = 5
-- at x_i = 5.1
-- at x_i = 5.2
-- at x_i = 5.3
-- at x_i = 5.4
-- at x_i = 5.5
-- at x_i = 5.6
-- at x_i = 5.7
-- at x_i = 5.8
-- at x_i = 5.9
-- at x_i = 6
-- at x_i = 6.1
-- at x_i = 6.2
-- at x_i = 6.3
-- at x_i = 6.4
-- at x_i = 6.5
-- at x_i = 6.6
-- at x_i = 6.7
-- at x_i = 6.8
-- at x_i = 6.9
-- at x_i = 7
-- at x_i = 7.1
-- at x_i = 7.2
-- at x_i = 7.3
-- at x_i = 7.4
-- at x_i = 7.5
-- at x_i = 7.6
-- at x_i = 7.7
-- at x_i = 7.79999
-- at x_i = 7.89999
-- at x_i = 7.99999
-- at x_i = 8.09999
-- at x_i = 8.2
-- at x_i = 8.3
-- at x_i = 8.4
-- at x_i = 8.5
-- at x_i = 8.6
-- at x_i = 8.7
-- at x_i = 8.8
-- at x_i = 8.9
-- at x_i = 9
-- at x_i = 9.1
-- at x_i = 9.2
-- at x_i = 9.3
-- at x_i = 9.4
-- at x_i = 9.5
-- at x_i = 9.6
-- at x_i = 9.7
-- at x_i = 9.8
-- at x_i = 9.9
Upwind;sol exacte
-6.2721e-07;4.12847e-07
-1.02894e-06;6.9442e-07
-3.5471e-07;1.15641e-06
1.03207e-06;1.9066e-06
2.66729e-06;3.11218e-06
4.62742e-06;5.02951e-06
7.43585e-06;8.04718e-06
1.17581e-05;1.27473e-05
1.84103e-05;1.99918e-05
2.85433e-05;3.10414e-05
4.38192e-05;4.77186e-05
6.66108e-05;7.26259e-05
0.000100264;0.000109434
0.000149438;0.000163257
0.000220545;0.000241127
0.000322294;0.000352596
0.000466366;0.000510465
0.000668222;0.000731665
0.000948056;0.00103828
0.00133189;0.00145873
0.00185276;0.00202905
0.00255207;0.00279426
0.00348084;0.00380976
0.00470106;0.00514264
0.00628678;0.00687277
0.00832492;0.00909356
0.0109157;0.0119122
0.0141725;0.0154493
0.0182204;0.0198374
0.0231949;0.0252182
0.0292379;0.0317397
0.0364939;0.0395501
0.045104;0.048792
0.055199;0.0595947
0.066891;0.0720649
0.0802648;0.0862773
0.0953682;0.102265
0.112203;0.120009
0.130714;0.139431
0.150787;0.160383
0.172237;0.182649
0.19481;0.205936
0.21818;0.229882
0.241959;0.254059
0.265698;0.277985
0.288906;0.301137
0.311062;0.322972
0.331633;0.342944
0.350099;0.360527
0.365969;0.37524
0.378808;0.386668
0.388254;0.394479
0.394034;0.398444
0.39598;0.398444
0.394034;0.394479
0.388254;0.386668
0.378808;0.37524
0.365969;0.360527
0.350099;0.342944
0.331633;0.322972
0.311062;0.301137
0.288906;0.277985
0.265698;0.254059
0.241959;0.229882
0.21818;0.205936
0.19481;0.182649
0.172237;0.160383
0.150787;0.139431
0.130714;0.120009
0.112203;0.102265
0.0953682;0.0862773
0.0802648;0.0720649
0.066891;0.0595947
0.055199;0.048792
0.045104;0.03955
0.0364939;0.0317397
0.0292379;0.0252182
0.0231948;0.0198373
0.0182204;0.0154493
0.0141725;0.0119122
0.0109157;0.00909356
0.00832492;0.00687276
0.00628677;0.00514264
0.00470106;0.00380976
0.00348084;0.00279425
0.00255206;0.00202905
0.00185276;0.00145873
0.00133188;0.00103828
0.000948056;0.000731664
0.000668222;0.000510464
0.000466366;0.000352596
0.000322294;0.000241126
0.000220545;0.000163257
0.000149438;0.000109434
0.000100263;7.26258e-05
6.66107e-05;4.77186e-05
4.38192e-05;3.10414e-05
2.85432e-05;1.99918e-05
1.84103e-05;1.27473e-05
1.17581e-05;8.04716e-06
7.43584e-06;5.02951e-06
--- compute equation at time : 0.6 ---
-- at x_i = 0
-- at x_i = 0.1
-- at x_i = 0.2
-- at x_i = 0.3
-- at x_i = 0.4
-- at x_i = 0.5
-- at x_i = 0.6
-- at x_i = 0.7
-- at x_i = 0.8
-- at x_i = 0.9
-- at x_i = 1
-- at x_i = 1.1
-- at x_i = 1.2
-- at x_i = 1.3
-- at x_i = 1.4
-- at x_i = 1.5
-- at x_i = 1.6
-- at x_i = 1.7
-- at x_i = 1.8
-- at x_i = 1.9
-- at x_i = 2
-- at x_i = 2.1
-- at x_i = 2.2
-- at x_i = 2.3
-- at x_i = 2.4
-- at x_i = 2.5
-- at x_i = 2.6
-- at x_i = 2.7
-- at x_i = 2.8
-- at x_i = 2.9
-- at x_i = 3
-- at x_i = 3.1
-- at x_i = 3.2
-- at x_i = 3.3
-- at x_i = 3.4
-- at x_i = 3.5
-- at x_i = 3.6
-- at x_i = 3.7
-- at x_i = 3.8
-- at x_i = 3.9
-- at x_i = 4
-- at x_i = 4.1
-- at x_i = 4.2
-- at x_i = 4.3
-- at x_i = 4.4
-- at x_i = 4.5
-- at x_i = 4.6
-- at x_i = 4.7
-- at x_i = 4.8
-- at x_i = 4.9
-- at x_i = 5
-- at x_i = 5.1
-- at x_i = 5.2
-- at x_i = 5.3
-- at x_i = 5.4
-- at x_i = 5.5
-- at x_i = 5.6
-- at x_i = 5.7
-- at x_i = 5.8
-- at x_i = 5.9
-- at x_i = 6
-- at x_i = 6.1
-- at x_i = 6.2
-- at x_i = 6.3
-- at x_i = 6.4
-- at x_i = 6.5
-- at x_i = 6.6
-- at x_i = 6.7
-- at x_i = 6.8
-- at x_i = 6.9
-- at x_i = 7
-- at x_i = 7.1
-- at x_i = 7.2
-- at x_i = 7.3
-- at x_i = 7.4
-- at x_i = 7.5
-- at x_i = 7.6
-- at x_i = 7.7
-- at x_i = 7.79999
-- at x_i = 7.89999
-- at x_i = 7.99999
-- at x_i = 8.09999
-- at x_i = 8.2
-- at x_i = 8.3
-- at x_i = 8.4
-- at x_i = 8.5
-- at x_i = 8.6
-- at x_i = 8.7
-- at x_i = 8.8
-- at x_i = 8.9
-- at x_i = 9
-- at x_i = 9.1
-- at x_i = 9.2
-- at x_i = 9.3
-- at x_i = 9.4
-- at x_i = 9.5
-- at x_i = 9.6
-- at x_i = 9.7
-- at x_i = 9.8
-- at x_i = 9.9
Upwind;sol exacte
-1.12742e-07;3.17135e-07
-8.28073e-07;5.36104e-07
-6.91823e-07;8.97244e-07
3.38679e-07;1.48672e-06
1.84968e-06;2.43896e-06
3.64736e-06;3.9613e-06
6.03163e-06;6.36983e-06
9.59697e-06;1.01409e-05
1.50842e-05;1.59837e-05
2.34768e-05;2.49425e-05
3.61812e-05;3.85352e-05
5.5215e-05;5.89431e-05
8.34372e-05;8.92617e-05
0.000124851;0.00013383
0.000184991;0.000198655
0.000271419;0.000291947
0.00039433;0.00042478
0.000567294;0.000611902
0.000808139;0.000872683
0.00113997;0.00123222
0.00159232;0.00172257
0.00220241;0.00238409
0.00301645;0.00326682
0.00409095;0.00443185
0.00549392;0.00595254
0.00730585;0.00791545
0.00962033;0.0104209
0.0125441;0.013583
0.0161964;0.0175283
0.0207076;0.0223945
0.0262164;0.028327
0.0328659;0.0354746
0.040799;0.0439836
0.0501515;0.053991
0.061045;0.0656158
0.0735779;0.0789502
0.0878165;0.0940491
0.103785;0.110921
0.121458;0.129518
0.140751;0.149727
0.161512;0.171369
0.183524;0.194186
0.206495;0.217852
0.23007;0.241971
0.253829;0.266085
0.277302;0.289692
0.299984;0.312254
0.321348;0.333225
0.340866;0.352065
0.358034;0.36827
0.372389;0.381388
0.383531;0.391043
0.391144;0.396953
0.395007;0.398942
0.395007;0.396953
0.391144;0.391043
0.383531;0.381388
0.372389;0.36827
0.358034;0.352065
0.340866;0.333225
0.321348;0.312254
0.299984;0.289692
0.277302;0.266085
0.253828;0.241971
0.23007;0.217852
0.206495;0.194186
0.183523;0.171369
0.161512;0.149727
0.140751;0.129518
0.121458;0.110921
0.103785;0.0940491
0.0878165;0.0789502
0.0735779;0.0656158
0.061045;0.053991
0.0501515;0.0439836
0.0407989;0.0354746
0.0328659;0.0283271
0.0262164;0.0223945
0.0207076;0.0175283
0.0161964;0.013583
0.0125441;0.0104209
0.00962032;0.00791545
0.00730585;0.00595254
0.00549392;0.00443185
0.00409095;0.00326682
0.00301645;0.00238409
0.00220241;0.00172257
0.00159232;0.00123222
0.00113997;0.000872683
0.000808139;0.000611901
0.000567294;0.000424781
0.00039433;0.000291947
0.000271419;0.000198656
0.000184991;0.00013383
0.000124851;8.92615e-05
8.34371e-05;5.89431e-05
5.5215e-05;3.85352e-05
3.61812e-05;2.49425e-05
2.34768e-05;1.59837e-05
1.50842e-05;1.01408e-05
9.59696e-06;6.36983e-06
--- compute equation at time : 0.7 ---
-- at x_i = 0
-- at x_i = 0.1
-- at x_i = 0.2
-- at x_i = 0.3
-- at x_i = 0.4
-- at x_i = 0.5
-- at x_i = 0.6
-- at x_i = 0.7
-- at x_i = 0.8
-- at x_i = 0.9
-- at x_i = 1
-- at x_i = 1.1
-- at x_i = 1.2
-- at x_i = 1.3
-- at x_i = 1.4
-- at x_i = 1.5
-- at x_i = 1.6
-- at x_i = 1.7
-- at x_i = 1.8
-- at x_i = 1.9
-- at x_i = 2
-- at x_i = 2.1
-- at x_i = 2.2
-- at x_i = 2.3
-- at x_i = 2.4
-- at x_i = 2.5
-- at x_i = 2.6
-- at x_i = 2.7
-- at x_i = 2.8
-- at x_i = 2.9
-- at x_i = 3
-- at x_i = 3.1
-- at x_i = 3.2
-- at x_i = 3.3
-- at x_i = 3.4
-- at x_i = 3.5
-- at x_i = 3.6
-- at x_i = 3.7
-- at x_i = 3.8
-- at x_i = 3.9
-- at x_i = 4
-- at x_i = 4.1
-- at x_i = 4.2
-- at x_i = 4.3
-- at x_i = 4.4
-- at x_i = 4.5
-- at x_i = 4.6
-- at x_i = 4.7
-- at x_i = 4.8
-- at x_i = 4.9
-- at x_i = 5
-- at x_i = 5.1
-- at x_i = 5.2
-- at x_i = 5.3
-- at x_i = 5.4
-- at x_i = 5.5
-- at x_i = 5.6
-- at x_i = 5.7
-- at x_i = 5.8
-- at x_i = 5.9
-- at x_i = 6
-- at x_i = 6.1
-- at x_i = 6.2
-- at x_i = 6.3
-- at x_i = 6.4
-- at x_i = 6.5
-- at x_i = 6.6
-- at x_i = 6.7
-- at x_i = 6.8
-- at x_i = 6.9
-- at x_i = 7
-- at x_i = 7.1
-- at x_i = 7.2
-- at x_i = 7.3
-- at x_i = 7.4
-- at x_i = 7.5
-- at x_i = 7.6
-- at x_i = 7.7
-- at x_i = 7.79999
-- at x_i = 7.89999
-- at x_i = 7.99999
-- at x_i = 8.09999
-- at x_i = 8.2
-- at x_i = 8.3
-- at x_i = 8.4
-- at x_i = 8.5
-- at x_i = 8.6
-- at x_i = 8.7
-- at x_i = 8.8
-- at x_i = 8.9
-- at x_i = 9
-- at x_i = 9.1
-- at x_i = 9.2
-- at x_i = 9.3
-- at x_i = 9.4
-- at x_i = 9.5
-- at x_i = 9.6
-- at x_i = 9.7
-- at x_i = 9.8
-- at x_i = 9.9
Upwind;sol exacte
3.01295e-07;2.43004e-07
-4.70407e-07;4.12847e-07
-7.59948e-07;6.9442e-07
-1.76572e-07;1.15641e-06
1.09418e-06;1.9066e-06
2.74852e-06;3.11218e-06
4.83949e-06;5.02951e-06
7.8143e-06;8.04718e-06
1.23406e-05;1.27473e-05
1.92805e-05;1.99918e-05
2.9829e-05;3.10414e-05
4.56981e-05;4.77186e-05
6.93261e-05;7.26259e-05
0.000104144;0.000109434
0.000154921;0.000163256
0.000228205;0.000241127
0.000332875;0.000352596
0.000480812;0.000510465
0.000687717;0.000731665
0.000974055;0.00103828
0.00136615;0.00145873
0.00189737;0.00202905
0.00260943;0.00279426
0.0035537;0.00380976
0.00479244;0.00514264
0.00639989;0.00687277
0.00846309;0.00909356
0.0110822;0.0119122
0.0143703;0.0154493
0.018452;0.0198374
0.023462;0.0252182
0.0295411;0.0317397
0.0368324;0.03955
0.0454752;0.048792
0.0555983;0.0595947
0.0673115;0.0720649
0.0806972;0.0862773
0.095801;0.102265
0.112622;0.120009
0.131105;0.139431
0.151132;0.160383
0.172518;0.182649
0.195009;0.205936
0.218282;0.229882
0.241949;0.254059
0.265565;0.277985
0.288643;0.301137
0.310666;0.322972
0.331107;0.342944
0.34945;0.360527
0.365211;0.37524
0.37796;0.386668
0.387338;0.394479
0.393075;0.398444
0.395007;0.398444
0.393075;0.394479
0.387338;0.386668
0.37796;0.37524
0.365211;0.360527
0.34945;0.342944
0.331107;0.322972
0.310666;0.301137
0.288643;0.277985
0.265565;0.254059
0.241949;0.229882
0.218282;0.205936
0.195009;0.182649
0.172518;0.160383
0.151132;0.139431
0.131105;0.120009
0.112622;0.102265
0.095801;0.0862773
0.0806972;0.0720648
0.0673115;0.0595947
0.0555982;0.048792
0.0454752;0.03955
0.0368324;0.0317397
0.0295411;0.0252182
0.023462;0.0198373
0.018452;0.0154493
0.0143703;0.0119122
0.0110822;0.00909355
0.00846308;0.00687277
0.00639988;0.00514264
0.00479243;0.00380976
0.0035537;0.00279426
0.00260943;0.00202905
0.00189737;0.00145873
0.00136615;0.00103828
0.000974054;0.000731664
0.000687716;0.000510466
0.000480812;0.000352596
0.000332874;0.000241127
0.000228205;0.000163257
0.000154921;0.000109434
0.000104144;7.2626e-05
6.9326e-05;4.77186e-05
4.56981e-05;3.10415e-05
2.9829e-05;1.99918e-05
1.92805e-05;1.27473e-05
1.23406e-05;8.0472e-06
--- compute equation at time : 0.8 ---
-- at x_i = 0
-- at x_i = 0.1
-- at x_i = 0.2
-- at x_i = 0.3
-- at x_i = 0.4
-- at x_i = 0.5
-- at x_i = 0.6
-- at x_i = 0.7
-- at x_i = 0.8
-- at x_i = 0.9
-- at x_i = 1
-- at x_i = 1.1
-- at x_i = 1.2
-- at x_i = 1.3
-- at x_i = 1.4
-- at x_i = 1.5
-- at x_i = 1.6
-- at x_i = 1.7
-- at x_i = 1.8
-- at x_i = 1.9
-- at x_i = 2
-- at x_i = 2.1
-- at x_i = 2.2
-- at x_i = 2.3
-- at x_i = 2.4
-- at x_i = 2.5
-- at x_i = 2.6
-- at x_i = 2.7
-- at x_i = 2.8
-- at x_i = 2.9
-- at x_i = 3
-- at x_i = 3.1
-- at x_i = 3.2
-- at x_i = 3.3
-- at x_i = 3.4
-- at x_i = 3.5
-- at x_i = 3.6
-- at x_i = 3.7
-- at x_i = 3.8
-- at x_i = 3.9
-- at x_i = 4
-- at x_i = 4.1
-- at x_i = 4.2
-- at x_i = 4.3
-- at x_i = 4.4
-- at x_i = 4.5
-- at x_i = 4.6
-- at x_i = 4.7
-- at x_i = 4.8
-- at x_i = 4.9
-- at x_i = 5
-- at x_i = 5.1
-- at x_i = 5.2
-- at x_i = 5.3
-- at x_i = 5.4
-- at x_i = 5.5
-- at x_i = 5.6
-- at x_i = 5.7
-- at x_i = 5.8
-- at x_i = 5.9
-- at x_i = 6
-- at x_i = 6.1
-- at x_i = 6.2
-- at x_i = 6.3
-- at x_i = 6.4
-- at x_i = 6.5
-- at x_i = 6.6
-- at x_i = 6.7
-- at x_i = 6.8
-- at x_i = 6.9
-- at x_i = 7
-- at x_i = 7.1
-- at x_i = 7.2
-- at x_i = 7.3
-- at x_i = 7.4
-- at x_i = 7.5
-- at x_i = 7.6
-- at x_i = 7.7
-- at x_i = 7.79999
-- at x_i = 7.89999
-- at x_i = 7.99999
-- at x_i = 8.09999
-- at x_i = 8.2
-- at x_i = 8.3
-- at x_i = 8.4
-- at x_i = 8.5
-- at x_i = 8.6
-- at x_i = 8.7
-- at x_i = 8.8
-- at x_i = 8.9
-- at x_i = 9
-- at x_i = 9.1
-- at x_i = 9.2
-- at x_i = 9.3
-- at x_i = 9.4
-- at x_i = 9.5
-- at x_i = 9.6
-- at x_i = 9.7
-- at x_i = 9.8
-- at x_i = 9.9
Upwind;sol exacte
5.36498e-07;1.85736e-07
-8.45563e-08;3.17135e-07
-6.15178e-07;5.36104e-07
-4.6826e-07;8.97244e-07
4.58804e-07;1.48672e-06
1.92135e-06;2.43896e-06
3.79401e-06;3.9613e-06
6.3269e-06;6.36983e-06
1.00774e-05;1.01409e-05
1.58105e-05;1.59837e-05
2.45547e-05;2.49425e-05
3.77636e-05;3.85352e-05
5.75121e-05;5.89431e-05
8.6735e-05;8.92617e-05
0.000129532;0.00013383
0.000191563;0.000198655
0.00028054;0.000291947
0.000406843;0.00042478
0.000584264;0.000611902
0.000830886;0.000872683
0.0011701;0.00123222
0.00163176;0.00172257
0.0022534;0.00238409
0.00308157;0.00326682
0.00417307;0.00443185
0.00559616;0.00595253
0.00743149;0.00791545
0.00977265;0.0104209
0.0127262;0.013583
0.0164112;0.0175283
0.020957;0.0223945
0.0265016;0.028327
0.0331868;0.0354746
0.0411538;0.0439836
0.0505367;0.053991
0.0614549;0.0656158
0.0740043;0.0789502
0.0882491;0.0940491
0.104211;0.110921
0.121863;0.129518
0.141118;0.149727
0.161825;0.171369
0.183764;0.194186
0.206646;0.217852
0.230116;0.241971
0.253757;0.266085
0.277104;0.289692
0.299655;0.312254
0.320886;0.333225
0.340278;0.352065
0.357331;0.36827
0.371585;0.381388
0.382649;0.391043
0.390207;0.396953
0.394041;0.398942
0.394041;0.396953
0.390206;0.391043
0.382649;0.381388
0.371585;0.36827
0.357331;0.352065
0.340278;0.333225
0.320886;0.312254
0.299655;0.289692
0.277104;0.266085
0.253757;0.241971
0.230116;0.217852
0.206646;0.194186
0.183764;0.171369
0.161825;0.149727
0.141118;0.129518
0.121863;0.110921
0.104211;0.0940491
0.0882491;0.0789501
0.0740043;0.0656158
0.0614548;0.053991
0.0505367;0.0439836
0.0411538;0.0354746
0.0331868;0.028327
0.0265015;0.0223945
0.020957;0.0175283
0.0164111;0.013583
0.0127262;0.0104209
0.00977265;0.00791546
0.00743148;0.00595253
0.00559616;0.00443184
0.00417307;0.00326682
0.00308157;0.00238408
0.0022534;0.00172257
0.00163176;0.00123222
0.0011701;0.00087268
0.000830885;0.000611901
0.000584264;0.000424779
0.000406843;0.000291947
0.00028054;0.000198655
0.000191563;0.00013383
0.000129532;8.92615e-05
8.67349e-05;5.89429e-05
5.75121e-05;3.85352e-05
3.77635e-05;2.49424e-05
2.45547e-05;1.59837e-05
1.58105e-05;1.01408e-05
--- compute equation at time : 0.9 ---
-- at x_i = 0
-- at x_i = 0.1
-- at x_i = 0.2
-- at x_i = 0.3
-- at x_i = 0.4
-- at x_i = 0.5
-- at x_i = 0.6
-- at x_i = 0.7
-- at x_i = 0.8
-- at x_i = 0.9
-- at x_i = 1
-- at x_i = 1.1
-- at x_i = 1.2
-- at x_i = 1.3
-- at x_i = 1.4
-- at x_i = 1.5
-- at x_i = 1.6
-- at x_i = 1.7
-- at x_i = 1.8
-- at x_i = 1.9
-- at x_i = 2
-- at x_i = 2.1
-- at x_i = 2.2
-- at x_i = 2.3
-- at x_i = 2.4
-- at x_i = 2.5
-- at x_i = 2.6
-- at x_i = 2.7
-- at x_i = 2.8
-- at x_i = 2.9
-- at x_i = 3
-- at x_i = 3.1
-- at x_i = 3.2
-- at x_i = 3.3
-- at x_i = 3.4
-- at x_i = 3.5
-- at x_i = 3.6
-- at x_i = 3.7
-- at x_i = 3.8
-- at x_i = 3.9
-- at x_i = 4
-- at x_i = 4.1
-- at x_i = 4.2
-- at x_i = 4.3
-- at x_i = 4.4
-- at x_i = 4.5
-- at x_i = 4.6
-- at x_i = 4.7
-- at x_i = 4.8
-- at x_i = 4.9
-- at x_i = 5
-- at x_i = 5.1
-- at x_i = 5.2
-- at x_i = 5.3
-- at x_i = 5.4
-- at x_i = 5.5
-- at x_i = 5.6
-- at x_i = 5.7
-- at x_i = 5.8
-- at x_i = 5.9
-- at x_i = 6
-- at x_i = 6.1
-- at x_i = 6.2
-- at x_i = 6.3
-- at x_i = 6.4
-- at x_i = 6.5
-- at x_i = 6.6
-- at x_i = 6.7
-- at x_i = 6.8
-- at x_i = 6.9
-- at x_i = 7
-- at x_i = 7.1
-- at x_i = 7.2
-- at x_i = 7.3
-- at x_i = 7.4
-- at x_i = 7.5
-- at x_i = 7.6
-- at x_i = 7.7
-- at x_i = 7.79999
-- at x_i = 7.89999
-- at x_i = 7.99999
-- at x_i = 8.09999
-- at x_i = 8.2
-- at x_i = 8.3
-- at x_i = 8.4
-- at x_i = 8.5
-- at x_i = 8.6
-- at x_i = 8.7
-- at x_i = 8.8
-- at x_i = 8.9
-- at x_i = 9
-- at x_i = 9.1
-- at x_i = 9.2
-- at x_i = 9.3
-- at x_i = 9.4
-- at x_i = 9.5
-- at x_i = 9.6
-- at x_i = 9.7
-- at x_i = 9.8
-- at x_i = 9.9
Upwind;sol exacte
5.78777e-07;1.4161e-07
2.25971e-07;2.43004e-07
-3.49867e-07;4.12847e-07
-5.41719e-07;6.9442e-07
-4.72807e-09;1.15641e-06
1.19008e-06;1.9066e-06
2.85768e-06;3.11218e-06
5.06045e-06;5.02951e-06
8.20217e-06;8.04718e-06
1.2944e-05;1.27473e-05
2.01826e-05;1.99918e-05
3.11592e-05;3.10414e-05
4.76378e-05;4.77186e-05
7.21235e-05;7.26259e-05
0.000108134;0.000109434
0.000160548;0.000163256
0.000236052;0.000241127
0.000343692;0.000352596
0.000495554;0.000510465
0.000707575;0.000731664
0.00100049;0.00103828
0.00140093;0.00145873
0.00194258;0.00202905
0.00266748;0.00279426
0.00362732;0.00380976
0.00488462;0.00514264
0.00651382;0.00687277
0.00860207;0.00909356
0.0112494;0.0119122
0.0145687;0.0154493
0.0186841;0.0198374
0.0237293;0.0252182
0.0298442;0.0317397
0.0371703;0.03955
0.0458453;0.048792
0.0559958;0.0595947
0.0677296;0.0720649
0.0811267;0.0862773
0.0962303;0.102265
0.113037;0.120009
0.131491;0.139431
0.151471;0.160383
0.172794;0.182649
0.195205;0.205936
0.218381;0.229882
0.241936;0.254059
0.265431;0.277985
0.288379;0.301137
0.31027;0.322972
0.330582;0.342944
0.348804;0.360527
0.364458;0.37524
0.377117;0.386668
0.386428;0.394479
0.392124;0.398444
0.394041;0.398444
0.392124;0.394479
0.386428;0.386668
0.377117;0.37524
0.364458;0.360527
0.348804;0.342944
0.330582;0.322972
0.31027;0.301137
0.288379;0.277985
0.265431;0.254059
0.241936;0.229882
0.218381;0.205936
0.195205;0.182649
0.172794;0.160383
0.151471;0.139431
0.131491;0.120009
0.113037;0.102265
0.0962303;0.0862773
0.0811267;0.0720648
0.0677296;0.0595947
0.0559958;0.048792
0.0458453;0.0395501
0.0371703;0.0317397
0.0298442;0.0252182
0.0237293;0.0198374
0.0186841;0.0154493
0.0145687;0.0119122
0.0112494;0.00909356
0.00860206;0.00687276
0.00651382;0.00514263
0.00488461;0.00380976
0.00362732;0.00279425
0.00266748;0.00202905
0.00194258;0.00145873
0.00140093;0.00103828
0.00100049;0.000731664
0.000707575;0.000510464
0.000495553;0.000352596
0.000343691;0.000241126
0.000236051;0.000163256
0.000160548;0.000109434
0.000108134;7.26258e-05
7.21235e-05;4.77186e-05
4.76378e-05;3.10414e-05
3.11591e-05;1.99917e-05
2.01826e-05;1.27473e-05
--- compute equation at time : 1 ---
-- at x_i = 0
-- at x_i = 0.1
-- at x_i = 0.2
-- at x_i = 0.3
-- at x_i = 0.4
-- at x_i = 0.5
-- at x_i = 0.6
-- at x_i = 0.7
-- at x_i = 0.8
-- at x_i = 0.9
-- at x_i = 1
-- at x_i = 1.1
-- at x_i = 1.2
-- at x_i = 1.3
-- at x_i = 1.4
-- at x_i = 1.5
-- at x_i = 1.6
-- at x_i = 1.7
-- at x_i = 1.8
-- at x_i = 1.9
-- at x_i = 2
-- at x_i = 2.1
-- at x_i = 2.2
-- at x_i = 2.3
-- at x_i = 2.4
-- at x_i = 2.5
-- at x_i = 2.6
-- at x_i = 2.7
-- at x_i = 2.8
-- at x_i = 2.9
-- at x_i = 3
-- at x_i = 3.1
-- at x_i = 3.2
-- at x_i = 3.3
-- at x_i = 3.4
-- at x_i = 3.5
-- at x_i = 3.6
-- at x_i = 3.7
-- at x_i = 3.8
-- at x_i = 3.9
-- at x_i = 4
-- at x_i = 4.1
-- at x_i = 4.2
-- at x_i = 4.3
-- at x_i = 4.4
-- at x_i = 4.5
-- at x_i = 4.6
-- at x_i = 4.7
-- at x_i = 4.8
-- at x_i = 4.9
-- at x_i = 5
-- at x_i = 5.1
-- at x_i = 5.2
-- at x_i = 5.3
-- at x_i = 5.4
-- at x_i = 5.5
-- at x_i = 5.6
-- at x_i = 5.7
-- at x_i = 5.8
-- at x_i = 5.9
-- at x_i = 6
-- at x_i = 6.1
-- at x_i = 6.2
-- at x_i = 6.3
-- at x_i = 6.4
-- at x_i = 6.5
-- at x_i = 6.6
-- at x_i = 6.7
-- at x_i = 6.8
-- at x_i = 6.9
-- at x_i = 7
-- at x_i = 7.1
-- at x_i = 7.2
-- at x_i = 7.3
-- at x_i = 7.4
-- at x_i = 7.5
-- at x_i = 7.6
-- at x_i = 7.7
-- at x_i = 7.79999
-- at x_i = 7.89999
-- at x_i = 7.99999
-- at x_i = 8.09999
-- at x_i = 8.2
-- at x_i = 8.3
-- at x_i = 8.4
-- at x_i = 8.5
-- at x_i = 8.6
-- at x_i = 8.7
-- at x_i = 8.8
-- at x_i = 8.9
-- at x_i = 9
-- at x_i = 9.1
-- at x_i = 9.2
-- at x_i = 9.3
-- at x_i = 9.4
-- at x_i = 9.5
-- at x_i = 9.6
-- at x_i = 9.7
-- at x_i = 9.8
-- at x_i = 9.9
Upwind;sol exacte
4.65791e-07;1.07698e-07
4.02374e-07;1.85736e-07
-6.1948e-08;3.17135e-07
-4.45793e-07;5.36104e-07
-2.73223e-07;8.97244e-07
5.92674e-07;1.48672e-06
2.02388e-06;2.43896e-06
3.95906e-06;3.9613e-06
6.63131e-06;6.36983e-06
1.05731e-05;1.01409e-05
1.65633e-05;1.59837e-05
2.56709e-05;2.49425e-05
3.93985e-05;3.85352e-05
5.98807e-05;5.89431e-05
9.01286e-05;8.92617e-05
0.000134341;0.00013383
0.0001983;0.000198655
0.000289872;0.000291947
0.000419623;0.00042478
0.000601564;0.000611902
0.000854034;0.000872683
0.00120071;0.00123222
0.00167175;0.00172257
0.00230503;0.00238409
0.0031474;0.00326682
0.00425597;0.00443185
0.00569922;0.00595254
0.00755795;0.00791545
0.00992576;0.0104209
0.0129091;0.013583
0.0166264;0.0175283
0.0212067;0.0223945
0.0267867;0.028327
0.0335072;0.0354746
0.0415078;0.0439836
0.0509205;0.053991
0.0618627;0.0656158
0.0744282;0.0789502
0.0886785;0.0940491
0.104634;0.110921
0.122264;0.129518
0.141481;0.149727
0.162133;0.171369
0.183999;0.194186
0.206793;0.217852
0.230159;0.241971
0.253684;0.266085
0.276905;0.289692
0.299325;0.312254
0.320426;0.333225
0.339693;0.352065
0.356631;0.36827
0.370788;0.381388
0.381772;0.391043
0.389276;0.396953
0.393083;0.398942
0.393083;0.396953
0.389276;0.391043
0.381772;0.381388
0.370788;0.36827
0.356631;0.352065
0.339693;0.333225
0.320426;0.312254
0.299325;0.289692
0.276905;0.266085
0.253684;0.241971
0.230159;0.217852
0.206793;0.194186
0.183999;0.171369
0.162133;0.149727
0.141481;0.129518
0.122264;0.110921
0.104634;0.094049
0.0886785;0.0789501
0.0744281;0.0656158
0.0618627;0.053991
0.0509205;0.0439836
0.0415078;0.0354746
0.0335072;0.028327
0.0267867;0.0223945
0.0212067;0.0175283
0.0166264;0.013583
0.0129091;0.0104209
0.00992575;0.00791545
0.00755794;0.00595252
0.00569922;0.00443185
0.00425596;0.00326682
0.0031474;0.00238409
0.00230503;0.00172257
0.00167175;0.00123222
0.00120071;0.000872683
0.000854034;0.000611901
0.000601564;0.000424781
0.000419622;0.000291947
0.000289871;0.000198655
0.0001983;0.00013383
0.000134341;8.92615e-05
9.01286e-05;5.89431e-05
5.98806e-05;3.85352e-05
3.93985e-05;2.49424e-05
2.56709e-05;1.59837e-05
--- compute equation at time : 1.1 ---
-- at x_i = 0
-- at x_i = 0.1
-- at x_i = 0.2
-- at x_i = 0.3
-- at x_i = 0.4
-- at x_i = 0.5
-- at x_i = 0.6
-- at x_i = 0.7
-- at x_i = 0.8
-- at x_i = 0.9
-- at x_i = 1
-- at x_i = 1.1
-- at x_i = 1.2
-- at x_i = 1.3
-- at x_i = 1.4
-- at x_i = 1.5
-- at x_i = 1.6
-- at x_i = 1.7
-- at x_i = 1.8
-- at x_i = 1.9
-- at x_i = 2
-- at x_i = 2.1
-- at x_i = 2.2
-- at x_i = 2.3
-- at x_i = 2.4
-- at x_i = 2.5
-- at x_i = 2.6
-- at x_i = 2.7
-- at x_i = 2.8
-- at x_i = 2.9
-- at x_i = 3
-- at x_i = 3.1
-- at x_i = 3.2
-- at x_i = 3.3
-- at x_i = 3.4
-- at x_i = 3.5
-- at x_i = 3.6
-- at x_i = 3.7
-- at x_i = 3.8
-- at x_i = 3.9
-- at x_i = 4
-- at x_i = 4.1
-- at x_i = 4.2
-- at x_i = 4.3
-- at x_i = 4.4
-- at x_i = 4.5
-- at x_i = 4.6
-- at x_i = 4.7
-- at x_i = 4.8
-- at x_i = 4.9
-- at x_i = 5
-- at x_i = 5.1
-- at x_i = 5.2
-- at x_i = 5.3
-- at x_i = 5.4
-- at x_i = 5.5
-- at x_i = 5.6
-- at x_i = 5.7
-- at x_i = 5.8
-- at x_i = 5.9
-- at x_i = 6
-- at x_i = 6.1
-- at x_i = 6.2
-- at x_i = 6.3
-- at x_i = 6.4
-- at x_i = 6.5
-- at x_i = 6.6
-- at x_i = 6.7
-- at x_i = 6.8
-- at x_i = 6.9
-- at x_i = 7
-- at x_i = 7.1
-- at x_i = 7.2
-- at x_i = 7.3
-- at x_i = 7.4
-- at x_i = 7.5
-- at x_i = 7.6
-- at x_i = 7.7
-- at x_i = 7.79999
-- at x_i = 7.89999
-- at x_i = 7.99999
-- at x_i = 8.09999
-- at x_i = 8.2
-- at x_i = 8.3
-- at x_i = 8.4
-- at x_i = 8.5
-- at x_i = 8.6
-- at x_i = 8.7
-- at x_i = 8.8
-- at x_i = 8.9
-- at x_i = 9
-- at x_i = 9.1
-- at x_i = 9.2
-- at x_i = 9.3
-- at x_i = 9.4
-- at x_i = 9.5
-- at x_i = 9.6
-- at x_i = 9.7
-- at x_i = 9.8
-- at x_i = 9.9
Upwind;sol exacte
2.64604e-07;8.17018e-08
4.34082e-07;1.4161e-07
1.70213e-07;2.43004e-07
-2.5387e-07;4.12847e-07
-3.59508e-07;6.9442e-07
1.59725e-07;1.15641e-06
1.30828e-06;1.9066e-06
2.99147e-06;3.11218e-06
5.29519e-06;5.02951e-06
8.60219e-06;8.04718e-06
1.35682e-05;1.27473e-05
2.11171e-05;1.99918e-05
3.25347e-05;3.10414e-05
4.96396e-05;4.77186e-05
7.50047e-05;7.26259e-05
0.000112235;0.000109434
0.00016632;0.000163256
0.000244086;0.000241127
0.000354747;0.000352596
0.000510594;0.000510465
0.000727799;0.000731664
0.00102737;0.00103828
0.00143623;0.00145873
0.00198839;0.00202905
0.00272622;0.00279426
0.00370168;0.00380976
0.00497759;0.00514264
0.00662858;0.00687277
0.00874185;0.00909356
0.0114174;0.0119122
0.0147677;0.0154493
0.0189165;0.0198374
0.0239967;0.0252182
0.030147;0.0317397
0.0375075;0.03955
0.0462142;0.048792
0.0563916;0.0595947
0.0681454;0.0720649
0.0815533;0.0862773
0.0966562;0.102265
0.113449;0.120009
0.131873;0.139431
0.151807;0.160383
0.173066;0.182649
0.195396;0.205936
0.218476;0.229882
0.241921;0.254059
0.265294;0.277985
0.288115;0.301137
0.309876;0.322972
0.33006;0.342944
0.348162;0.360527
0.363709;0.37524
0.37628;0.386668
0.385524;0.394479
0.391179;0.398444
0.393083;0.398444
0.391179;0.394479
0.385524;0.386668
0.37628;0.37524
0.363709;0.360527
0.348162;0.342944
0.33006;0.322972
0.309876;0.301137
0.288115;0.277985
0.265294;0.254059
0.241921;0.229882
0.218476;0.205936
0.195396;0.182649
0.173066;0.160383
0.151807;0.139431
0.131873;0.120009
0.113449;0.102265
0.0966561;0.0862773
0.0815533;0.0720649
0.0681454;0.0595947
0.0563916;0.048792
0.0462142;0.03955
0.0375075;0.0317397
0.030147;0.0252182
0.0239967;0.0198374
0.0189165;0.0154493
0.0147677;0.0119123
0.0114174;0.00909356
0.00874185;0.00687276
0.00662858;0.00514264
0.00497759;0.00380976
0.00370168;0.00279426
0.00272622;0.00202905
0.00198839;0.00145873
0.00143623;0.00103828
0.00102737;0.000731664
0.000727799;0.000510466
0.000510593;0.000352596
0.000354747;0.000241126
0.000244085;0.000163257
0.00016632;0.000109434
0.000112235;7.2626e-05
7.50046e-05;4.77186e-05
4.96396e-05;3.10414e-05
3.25347e-05;1.99918e-05
--- compute equation at time : 1.2 ---
-- at x_i = 0
-- at x_i = 0.1
-- at x_i = 0.2
-- at x_i = 0.3
-- at x_i = 0.4
-- at x_i = 0.5
-- at x_i = 0.6
-- at x_i = 0.7
-- at x_i = 0.8
-- at x_i = 0.9
-- at x_i = 1
-- at x_i = 1.1
-- at x_i = 1.2
-- at x_i = 1.3
-- at x_i = 1.4
-- at x_i = 1.5
-- at x_i = 1.6
-- at x_i = 1.7
-- at x_i = 1.8
-- at x_i = 1.9
-- at x_i = 2
-- at x_i = 2.1
-- at x_i = 2.2
-- at x_i = 2.3
-- at x_i = 2.4
-- at x_i = 2.5
-- at x_i = 2.6
-- at x_i = 2.7
-- at x_i = 2.8
-- at x_i = 2.9
-- at x_i = 3
-- at x_i = 3.1
-- at x_i = 3.2
-- at x_i = 3.3
-- at x_i = 3.4
-- at x_i = 3.5
-- at x_i = 3.6
-- at x_i = 3.7
-- at x_i = 3.8
-- at x_i = 3.9
-- at x_i = 4
-- at x_i = 4.1
-- at x_i = 4.2
-- at x_i = 4.3
-- at x_i = 4.4
-- at x_i = 4.5
-- at x_i = 4.6
-- at x_i = 4.7
-- at x_i = 4.8
-- at x_i = 4.9
-- at x_i = 5
-- at x_i = 5.1
-- at x_i = 5.2
-- at x_i = 5.3
-- at x_i = 5.4
-- at x_i = 5.5
-- at x_i = 5.6
-- at x_i = 5.7
-- at x_i = 5.8
-- at x_i = 5.9
-- at x_i = 6
-- at x_i = 6.1
-- at x_i = 6.2
-- at x_i = 6.3
-- at x_i = 6.4
-- at x_i = 6.5
-- at x_i = 6.6
-- at x_i = 6.7
-- at x_i = 6.8
-- at x_i = 6.9
-- at x_i = 7
-- at x_i = 7.1
-- at x_i = 7.2
-- at x_i = 7.3
-- at x_i = 7.4
-- at x_i = 7.5
-- at x_i = 7.6
-- at x_i = 7.7
-- at x_i = 7.79999
-- at x_i = 7.89999
-- at x_i = 7.99999
-- at x_i = 8.09999
-- at x_i = 8.2
-- at x_i = 8.3
-- at x_i = 8.4
-- at x_i = 8.5
-- at x_i = 8.6
-- at x_i = 8.7
-- at x_i = 8.8
-- at x_i = 8.9
-- at x_i = 9
-- at x_i = 9.1
-- at x_i = 9.2
-- at x_i = 9.3
-- at x_i = 9.4
-- at x_i = 9.5
-- at x_i = 9.6
-- at x_i = 9.7
-- at x_i = 9.8
-- at x_i = 9.9
Upwind;sol exacte
4.75629e-08;6.18262e-08
3.49343e-07;1.07698e-07
3.02148e-07;1.85736e-07
-4.18287e-08;3.17135e-07
-3.06689e-07;5.36103e-07
-9.98914e-08;8.97244e-07
7.34001e-07;1.48672e-06
2.14987e-06;2.43896e-06
4.14333e-06;3.9613e-06
6.94869e-06;6.36983e-06
1.10852e-05;1.01409e-05
1.73427e-05;1.59837e-05
2.68259e-05;2.49425e-05
4.10871e-05;3.85352e-05
6.23221e-05;5.8943e-05
9.36197e-05;8.92617e-05
0.000139277;0.00013383
0.000205203;0.000198655
0.000299416;0.000291947
0.00043267;0.00042478
0.000619197;0.000611902
0.000877586;0.000872683
0.0012318;0.00123222
0.00171231;0.00172257
0.00235731;0.00238409
0.00321395;0.00326682
0.00433964;0.00443185
0.00580309;0.00595253
0.00768522;0.00791545
0.0100796;0.0104209
0.0130926;0.013583
0.0168421;0.0175283
0.0214566;0.0223945
0.0270718;0.028327
0.0338272;0.0354746
0.0418608;0.0439836
0.0513029;0.053991
0.0622685;0.0656158
0.0748494;0.0789501
0.0891047;0.0940491
0.105053;0.110921
0.122661;0.129518
0.14184;0.149727
0.162437;0.171369
0.184231;0.194186
0.206936;0.217852
0.230198;0.241971
0.253608;0.266085
0.276705;0.289692
0.298995;0.312254
0.319968;0.333225
0.339111;0.352065
0.355936;0.36827
0.369995;0.381388
0.380902;0.391043
0.388352;0.396953
0.392131;0.398942
0.392131;0.396953
0.388352;0.391043
0.380902;0.381388
0.369995;0.36827
0.355936;0.352065
0.339111;0.333225
0.319968;0.312254
0.298995;0.289692
0.276705;0.266085
0.253608;0.241971
0.230198;0.217852
0.206936;0.194186
0.184231;0.171369
0.162436;0.149727
0.14184;0.129518
0.122661;0.110921
0.105053;0.094049
0.0891047;0.0789501
0.0748494;0.0656158
0.0622685;0.053991
0.0513029;0.0439836
0.0418608;0.0354746
0.0338272;0.028327
0.0270718;0.0223945
0.0214566;0.0175283
0.0168421;0.013583
0.0130926;0.0104209
0.0100796;0.00791544
0.00768521;0.00595253
0.00580308;0.00443185
0.00433964;0.00326682
0.00321395;0.00238409
0.0023573;0.00172257
0.00171231;0.00123222
0.0012318;0.000872683
0.000877586;0.000611903
0.000619196;0.000424781
0.00043267;0.000291947
0.000299416;0.000198656
0.000205203;0.00013383
0.000139277;8.92619e-05
9.36196e-05;5.89431e-05
6.23221e-05;3.85352e-05
4.10871e-05;2.49425e-05
--- compute equation at time : 1.3 ---
-- at x_i = 0
-- at x_i = 0.1
-- at x_i = 0.2
-- at x_i = 0.3
-- at x_i = 0.4
-- at x_i = 0.5
-- at x_i = 0.6
-- at x_i = 0.7
-- at x_i = 0.8
-- at x_i = 0.9
-- at x_i = 1
-- at x_i = 1.1
-- at x_i = 1.2
-- at x_i = 1.3
-- at x_i = 1.4
-- at x_i = 1.5
-- at x_i = 1.6
-- at x_i = 1.7
-- at x_i = 1.8
-- at x_i = 1.9
-- at x_i = 2
-- at x_i = 2.1
-- at x_i = 2.2
-- at x_i = 2.3
-- at x_i = 2.4
-- at x_i = 2.5
-- at x_i = 2.6
-- at x_i = 2.7
-- at x_i = 2.8
-- at x_i = 2.9
-- at x_i = 3
-- at x_i = 3.1
-- at x_i = 3.2
-- at x_i = 3.3
-- at x_i = 3.4
-- at x_i = 3.5
-- at x_i = 3.6
-- at x_i = 3.7
-- at x_i = 3.8
-- at x_i = 3.9
-- at x_i = 4
-- at x_i = 4.1
-- at x_i = 4.2
-- at x_i = 4.3
-- at x_i = 4.4
-- at x_i = 4.5
-- at x_i = 4.6
-- at x_i = 4.7
-- at x_i = 4.8
-- at x_i = 4.9
-- at x_i = 5
-- at x_i = 5.1
-- at x_i = 5.2
-- at x_i = 5.3
-- at x_i = 5.4
-- at x_i = 5.5
-- at x_i = 5.6
-- at x_i = 5.7
-- at x_i = 5.8
-- at x_i = 5.9
-- at x_i = 6
-- at x_i = 6.1
-- at x_i = 6.2
-- at x_i = 6.3
-- at x_i = 6.4
-- at x_i = 6.5
-- at x_i = 6.6
-- at x_i = 6.7
-- at x_i = 6.8
-- at x_i = 6.9
-- at x_i = 7
-- at x_i = 7.1
-- at x_i = 7.2
-- at x_i = 7.3
-- at x_i = 7.4
-- at x_i = 7.5
-- at x_i = 7.6
-- at x_i = 7.7
-- at x_i = 7.79999
-- at x_i = 7.89999
-- at x_i = 7.99999
-- at x_i = 8.09999
-- at x_i = 8.2
-- at x_i = 8.3
-- at x_i = 8.4
-- at x_i = 8.5
-- at x_i = 8.6
-- at x_i = 8.7
-- at x_i = 8.8
-- at x_i = 8.9
-- at x_i = 9
-- at x_i = 9.1
-- at x_i = 9.2
-- at x_i = 9.3
-- at x_i = 9.4
-- at x_i = 9.5
-- at x_i = 9.6
-- at x_i = 9.7
-- at x_i = 9.8
-- at x_i = 9.9
Upwind;sol exacte
-1.27109e-07;4.66688e-08
1.98453e-07;8.17018e-08
3.25746e-07;1.4161e-07
1.30159e-07;2.43004e-07
-1.74259e-07;4.12847e-07
-2.0329e-07;6.9442e-07
3.17055e-07;1.15641e-06
1.44194e-06;1.9066e-06
3.1466e-06;3.11218e-06
5.54601e-06;5.02951e-06
9.01694e-06;8.04718e-06
1.42139e-05;1.27473e-05
2.20843e-05;1.99918e-05
3.39565e-05;3.10414e-05
5.17046e-05;4.77186e-05
7.79709e-05;7.26259e-05
0.000116449;0.000109434
0.00017224;0.000163256
0.00025231;0.000241127
0.000366043;0.000352596
0.000525933;0.000510465
0.000748391;0.000731665
0.00105469;0.00103828
0.00147206;0.00145873
0.00203481;0.00202905
0.00278563;0.00279426
0.00377679;0.00380976
0.00507136;0.00514264
0.00674415;0.00687276
0.00888242;0.00909356
0.0115861;0.0119122
0.0149674;0.0154493
0.0191494;0.0198374
0.0242642;0.0252182
0.0304495;0.0317397
0.037844;0.03955
0.0465819;0.048792
0.0567857;0.0595947
0.0685589;0.0720649
0.0819771;0.0862773
0.0970786;0.102265
0.113857;0.120009
0.13225;0.139431
0.152138;0.160383
0.173334;0.182649
0.195583;0.205936
0.218567;0.229882
0.241903;0.254059
0.265156;0.277985
0.28785;0.301137
0.309482;0.322972
0.329539;0.342944
0.347523;0.360527
0.362965;0.37524
0.375448;0.386668
0.384627;0.394479
0.390241;0.398444
0.392131;0.398444
0.390241;0.394479
0.384627;0.386668
0.375448;0.37524
0.362965;0.360527
0.347523;0.342944
0.329539;0.322972
0.309482;0.301137
0.28785;0.277985
0.265156;0.254059
0.241903;0.229882
0.218567;0.205936
0.195583;0.182649
0.173334;0.160383
0.152138;0.139431
0.13225;0.120009
0.113857;0.102265
0.0970786;0.0862773
0.081977;0.0720649
0.0685589;0.0595947
0.0567857;0.048792
0.0465819;0.03955
0.037844;0.0317397
0.0304495;0.0252182
0.0242642;0.0198373
0.0191494;0.0154494
0.0149673;0.0119122
0.0115861;0.00909355
0.00888242;0.00687277
0.00674415;0.00514264
0.00507136;0.00380977
0.00377679;0.00279426
0.00278563;0.00202905
0.00203481;0.00145873
0.00147206;0.00103828
0.00105469;0.000731666
0.000748391;0.000510466
0.000525933;0.000352596
0.000366043;0.000241126
0.000252309;0.000163256
0.00017224;0.000109434
0.000116448;7.2626e-05
7.79708e-05;4.77186e-05
5.17046e-05;3.10414e-05
--- compute equation at time : 1.4 ---
-- at x_i = 0
-- at x_i = 0.1
-- at x_i = 0.2
-- at x_i = 0.3
-- at x_i = 0.4
-- at x_i = 0.5
-- at x_i = 0.6
-- at x_i = 0.7
-- at x_i = 0.8
-- at x_i = 0.9
-- at x_i = 1
-- at x_i = 1.1
-- at x_i = 1.2
-- at x_i = 1.3
-- at x_i = 1.4
-- at x_i = 1.5
-- at x_i = 1.6
-- at x_i = 1.7
-- at x_i = 1.8
-- at x_i = 1.9
-- at x_i = 2
-- at x_i = 2.1
-- at x_i = 2.2
-- at x_i = 2.3
-- at x_i = 2.4
-- at x_i = 2.5
-- at x_i = 2.6
-- at x_i = 2.7
-- at x_i = 2.8
-- at x_i = 2.9
-- at x_i = 3
-- at x_i = 3.1
-- at x_i = 3.2
-- at x_i = 3.3
-- at x_i = 3.4
-- at x_i = 3.5
-- at x_i = 3.6
-- at x_i = 3.7
-- at x_i = 3.8
-- at x_i = 3.9
-- at x_i = 4
-- at x_i = 4.1
-- at x_i = 4.2
-- at x_i = 4.3
-- at x_i = 4.4
-- at x_i = 4.5
-- at x_i = 4.6
-- at x_i = 4.7
-- at x_i = 4.8
-- at x_i = 4.9
-- at x_i = 5
-- at x_i = 5.1
-- at x_i = 5.2
-- at x_i = 5.3
-- at x_i = 5.4
-- at x_i = 5.5
-- at x_i = 5.6
-- at x_i = 5.7
-- at x_i = 5.8
-- at x_i = 5.9
-- at x_i = 6
-- at x_i = 6.1
-- at x_i = 6.2
-- at x_i = 6.3
-- at x_i = 6.4
-- at x_i = 6.5
-- at x_i = 6.6
-- at x_i = 6.7
-- at x_i = 6.8
-- at x_i = 6.9
-- at x_i = 7
-- at x_i = 7.1
-- at x_i = 7.2
-- at x_i = 7.3
-- at x_i = 7.4
-- at x_i = 7.5
-- at x_i = 7.6
-- at x_i = 7.7
-- at x_i = 7.79999
-- at x_i = 7.89999
-- at x_i = 7.99999
-- at x_i = 8.09999
-- at x_i = 8.2
-- at x_i = 8.3
-- at x_i = 8.4
-- at x_i = 8.5
-- at x_i = 8.6
-- at x_i = 8.7
-- at x_i = 8.8
-- at x_i = 8.9
-- at x_i = 9
-- at x_i = 9.1
-- at x_i = 9.2
-- at x_i = 9.3
-- at x_i = 9.4
-- at x_i = 9.5
-- at x_i = 9.6
-- at x_i = 9.7
-- at x_i = 9.8
-- at x_i = 9.9
Upwind;sol exacte
-2.26335e-07;3.51395e-08
3.56722e-08;6.18262e-08
2.62099e-07;1.07698e-07
2.27952e-07;1.85736e-07
-2.20498e-08;3.17135e-07
-1.88775e-07;5.36103e-07
5.68821e-08;8.97244e-07
8.79496e-07;1.48672e-06
2.29427e-06;2.43896e-06
4.34631e-06;3.9613e-06
7.28148e-06;6.36982e-06
1.16154e-05;1.01409e-05
1.81491e-05;1.59837e-05
2.80204e-05;2.49425e-05
4.28306e-05;3.85352e-05
6.48378e-05;5.8943e-05
9.72097e-05;8.92617e-05
0.000144344;0.00013383
0.000212275;0.000198655
0.000309177;0.000291947
0.000445988;0.00042478
0.000637162;0.000611902
0.000901543;0.000872683
0.00126338;0.00123222
0.00175343;0.00172257
0.00241022;0.00238409
0.00328121;0.00326682
0.00442408;0.00443185
0.00590776;0.00595253
0.00781329;0.00791545
0.0102343;0.0104209
0.0132767;0.013583
0.0170584;0.0175283
0.0217068;0.0223945
0.0273569;0.028327
0.0341468;0.0354746
0.0422129;0.0439836
0.0516838;0.053991
0.0626723;0.0656158
0.075268;0.0789502
0.0895278;0.0940491
0.105468;0.110921
0.123053;0.129518
0.142194;0.149727
0.162736;0.171369
0.184459;0.194186
0.207075;0.217852
0.230235;0.241971
0.25353;0.266085
0.276503;0.289692
0.298666;0.312254
0.31951;0.333225
0.338531;0.352065
0.355244;0.36827
0.369207;0.381388
0.380038;0.391043
0.387434;0.396953
0.391186;0.398942
0.391186;0.396953
0.387434;0.391043
0.380038;0.381388
0.369207;0.36827
0.355244;0.352065
0.338531;0.333225
0.31951;0.312254
0.298666;0.289692
0.276503;0.266085
0.25353;0.241971
0.230235;0.217852
0.207075;0.194186
0.184459;0.171369
0.162736;0.149728
0.142194;0.129518
0.123053;0.110921
0.105468;0.0940491
0.0895278;0.0789502
0.075268;0.0656159
0.0626723;0.053991
0.0516838;0.0439836
0.0422129;0.0354746
0.0341468;0.0283271
0.0273569;0.0223945
0.0217068;0.0175283
0.0170584;0.013583
0.0132767;0.0104209
0.0102343;0.00791546
0.00781328;0.00595253
0.00590775;0.00443185
0.00442408;0.00326682
0.00328121;0.00238408
0.00241022;0.00172257
0.00175343;0.00123222
0.00126338;0.000872683
0.000901542;0.000611901
0.000637162;0.000424779
0.000445988;0.000291947
0.000309176;0.000198655
0.000212275;0.00013383
0.000144344;8.92615e-05
9.72097e-05;5.89429e-05
6.48377e-05;3.85352e-05
--- compute equation at time : 1.5 ---
-- at x_i = 0
-- at x_i = 0.1
-- at x_i = 0.2
-- at x_i = 0.3
-- at x_i = 0.4
-- at x_i = 0.5
-- at x_i = 0.6
-- at x_i = 0.7
-- at x_i = 0.8
-- at x_i = 0.9
-- at x_i = 1
-- at x_i = 1.1
-- at x_i = 1.2
-- at x_i = 1.3
-- at x_i = 1.4
-- at x_i = 1.5
-- at x_i = 1.6
-- at x_i = 1.7
-- at x_i = 1.8
-- at x_i = 1.9
-- at x_i = 2
-- at x_i = 2.1
-- at x_i = 2.2
-- at x_i = 2.3
-- at x_i = 2.4
-- at x_i = 2.5
-- at x_i = 2.6
-- at x_i = 2.7
-- at x_i = 2.8
-- at x_i = 2.9
-- at x_i = 3
-- at x_i = 3.1
-- at x_i = 3.2
-- at x_i = 3.3
-- at x_i = 3.4
-- at x_i = 3.5
-- at x_i = 3.6
-- at x_i = 3.7
-- at x_i = 3.8
-- at x_i = 3.9
-- at x_i = 4
-- at x_i = 4.1
-- at x_i = 4.2
-- at x_i = 4.3
-- at x_i = 4.4
-- at x_i = 4.5
-- at x_i = 4.6
-- at x_i = 4.7
-- at x_i = 4.8
-- at x_i = 4.9
-- at x_i = 5
-- at x_i = 5.1
-- at x_i = 5.2
-- at x_i = 5.3
-- at x_i = 5.4
-- at x_i = 5.5
-- at x_i = 5.6
-- at x_i = 5.7
-- at x_i = 5.8
-- at x_i = 5.9
-- at x_i = 6
-- at x_i = 6.1
-- at x_i = 6.2
-- at x_i = 6.3
-- at x_i = 6.4
-- at x_i = 6.5
-- at x_i = 6.6
-- at x_i = 6.7
-- at x_i = 6.8
-- at x_i = 6.9
-- at x_i = 7
-- at x_i = 7.1
-- at x_i = 7.2
-- at x_i = 7.3
-- at x_i = 7.4
-- at x_i = 7.5
-- at x_i = 7.6
-- at x_i = 7.7
-- at x_i = 7.79999
-- at x_i = 7.89999
-- at x_i = 7.99999
-- at x_i = 8.09999
-- at x_i = 8.2
-- at x_i = 8.3
-- at x_i = 8.4
-- at x_i = 8.5
-- at x_i = 8.6
-- at x_i = 8.7
-- at x_i = 8.8
-- at x_i = 8.9
-- at x_i = 9
-- at x_i = 9.1
-- at x_i = 9.2
-- at x_i = 9.3
-- at x_i = 9.4
-- at x_i = 9.5
-- at x_i = 9.6
-- at x_i = 9.7
-- at x_i = 9.8
-- at x_i = 9.9
Upwind;sol exacte
-2.44171e-07;2.63924e-08
-9.53316e-08;4.66688e-08
1.48886e-07;8.17018e-08
2.45026e-07;1.4161e-07
1.02951e-07;2.43004e-07
-1.05412e-07;4.12847e-07
-6.59463e-08;6.9442e-07
4.68189e-07;1.15641e-06
1.58688e-06;1.9066e-06
3.32029e-06;3.11218e-06
5.81389e-06;5.02951e-06
9.44845e-06;8.04718e-06
1.48823e-05;1.27473e-05
2.30848e-05;1.99918e-05
3.54255e-05;3.10414e-05
5.38342e-05;4.77186e-05
8.10238e-05;7.26259e-05
0.000120777;0.000109434
0.00017831;0.000163256
0.000260726;0.000241126
0.000377583;0.000352596
0.000541575;0.000510465
0.000769353;0.000731664
0.00108246;0.00103828
0.00150841;0.00145873
0.00208183;0.00202905
0.00284572;0.00279426
0.00385265;0.00380976
0.00516592;0.00514264
0.00686052;0.00687277
0.00902378;0.00909356
0.0117555;0.0119122
0.0151675;0.0154493
0.0193826;0.0198373
0.0245318;0.0252182
0.0307518;0.0317397
0.0381799;0.03955
0.0469484;0.048792
0.0571781;0.0595947
0.0689702;0.0720649
0.0823979;0.0862773
0.0974977;0.102265
0.114261;0.120009
0.132624;0.139431
0.152465;0.160383
0.173597;0.182649
0.195767;0.205936
0.218655;0.229882
0.241882;0.254059
0.265016;0.277985
0.287584;0.301137
0.309088;0.322972
0.329021;0.342944
0.346888;0.360527
0.362226;0.37524
0.374622;0.386668
0.383736;0.394479
0.38931;0.398444
0.391186;0.398444
0.38931;0.394479
0.383736;0.386668
0.374622;0.37524
0.362226;0.360527
0.346888;0.342944
0.329021;0.322972
0.309088;0.301137
0.287584;0.277985
0.265016;0.254059
0.241882;0.229882
0.218655;0.205936
0.195767;0.182649
0.173597;0.160383
0.152465;0.139431
0.132624;0.120009
0.114261;0.102265
0.0974977;0.0862773
0.0823979;0.0720649
0.0689702;0.0595947
0.057178;0.048792
0.0469484;0.03955
0.0381799;0.0317397
0.0307518;0.0252182
0.0245318;0.0198374
0.0193826;0.0154493
0.0151675;0.0119122
0.0117555;0.00909356
0.00902377;0.00687276
0.00686052;0.00514264
0.00516592;0.00380976
0.00385264;0.00279425
0.00284571;0.00202905
0.00208182;0.00145873
0.0015084;0.00103828
0.00108246;0.000731664
0.000769352;0.000510464
0.000541575;0.000352596
0.000377582;0.000241126
0.000260726;0.000163257
0.00017831;0.000109434
0.000120777;7.26258e-05
8.10237e-05;4.77186e-05
--- compute equation at time : 1.6 ---
-- at x_i = 0
-- at x_i = 0.1
-- at x_i = 0.2
-- at x_i = 0.3
-- at x_i = 0.4
-- at x_i = 0.5
-- at x_i = 0.6
-- at x_i = 0.7
-- at x_i = 0.8
-- at x_i = 0.9
-- at x_i = 1
-- at x_i = 1.1
-- at x_i = 1.2
-- at x_i = 1.3
-- at x_i = 1.4
-- at x_i = 1.5
-- at x_i = 1.6
-- at x_i = 1.7
-- at x_i = 1.8
-- at x_i = 1.9
-- at x_i = 2
-- at x_i = 2.1
-- at x_i = 2.2
-- at x_i = 2.3
-- at x_i = 2.4
-- at x_i = 2.5
-- at x_i = 2.6
-- at x_i = 2.7
-- at x_i = 2.8
-- at x_i = 2.9
-- at x_i = 3
-- at x_i = 3.1
-- at x_i = 3.2
-- at x_i = 3.3
-- at x_i = 3.4
-- at x_i = 3.5
-- at x_i = 3.6
-- at x_i = 3.7
-- at x_i = 3.8
-- at x_i = 3.9
-- at x_i = 4
-- at x_i = 4.1
-- at x_i = 4.2
-- at x_i = 4.3
-- at x_i = 4.4
-- at x_i = 4.5
-- at x_i = 4.6
-- at x_i = 4.7
-- at x_i = 4.8
-- at x_i = 4.9
-- at x_i = 5
-- at x_i = 5.1
-- at x_i = 5.2
-- at x_i = 5.3
-- at x_i = 5.4
-- at x_i = 5.5
-- at x_i = 5.6
-- at x_i = 5.7
-- at x_i = 5.8
-- at x_i = 5.9
-- at x_i = 6
-- at x_i = 6.1
-- at x_i = 6.2
-- at x_i = 6.3
-- at x_i = 6.4
-- at x_i = 6.5
-- at x_i = 6.6
-- at x_i = 6.7
-- at x_i = 6.8
-- at x_i = 6.9
-- at x_i = 7
-- at x_i = 7.1
-- at x_i = 7.2
-- at x_i = 7.3
-- at x_i = 7.4
-- at x_i = 7.5
-- at x_i = 7.6
-- at x_i = 7.7
-- at x_i = 7.79999
-- at x_i = 7.89999
-- at x_i = 7.99999
-- at x_i = 8.09999
-- at x_i = 8.2
-- at x_i = 8.3
-- at x_i = 8.4
-- at x_i = 8.5
-- at x_i = 8.6
-- at x_i = 8.7
-- at x_i = 8.8
-- at x_i = 8.9
-- at x_i = 9
-- at x_i = 9.1
-- at x_i = 9.2
-- at x_i = 9.3
-- at x_i = 9.4
-- at x_i = 9.5
-- at x_i = 9.6
-- at x_i = 9.7
-- at x_i = 9.8
-- at x_i = 9.9
Upwind;sol exacte
-1.96506e-07;1.97732e-08
-1.69751e-07;3.51395e-08
2.67771e-08;6.18261e-08
1.96956e-07;1.07698e-07
1.73989e-07;1.85736e-07
-1.23044e-09;3.17135e-07
-8.56793e-08;5.36103e-07
2.01121e-07;8.97242e-07
1.02754e-06;1.48672e-06
2.45358e-06;2.43896e-06
4.56709e-06;3.9613e-06
7.63117e-06;6.36982e-06
1.21654e-05;1.01409e-05
1.89835e-05;1.59837e-05
2.92551e-05;2.49425e-05
4.46298e-05;3.85352e-05
6.7429e-05;5.8943e-05
0.0001009;8.92617e-05
0.000149543;0.00013383
0.000219518;0.000198655
0.000319154;0.000291947
0.000459579;0.00042478
0.000655464;0.000611902
0.000925906;0.000872682
0.00129543;0.00123222
0.00179512;0.00172257
0.00246377;0.00238409
0.00334918;0.00326682
0.00450928;0.00443185
0.00601322;0.00595253
0.00794215;0.00791545
0.0103896;0.0104209
0.0134615;0.013583
0.0172751;0.0175283
0.0219572;0.0223945
0.0276418;0.028327
0.0344658;0.0354746
0.0425641;0.0439836
0.0520632;0.0539909
0.0630741;0.0656158
0.075684;0.0789501
0.0899478;0.094049
0.105879;0.110921
0.123442;0.129518
0.142544;0.149727
0.163031;0.171369
0.184682;0.194186
0.207211;0.217852
0.230269;0.241971
0.253449;0.266085
0.2763;0.289692
0.298336;0.312254
0.319055;0.333225
0.337954;0.352065
0.354557;0.36827
0.368424;0.381388
0.379179;0.391043
0.386523;0.396953
0.390248;0.398942
0.390248;0.396953
0.386523;0.391043
0.379179;0.381388
0.368424;0.36827
0.354557;0.352065
0.337954;0.333225
0.319054;0.312254
0.298336;0.289692
0.2763;0.266085
0.253449;0.241971
0.230269;0.217852
0.207211;0.194186
0.184682;0.171369
0.163031;0.149727
0.142544;0.129518
0.123442;0.110921
0.105879;0.0940491
0.0899478;0.0789502
0.075684;0.0656158
0.0630741;0.053991
0.0520632;0.0439836
0.0425641;0.0354746
0.0344658;0.028327
0.0276418;0.0223946
0.0219572;0.0175283
0.0172751;0.013583
0.0134615;0.0104209
0.0103896;0.00791545
0.00794215;0.00595254
0.00601322;0.00443185
0.00450928;0.00326682
0.00334918;0.00238409
0.00246377;0.00172257
0.00179511;0.00123222
0.00129543;0.000872683
0.000925906;0.000611901
0.000655464;0.000424781
0.000459579;0.000291947
0.000319154;0.000198656
0.000219518;0.00013383
0.000149543;8.92615e-05
0.0001009;5.89431e-05
--- compute equation at time : 1.7 ---
-- at x_i = 0
-- at x_i = 0.1
-- at x_i = 0.2
-- at x_i = 0.3
-- at x_i = 0.4
-- at x_i = 0.5
-- at x_i = 0.6
-- at x_i = 0.7
-- at x_i = 0.8
-- at x_i = 0.9
-- at x_i = 1
-- at x_i = 1.1
-- at x_i = 1.2
-- at x_i = 1.3
-- at x_i = 1.4
-- at x_i = 1.5
-- at x_i = 1.6
-- at x_i = 1.7
-- at x_i = 1.8
-- at x_i = 1.9
-- at x_i = 2
-- at x_i = 2.1
-- at x_i = 2.2
-- at x_i = 2.3
-- at x_i = 2.4
-- at x_i = 2.5
-- at x_i = 2.6
-- at x_i = 2.7
-- at x_i = 2.8
-- at x_i = 2.9
-- at x_i = 3
-- at x_i = 3.1
-- at x_i = 3.2
-- at x_i = 3.3
-- at x_i = 3.4
-- at x_i = 3.5
-- at x_i = 3.6
-- at x_i = 3.7
-- at x_i = 3.8
-- at x_i = 3.9
-- at x_i = 4
-- at x_i = 4.1
-- at x_i = 4.2
-- at x_i = 4.3
-- at x_i = 4.4
-- at x_i = 4.5
-- at x_i = 4.6
-- at x_i = 4.7
-- at x_i = 4.8
-- at x_i = 4.9
-- at x_i = 5
-- at x_i = 5.1
-- at x_i = 5.2
-- at x_i = 5.3
-- at x_i = 5.4
-- at x_i = 5.5
-- at x_i = 5.6
-- at x_i = 5.7
-- at x_i = 5.8
-- at x_i = 5.9
-- at x_i = 6
-- at x_i = 6.1
-- at x_i = 6.2
-- at x_i = 6.3
-- at x_i = 6.4
-- at x_i = 6.5
-- at x_i = 6.6
-- at x_i = 6.7
-- at x_i = 6.8
-- at x_i = 6.9
-- at x_i = 7
-- at x_i = 7.1
-- at x_i = 7.2
-- at x_i = 7.3
-- at x_i = 7.4
-- at x_i = 7.5
-- at x_i = 7.6
-- at x_i = 7.7
-- at x_i = 7.79999
-- at x_i = 7.89999
-- at x_i = 7.99999
-- at x_i = 8.09999
-- at x_i = 8.2
-- at x_i = 8.3
-- at x_i = 8.4
-- at x_i = 8.5
-- at x_i = 8.6
-- at x_i = 8.7
-- at x_i = 8.8
-- at x_i = 8.9
-- at x_i = 9
-- at x_i = 9.1
-- at x_i = 9.2
-- at x_i = 9.3
-- at x_i = 9.4
-- at x_i = 9.5
-- at x_i = 9.6
-- at x_i = 9.7
-- at x_i = 9.8
-- at x_i = 9.9
Upwind;sol exacte
-1.1163e-07;1.4777e-08
-1.83129e-07;2.63924e-08
-7.14872e-08;4.66688e-08
1.11866e-07;8.17018e-08
1.85472e-07;1.4161e-07
8.63791e-08;2.43003e-07
-4.34549e-08;4.12847e-07
5.7721e-08;6.9442e-07
6.14329e-07;1.15641e-06
1.74056e-06;1.9066e-06
3.51034e-06;3.11217e-06
6.09913e-06;5.02951e-06
9.89827e-06;8.04718e-06
1.55744e-05;1.27473e-05
2.41193e-05;1.99918e-05
3.69425e-05;3.10414e-05
5.60294e-05;4.77186e-05
8.41647e-05;7.26259e-05
0.000125222;0.000109434
0.000184531;0.000163256
0.000269336;0.000241126
0.000389367;0.000352596
0.000557522;0.000510465
0.000790685;0.000731664
0.00111067;0.00103828
0.00154527;0.00145873
0.00212944;0.00202905
0.00290648;0.00279426
0.00392923;0.00380976
0.00526125;0.00514264
0.00697768;0.00687276
0.00916589;0.00909356
0.0119256;0.0119122
0.0153683;0.0154493
0.0196161;0.0198374
0.0247995;0.0252182
0.0310538;0.0317397
0.038515;0.03955
0.0473137;0.048792
0.0575687;0.0595947
0.0693791;0.0720649
0.0828159;0.0862773
0.0979135;0.102265
0.114661;0.120009
0.132993;0.139431
0.152788;0.160383
0.173857;0.182649
0.195947;0.205936
0.21874;0.229882
0.241859;0.254059
0.264875;0.277985
0.287318;0.301137
0.308695;0.322972
0.328505;0.342944
0.346256;0.360527
0.36149;0.37524
0.373801;0.386668
0.382851;0.394479
0.388385;0.398444
0.390248;0.398444
0.388385;0.394479
0.382851;0.386668
0.373801;0.37524
0.36149;0.360527
0.346256;0.342944
0.328504;0.322972
0.308695;0.301137
0.287318;0.277985
0.264875;0.254059
0.241859;0.229882
0.21874;0.205936
0.195947;0.182649
0.173857;0.160383
0.152788;0.139431
0.132993;0.120009
0.114661;0.102265
0.0979135;0.0862773
0.0828159;0.0720648
0.0693791;0.0595947
0.0575687;0.048792
0.0473137;0.0395501
0.038515;0.0317397
0.0310538;0.0252183
0.0247995;0.0198374
0.0196161;0.0154493
0.0153683;0.0119123
0.0119256;0.00909356
0.00916589;0.00687278
0.00697768;0.00514264
0.00526125;0.00380976
0.00392923;0.00279426
0.00290647;0.00202905
0.00212944;0.00145873
0.00154527;0.00103828
0.00111067;0.000731664
0.000790685;0.000510466
0.000557521;0.000352596
0.000389366;0.000241127
0.000269336;0.000163257
0.00018453;0.000109434
0.000125222;7.2626e-05
--- compute equation at time : 1.8 ---
-- at x_i = 0
-- at x_i = 0.1
-- at x_i = 0.2
-- at x_i = 0.3
-- at x_i = 0.4
-- at x_i = 0.5
-- at x_i = 0.6
-- at x_i = 0.7
-- at x_i = 0.8
-- at x_i = 0.9
-- at x_i = 1
-- at x_i = 1.1
-- at x_i = 1.2
-- at x_i = 1.3
-- at x_i = 1.4
-- at x_i = 1.5
-- at x_i = 1.6
-- at x_i = 1.7
-- at x_i = 1.8
-- at x_i = 1.9
-- at x_i = 2
-- at x_i = 2.1
-- at x_i = 2.2
-- at x_i = 2.3
-- at x_i = 2.4
-- at x_i = 2.5
-- at x_i = 2.6
-- at x_i = 2.7
-- at x_i = 2.8
-- at x_i = 2.9
-- at x_i = 3
-- at x_i = 3.1
-- at x_i = 3.2
-- at x_i = 3.3
-- at x_i = 3.4
-- at x_i = 3.5
-- at x_i = 3.6
-- at x_i = 3.7
-- at x_i = 3.8
-- at x_i = 3.9
-- at x_i = 4
-- at x_i = 4.1
-- at x_i = 4.2
-- at x_i = 4.3
-- at x_i = 4.4
-- at x_i = 4.5
-- at x_i = 4.6
-- at x_i = 4.7
-- at x_i = 4.8
-- at x_i = 4.9
-- at x_i = 5
-- at x_i = 5.1
-- at x_i = 5.2
-- at x_i = 5.3
-- at x_i = 5.4
-- at x_i = 5.5
-- at x_i = 5.6
-- at x_i = 5.7
-- at x_i = 5.8
-- at x_i = 5.9
-- at x_i = 6
-- at x_i = 6.1
-- at x_i = 6.2
-- at x_i = 6.3
-- at x_i = 6.4
-- at x_i = 6.5
-- at x_i = 6.6
-- at x_i = 6.7
-- at x_i = 6.8
-- at x_i = 6.9
-- at x_i = 7
-- at x_i = 7.1
-- at x_i = 7.2
-- at x_i = 7.3
-- at x_i = 7.4
-- at x_i = 7.5
-- at x_i = 7.6
-- at x_i = 7.7
-- at x_i = 7.79999
-- at x_i = 7.89999
-- at x_i = 7.99999
-- at x_i = 8.09999
-- at x_i = 8.2
-- at x_i = 8.3
-- at x_i = 8.4
-- at x_i = 8.5
-- at x_i = 8.6
-- at x_i = 8.7
-- at x_i = 8.8
-- at x_i = 8.9
-- at x_i = 9
-- at x_i = 9.1
-- at x_i = 9.2
-- at x_i = 9.3
-- at x_i = 9.4
-- at x_i = 9.5
-- at x_i = 9.6
-- at x_i = 9.7
-- at x_i = 9.8
-- at x_i = 9.9
Upwind;sol exacte
-2.00656e-08;1.10158e-08
-1.47379e-07;1.97732e-08
-1.27308e-07;3.51395e-08
2.01896e-08;6.18261e-08
1.48669e-07;1.07698e-07
1.35926e-07;1.85736e-07
2.14621e-08;3.17135e-07
7.1331e-09;5.36103e-07
3.36025e-07;8.97242e-07
1.17744e-06;1.48672e-06
2.62545e-06;2.43896e-06
4.80473e-06;3.9613e-06
7.9987e-06;6.36982e-06
1.27364e-05;1.01409e-05
1.98469e-05;1.59837e-05
3.05309e-05;2.49425e-05
4.64859e-05;3.85352e-05
7.0097e-05;5.8943e-05
0.000104693;8.92617e-05
0.000154876;0.00013383
0.000226933;0.000198655
0.000329351;0.000291947
0.000473444;0.00042478
0.000674103;0.000611902
0.000950677;0.000872683
0.00132797;0.00123222
0.00183736;0.00172257
0.00251796;0.00238409
0.00341785;0.00326682
0.00459524;0.00443185
0.00611947;0.00595253
0.00807179;0.00791545
0.0105457;0.0104209
0.0136469;0.013583
0.0174922;0.0175283
0.0222078;0.0223945
0.0279267;0.028327
0.0347844;0.0354746
0.0429143;0.0439836
0.0524412;0.053991
0.0634739;0.0656158
0.0760975;0.0789501
0.0903647;0.0940491
0.106287;0.110921
0.123827;0.129518
0.142891;0.149727
0.163322;0.171369
0.184902;0.194186
0.207343;0.217852
0.2303;0.241971
0.253367;0.266085
0.276097;0.289692
0.298007;0.312254
0.3186;0.333225
0.33738;0.352065
0.353873;0.36827
0.367646;0.381388
0.378326;0.391043
0.385618;0.396953
0.389317;0.398942
0.389317;0.396953
0.385618;0.391043
0.378326;0.381388
0.367646;0.36827
0.353873;0.352065
0.33738;0.333225
0.3186;0.312254
0.298007;0.289692
0.276097;0.266085
0.253367;0.241971
0.230299;0.217852
0.207343;0.194186
0.184902;0.171369
0.163322;0.149727
0.142891;0.129518
0.123827;0.110921
0.106287;0.0940491
0.0903647;0.0789501
0.0760975;0.0656158
0.0634739;0.053991
0.0524412;0.0439836
0.0429143;0.0354746
0.0347844;0.0283271
0.0279267;0.0223945
0.0222078;0.0175283
0.0174922;0.013583
0.0136469;0.0104209
0.0105457;0.00791546
0.00807179;0.00595253
0.00611947;0.00443185
0.00459524;0.00326682
0.00341785;0.00238409
0.00251796;0.00172257
0.00183736;0.00123222
0.00132797;0.000872683
0.000950677;0.000611903
0.000674103;0.000424781
0.000473444;0.000291948
0.000329351;0.000198656
0.000226933;0.00013383
0.000154876;8.92619e-05
--- compute equation at time : 1.9 ---
-- at x_i = 0
-- at x_i = 0.1
-- at x_i = 0.2
-- at x_i = 0.3
-- at x_i = 0.4
-- at x_i = 0.5
-- at x_i = 0.6
-- at x_i = 0.7
-- at x_i = 0.8
-- at x_i = 0.9
-- at x_i = 1
-- at x_i = 1.1
-- at x_i = 1.2
-- at x_i = 1.3
-- at x_i = 1.4
-- at x_i = 1.5
-- at x_i = 1.6
-- at x_i = 1.7
-- at x_i = 1.8
-- at x_i = 1.9
-- at x_i = 2
-- at x_i = 2.1
-- at x_i = 2.2
-- at x_i = 2.3
-- at x_i = 2.4
-- at x_i = 2.5
-- at x_i = 2.6
-- at x_i = 2.7
-- at x_i = 2.8
-- at x_i = 2.9
-- at x_i = 3
-- at x_i = 3.1
-- at x_i = 3.2
-- at x_i = 3.3
-- at x_i = 3.4
-- at x_i = 3.5
-- at x_i = 3.6
-- at x_i = 3.7
-- at x_i = 3.8
-- at x_i = 3.9
-- at x_i = 4
-- at x_i = 4.1
-- at x_i = 4.2
-- at x_i = 4.3
-- at x_i = 4.4
-- at x_i = 4.5
-- at x_i = 4.6
-- at x_i = 4.7
-- at x_i = 4.8
-- at x_i = 4.9
-- at x_i = 5
-- at x_i = 5.1
-- at x_i = 5.2
-- at x_i = 5.3
-- at x_i = 5.4
-- at x_i = 5.5
-- at x_i = 5.6
-- at x_i = 5.7
-- at x_i = 5.8
-- at x_i = 5.9
-- at x_i = 6
-- at x_i = 6.1
-- at x_i = 6.2
-- at x_i = 6.3
-- at x_i = 6.4
-- at x_i = 6.5
-- at x_i = 6.6
-- at x_i = 6.7
-- at x_i = 6.8
-- at x_i = 6.9
-- at x_i = 7
-- at x_i = 7.1
-- at x_i = 7.2
-- at x_i = 7.3
-- at x_i = 7.4
-- at x_i = 7.5
-- at x_i = 7.6
-- at x_i = 7.7
-- at x_i = 7.79999
-- at x_i = 7.89999
-- at x_i = 7.99999
-- at x_i = 8.09999
-- at x_i = 8.2
-- at x_i = 8.3
-- at x_i = 8.4
-- at x_i = 8.5
-- at x_i = 8.6
-- at x_i = 8.7
-- at x_i = 8.8
-- at x_i = 8.9
-- at x_i = 9
-- at x_i = 9.1
-- at x_i = 9.2
-- at x_i = 9.3
-- at x_i = 9.4
-- at x_i = 9.5
-- at x_i = 9.6
-- at x_i = 9.7
-- at x_i = 9.8
-- at x_i = 9.9
Upwind;sol exacte
5.3624e-08;8.19132e-09
-8.37224e-08;1.4777e-08
-1.37344e-07;2.63924e-08
-5.35591e-08;4.66688e-08
8.44295e-08;8.17018e-08
1.42297e-07;1.4161e-07
7.86939e-08;2.43003e-07
1.42976e-08;4.12847e-07
1.71579e-07;6.9442e-07
7.56735e-07;1.15641e-06
1.90145e-06;1.9066e-06
3.71509e-06;3.11217e-06
6.40172e-06;5.02951e-06
1.03675e-05;8.04718e-06
1.62916e-05;1.27473e-05
2.51889e-05;1.99918e-05
3.85084e-05;3.10414e-05
5.82915e-05;4.77186e-05
8.73952e-05;7.26259e-05
0.000129785;0.000109434
0.000190905;0.000163256
0.000278142;0.000241127
0.000401398;0.000352596
0.000573774;0.000510465
0.00081239;0.000731664
0.00113932;0.00103828
0.00158267;0.00145873
0.00217766;0.00202905
0.00296791;0.00279426
0.00400655;0.00380976
0.00535735;0.00514264
0.00709563;0.00687277
0.00930876;0.00909356
0.0120963;0.0119122
0.0155696;0.0154493
0.01985;0.0198373
0.0250673;0.0252182
0.0313556;0.0317397
0.0388494;0.03955
0.0476777;0.048792
0.0579575;0.0595947
0.0697857;0.0720648
0.0832311;0.0862773
0.0983259;0.102265
0.115057;0.120009
0.133359;0.139431
0.153106;0.160383
0.174112;0.182649
0.196122;0.205936
0.218821;0.229882
0.241833;0.254059
0.264732;0.277985
0.287052;0.301137
0.308303;0.322972
0.32799;0.342944
0.345627;0.360527
0.360759;0.37524
0.372986;0.386668
0.381972;0.394479
0.387467;0.398444
0.389317;0.398444
0.387467;0.394479
0.381972;0.386668
0.372986;0.37524
0.360759;0.360527
0.345626;0.342944
0.32799;0.322972
0.308303;0.301137
0.287052;0.277985
0.264732;0.254059
0.241833;0.229882
0.218821;0.205936
0.196122;0.182649
0.174112;0.160383
0.153106;0.139431
0.133359;0.120009
0.115057;0.102265
0.0983259;0.0862773
0.0832311;0.0720649
0.0697857;0.0595947
0.0579575;0.048792
0.0476777;0.03955
0.0388494;0.0317397
0.0313555;0.0252182
0.0250673;0.0198373
0.01985;0.0154494
0.0155696;0.0119122
0.0120963;0.00909357
0.00930876;0.00687277
0.00709563;0.00514264
0.00535735;0.00380976
0.00400655;0.00279425
0.0029679;0.00202905
0.00217766;0.00145873
0.00158266;0.00103828
0.00113932;0.000731664
0.00081239;0.000510464
0.000573773;0.000352596
0.000401397;0.000241126
0.000278142;0.000163256
0.000190905;0.000109434
[       OK ] UnitaryTest.ProblemTest (53 ms)
[----------] 1 test from UnitaryTest (53 ms total)

[----------] Global test environment tear-down
[==========] 1 test from 1 test suite ran. (53 ms total)
[  PASSED  ] 1 test.
<end of output>
Test time =   0.07 sec
----------------------------------------------------------
Test Passed.
"UnitaryTest.ProblemTest" end time: Dec 01 03:32 CET
"UnitaryTest.ProblemTest" time elapsed: 00:00:00
----------------------------------------------------------

3/4 Testing: UnitaryTest.EquationTest
3/4 Test: UnitaryTest.EquationTest
Command: "/Users/zhaoyutainazir/Prog Objet Oriente/build/test_exe" "--gtest_filter=UnitaryTest.EquationTest" "--gtest_also_run_disabled_tests"
Directory: /Users/zhaoyutainazir/Prog Objet Oriente/build
"UnitaryTest.EquationTest" start time: Dec 01 03:32 CET
Output:
----------------------------------------------------------
Running main() from /Users/zhaoyutainazir/googletest/googletest/src/gtest_main.cc
Note: Google Test filter = UnitaryTest.EquationTest
[==========] Running 1 test from 1 test suite.
[----------] Global test environment set-up.
[----------] 1 test from UnitaryTest
[ RUN      ] UnitaryTest.EquationTest
-- at x_i = 0
-- at x_i = 0.1
-- at x_i = 0.2
-- at x_i = 0.3
-- at x_i = 0.4
-- at x_i = 0.5
-- at x_i = 0.6
-- at x_i = 0.7
-- at x_i = 0.8
-- at x_i = 0.9
-- at x_i = 1
-- at x_i = 1.1
-- at x_i = 1.2
-- at x_i = 1.3
-- at x_i = 1.4
-- at x_i = 1.5
-- at x_i = 1.6
-- at x_i = 1.7
-- at x_i = 1.8
-- at x_i = 1.9
-- at x_i = 2
-- at x_i = 2.1
-- at x_i = 2.2
-- at x_i = 2.3
-- at x_i = 2.4
-- at x_i = 2.5
-- at x_i = 2.6
-- at x_i = 2.7
-- at x_i = 2.8
-- at x_i = 2.9
-- at x_i = 3
-- at x_i = 3.1
-- at x_i = 3.2
-- at x_i = 3.3
-- at x_i = 3.4
-- at x_i = 3.5
-- at x_i = 3.6
-- at x_i = 3.7
-- at x_i = 3.8
-- at x_i = 3.9
-- at x_i = 4
-- at x_i = 4.1
-- at x_i = 4.2
-- at x_i = 4.3
-- at x_i = 4.4
-- at x_i = 4.5
-- at x_i = 4.6
-- at x_i = 4.7
-- at x_i = 4.8
-- at x_i = 4.9
-- at x_i = 5
-- at x_i = 5.1
-- at x_i = 5.2
-- at x_i = 5.3
-- at x_i = 5.4
-- at x_i = 5.5
-- at x_i = 5.6
-- at x_i = 5.7
-- at x_i = 5.8
-- at x_i = 5.9
-- at x_i = 6
-- at x_i = 6.1
-- at x_i = 6.2
-- at x_i = 6.3
-- at x_i = 6.4
-- at x_i = 6.5
-- at x_i = 6.6
-- at x_i = 6.7
-- at x_i = 6.8
-- at x_i = 6.9
-- at x_i = 7
-- at x_i = 7.1
-- at x_i = 7.2
-- at x_i = 7.3
-- at x_i = 7.4
-- at x_i = 7.5
-- at x_i = 7.6
-- at x_i = 7.7
-- at x_i = 7.79999
-- at x_i = 7.89999
-- at x_i = 7.99999
-- at x_i = 8.09999
-- at x_i = 8.2
-- at x_i = 8.3
-- at x_i = 8.4
-- at x_i = 8.5
-- at x_i = 8.6
-- at x_i = 8.7
-- at x_i = 8.8
-- at x_i = 8.9
-- at x_i = 9
-- at x_i = 9.1
-- at x_i = 9.2
-- at x_i = 9.3
-- at x_i = 9.4
-- at x_i = 9.5
-- at x_i = 9.6
-- at x_i = 9.7
-- at x_i = 9.8
-- at x_i = 9.9
[       OK ] UnitaryTest.EquationTest (0 ms)
[----------] 1 test from UnitaryTest (0 ms total)

[----------] Global test environment tear-down
[==========] 1 test from 1 test suite ran. (0 ms total)
[  PASSED  ] 1 test.
<end of output>
Test time =   0.01 sec
----------------------------------------------------------
Test Passed.
"UnitaryTest.EquationTest" end time: Dec 01 03:32 CET
"UnitaryTest.EquationTest" time elapsed: 00:00:00
----------------------------------------------------------

4/4 Testing: UnitaryTest.VariableTest
4/4 Test: UnitaryTest.VariableTest
Command: "/Users/zhaoyutainazir/Prog Objet Oriente/build/test_exe" "--gtest_filter=UnitaryTest.VariableTest" "--gtest_also_run_disabled_tests"
Directory: /Users/zhaoyutainazir/Prog Objet Oriente/build
"UnitaryTest.VariableTest" start time: Dec 01 03:32 CET
Output:
----------------------------------------------------------
Running main() from /Users/zhaoyutainazir/googletest/googletest/src/gtest_main.cc
Note: Google Test filter = UnitaryTest.VariableTest
[==========] Running 1 test from 1 test suite.
[----------] Global test environment set-up.
[----------] 1 test from UnitaryTest
[ RUN      ] UnitaryTest.VariableTest
[       OK ] UnitaryTest.VariableTest (0 ms)
[----------] 1 test from UnitaryTest (0 ms total)

[----------] Global test environment tear-down
[==========] 1 test from 1 test suite ran. (0 ms total)
[  PASSED  ] 1 test.
<end of output>
Test time =   0.01 sec
----------------------------------------------------------
Test Passed.
"UnitaryTest.VariableTest" end time: Dec 01 03:32 CET
"UnitaryTest.VariableTest" time elapsed: 00:00:00
----------------------------------------------------------

End testing: Dec 01 03:32 CET
